#
# There is insufficient memory for the Java Runtime Environment to continue.
# Native memory allocation (malloc) failed to allocate 32744 bytes for ChunkPool::allocate
# Possible reasons:
#   The system is out of physical RAM or swap space
#   The process is running with CompressedOops enabled, and the Java Heap may be blocking the growth of the native heap
# Possible solutions:
#   Reduce memory load on the system
#   Increase physical memory or swap space
#   Check if swap backing store is full
#   Decrease Java heap size (-Xmx/-Xms)
#   Decrease number of Java threads
#   Decrease Java thread stack sizes (-Xss)
#   Set larger code cache with -XX:ReservedCodeCacheSize=
#   JVM is running with Unscaled Compressed Oops mode in which the Java heap is
#     placed in the first 4GB address space. The Java Heap base address is the
#     maximum limit for the native heap growth. Please use -XX:HeapBaseMinAddress
#     to set the Java Heap base and to place the Java Heap above 4GB virtual address.
# This output file may be truncated or incomplete.
#
#  Out of Memory Error (allocation.cpp:272), pid=1564, tid=0x0000000000000984
#
# JRE version: OpenJDK Runtime Environment (8.0_242-b01) (build 1.8.0_242-release-1644-b01)
# Java VM: OpenJDK 64-Bit Server VM (25.242-b01 mixed mode windows-amd64 compressed oops)
# Failed to write core dump. Minidumps are not enabled by default on client versions of Windows
#

---------------  T H R E A D  ---------------

Current thread (0x0000000019a33000):  JavaThread "C1 CompilerThread3" daemon [_thread_in_native, id=2436, stack(0x000000001a5f0000,0x000000001a6f0000)]

Stack: [0x000000001a5f0000,0x000000001a6f0000]
[error occurred during error reporting (printing stack bounds), id 0xc0000005]

Native frames: (J=compiled Java code, j=interpreted, Vv=VM code, C=native code)


Current CompileTask:
C1:    208  174       3       sun.nio.cs.UTF_8$Decoder::decode (779 bytes)


---------------  P R O C E S S  ---------------

Java Threads: ( => current thread )
  0x0000000019ac7800 JavaThread "Service Thread" daemon [_thread_blocked, id=3836, stack(0x000000001a6f0000,0x000000001a7f0000)]
=>0x0000000019a33000 JavaThread "C1 CompilerThread3" daemon [_thread_in_native, id=2436, stack(0x000000001a5f0000,0x000000001a6f0000)]
  0x0000000019a32800 JavaThread "C2 CompilerThread2" daemon [_thread_blocked, id=11184, stack(0x000000001a4f0000,0x000000001a5f0000)]
  0x0000000019a2b000 JavaThread "C2 CompilerThread1" daemon [_thread_blocked, id=10000, stack(0x000000001a3f0000,0x000000001a4f0000)]
  0x0000000019a25800 JavaThread "C2 CompilerThread0" daemon [_thread_blocked, id=13424, stack(0x000000001a2f0000,0x000000001a3f0000)]
  0x0000000019a1f000 JavaThread "Attach Listener" daemon [_thread_blocked, id=2892, stack(0x000000001a1f0000,0x000000001a2f0000)]
  0x0000000019a1e000 JavaThread "Signal Dispatcher" daemon [_thread_blocked, id=1848, stack(0x000000001a0f0000,0x000000001a1f0000)]
  0x0000000019a11800 JavaThread "Finalizer" daemon [_thread_blocked, id=9676, stack(0x0000000019ef0000,0x0000000019ff0000)]
  0x0000000002e48000 JavaThread "Reference Handler" daemon [_thread_blocked, id=12864, stack(0x0000000019df0000,0x0000000019ef0000)]
  0x0000000002d52800 JavaThread "main" [_thread_in_native, id=14164, stack(0x0000000002c40000,0x0000000002d40000)]

Other Threads:
  0x0000000017c06800 VMThread [stack: 0x00000000198f0000,0x00000000199f0000] [id=688]
  0x0000000019ac9800 WatcherThread [stack: 0x000000001a7f0000,0x000000001a8f0000] [id=13492]

VM state:not at safepoint (normal execution)

VM Mutex/Monitor currently owned by a thread: None

heap address: 0x0000000085400000, size: 1964 MB, Compressed Oops mode: 32-bit
Narrow klass base: 0x0000000000000000, Narrow klass shift: 3
Compressed class space size: 1073741824 Address: 0x0000000100000000

Heap:
 PSYoungGen      total 36864K, used 5089K [0x00000000d7180000, 0x00000000d9a80000, 0x0000000100000000)
  eden space 31744K, 16% used [0x00000000d7180000,0x00000000d7678620,0x00000000d9080000)
  from space 5120K, 0% used [0x00000000d9580000,0x00000000d9580000,0x00000000d9a80000)
  to   space 5120K, 0% used [0x00000000d9080000,0x00000000d9080000,0x00000000d9580000)
 ParOldGen       total 84992K, used 0K [0x0000000085400000, 0x000000008a700000, 0x00000000d7180000)
  object space 84992K, 0% used [0x0000000085400000,0x0000000085400000,0x000000008a700000)
 Metaspace       used 4625K, capacity 5016K, committed 5248K, reserved 1056768K
  class space    used 523K, capacity 568K, committed 640K, reserved 1048576K

Card table byte_map: [0x0000000012270000,0x0000000012650000] byte_map_base: 0x0000000011e46000

Marking Bits: (ParMarkBitMap*) 0x000000005dd5f030
 Begin Bits: [0x00000000130e0000, 0x0000000014f90000)
 End Bits:   [0x0000000014f90000, 0x0000000016e40000)

Polling page: 0x0000000001060000

CodeCache: size=245760Kb used=1426Kb max_used=1435Kb free=244333Kb
 bounds [0x0000000002eb0000, 0x0000000003120000, 0x0000000011eb0000]
 total_blobs=452 nmethods=175 adapters=191
 compilation: enabled

Compilation events (10 events):
Event: 0.185 Thread 0x0000000019a25800  171       4       java.lang.String::indexOf (7 bytes)
Event: 0.185 Thread 0x0000000019a33000 nmethod 168 0x000000000300f210 code [0x000000000300f5c0, 0x00000000030118f8]
Event: 0.186 Thread 0x0000000019a33000  169       3       java.util.WeakHashMap::maskNull (12 bytes)
Event: 0.186 Thread 0x0000000019a33000 nmethod 169 0x0000000003012a90 code [0x0000000003012be0, 0x0000000003012d70]
Event: 0.186 Thread 0x0000000019a33000  170       3       java.util.WeakHashMap::hash (28 bytes)
Event: 0.186 Thread 0x0000000019a33000 nmethod 170 0x0000000003012dd0 code [0x0000000003012f40, 0x0000000003013188]
Event: 0.186 Thread 0x0000000019a33000  172   !   3       java.util.zip.Inflater::inflate (113 bytes)
Event: 0.187 Thread 0x0000000019a33000 nmethod 172 0x0000000003013610 code [0x00000000030137c0, 0x0000000003013e38]
Event: 0.187 Thread 0x0000000019a25800 nmethod 171 0x0000000003016f10 code [0x0000000003017040, 0x0000000003017198]
Event: 0.187 Thread 0x0000000019a33000  174       3       sun.nio.cs.UTF_8$Decoder::decode (779 bytes)

GC Heap History (0 events):
No events

Deoptimization events (0 events):
No events

Classes redefined (0 events):
No events

Internal exceptions (8 events):
Event: 0.027 Thread 0x0000000002d52800 Exception <a 'java/lang/NoSuchMethodError': Method sun.misc.Unsafe.defineClass(Ljava/lang/String;[BII)Ljava/lang/Class; name or signature does not match> (0x00000000d7187cc8) thrown at [C:\src\AOSP-openjdk-git\hotspot\src\share\vm\prims\jni.cpp, line 4013
Event: 0.027 Thread 0x0000000002d52800 Exception <a 'java/lang/NoSuchMethodError': Method sun.misc.Unsafe.prefetchRead(Ljava/lang/Object;J)V name or signature does not match> (0x00000000d7187fb0) thrown at [C:\src\AOSP-openjdk-git\hotspot\src\share\vm\prims\jni.cpp, line 4013]
Event: 0.120 Thread 0x0000000002d52800 Exception <a 'java/security/PrivilegedActionException'> (0x00000000d7332400) thrown at [C:\src\AOSP-openjdk-git\hotspot\src\share\vm\prims\jvm.cpp, line 1502]
Event: 0.120 Thread 0x0000000002d52800 Exception <a 'java/security/PrivilegedActionException'> (0x00000000d7332610) thrown at [C:\src\AOSP-openjdk-git\hotspot\src\share\vm\prims\jvm.cpp, line 1502]
Event: 0.120 Thread 0x0000000002d52800 Exception <a 'java/security/PrivilegedActionException'> (0x00000000d7336218) thrown at [C:\src\AOSP-openjdk-git\hotspot\src\share\vm\prims\jvm.cpp, line 1502]
Event: 0.120 Thread 0x0000000002d52800 Exception <a 'java/security/PrivilegedActionException'> (0x00000000d7336428) thrown at [C:\src\AOSP-openjdk-git\hotspot\src\share\vm\prims\jvm.cpp, line 1502]
Event: 0.120 Thread 0x0000000002d52800 Exception <a 'java/security/PrivilegedActionException'> (0x00000000d7337960) thrown at [C:\src\AOSP-openjdk-git\hotspot\src\share\vm\prims\jvm.cpp, line 1502]
Event: 0.120 Thread 0x0000000002d52800 Exception <a 'java/security/PrivilegedActionException'> (0x00000000d7337b70) thrown at [C:\src\AOSP-openjdk-git\hotspot\src\share\vm\prims\jvm.cpp, line 1502]

Events (10 events):
Event: 0.196 loading class org/gradle/api/internal/classpath/DefaultModuleRegistry$2
Event: 0.196 loading class org/gradle/api/internal/classpath/DefaultModuleRegistry$2 done
Event: 0.198 loading class org/gradle/util/GUtil
Event: 0.198 loading class org/gradle/util/GUtil done
Event: 0.199 loading class org/gradle/internal/io/TextStream
Event: 0.199 loading class org/gradle/internal/io/TextStream done
Event: 0.199 loading class org/gradle/internal/io/LineBufferingOutputStream
Event: 0.199 loading class org/gradle/internal/io/LineBufferingOutputStream done
Event: 0.200 loading class org/gradle/api/Transformer
Event: 0.200 loading class org/gradle/api/Transformer done


Dynamic libraries:
0x00007ff7e50a0000 - 0x00007ff7e50d1000 	C:\Program Files\Android\Android Studio\jre\bin\java.exe
0x00007ffe20850000 - 0x00007ffe20a44000 	C:\WINDOWS\SYSTEM32\ntdll.dll
0x00007ffe20060000 - 0x00007ffe2011d000 	C:\WINDOWS\System32\KERNEL32.DLL
0x00007ffe1e0d0000 - 0x00007ffe1e397000 	C:\WINDOWS\System32\KERNELBASE.dll
0x00007ffe1e8c0000 - 0x00007ffe1e96a000 	C:\WINDOWS\System32\ADVAPI32.dll
0x00007ffe1ebd0000 - 0x00007ffe1ec6e000 	C:\WINDOWS\System32\msvcrt.dll
0x00007ffe20690000 - 0x00007ffe2072b000 	C:\WINDOWS\System32\sechost.dll
0x00007ffe1f730000 - 0x00007ffe1f853000 	C:\WINDOWS\System32\RPCRT4.dll
0x00007ffe1f530000 - 0x00007ffe1f6d0000 	C:\WINDOWS\System32\USER32.dll
0x00007ffe1e3a0000 - 0x00007ffe1e3c2000 	C:\WINDOWS\System32\win32u.dll
0x00007ffe20190000 - 0x00007ffe201ba000 	C:\WINDOWS\System32\GDI32.dll
0x00007ffe1e5d0000 - 0x00007ffe1e6da000 	C:\WINDOWS\System32\gdi32full.dll
0x00007ffe1e3d0000 - 0x00007ffe1e46d000 	C:\WINDOWS\System32\msvcp_win.dll
0x00007ffe1e470000 - 0x00007ffe1e570000 	C:\WINDOWS\System32\ucrtbase.dll
0x00007ffe0ad40000 - 0x00007ffe0afda000 	C:\WINDOWS\WinSxS\amd64_microsoft.windows.common-controls_6595b64144ccf1df_6.0.19041.1_none_b555e41d4684ddec\COMCTL32.dll
0x00007ffe204b0000 - 0x00007ffe204e0000 	C:\WINDOWS\System32\IMM32.DLL
0x000000005d3d0000 - 0x000000005d4a2000 	C:\Program Files\Android\Android Studio\jre\jre\bin\msvcr100.dll
0x000000005d590000 - 0x000000005dddb000 	C:\Program Files\Android\Android Studio\jre\jre\bin\server\jvm.dll
0x00007ffe1f860000 - 0x00007ffe1f868000 	C:\WINDOWS\System32\PSAPI.DLL
0x00007ffe15a40000 - 0x00007ffe15a4a000 	C:\WINDOWS\SYSTEM32\VERSION.dll
0x00007ffe0eff0000 - 0x00007ffe0f017000 	C:\WINDOWS\SYSTEM32\WINMM.dll
0x00007ffe0d650000 - 0x00007ffe0d659000 	C:\WINDOWS\SYSTEM32\WSOCK32.dll
0x00007ffe20120000 - 0x00007ffe2018b000 	C:\WINDOWS\System32\WS2_32.dll
0x00007ffe0d640000 - 0x00007ffe0d64f000 	C:\Program Files\Android\Android Studio\jre\jre\bin\verify.dll
0x00007ffdfe710000 - 0x00007ffdfe739000 	C:\Program Files\Android\Android Studio\jre\jre\bin\java.dll
0x00007ffdef650000 - 0x00007ffdef666000 	C:\Program Files\Android\Android Studio\jre\jre\bin\zip.dll
0x00007ffe1f920000 - 0x00007ffe20055000 	C:\WINDOWS\System32\SHELL32.dll
0x00007ffe1bd70000 - 0x00007ffe1c4ff000 	C:\WINDOWS\SYSTEM32\windows.storage.dll
0x00007ffe1f140000 - 0x00007ffe1f493000 	C:\WINDOWS\System32\combase.dll
0x00007ffe1da20000 - 0x00007ffe1da4b000 	C:\WINDOWS\SYSTEM32\Wldp.dll
0x00007ffe201c0000 - 0x00007ffe2026e000 	C:\WINDOWS\System32\SHCORE.dll
0x00007ffe1f6d0000 - 0x00007ffe1f725000 	C:\WINDOWS\System32\shlwapi.dll
0x00007ffe1dee0000 - 0x00007ffe1deff000 	C:\WINDOWS\SYSTEM32\profapi.dll
0x00007ffde05c0000 - 0x00007ffde05da000 	C:\Program Files\Android\Android Studio\jre\jre\bin\net.dll
0x00007ffe1d7a0000 - 0x00007ffe1d80a000 	C:\WINDOWS\system32\mswsock.dll
0x00007ffde0200000 - 0x00007ffde0213000 	C:\Program Files\Android\Android Studio\jre\jre\bin\nio.dll

VM Arguments:
jvm_args: -Dorg.gradle.appname=gradlew 
java_command: org.gradle.wrapper.GradleWrapperMain -q -Ptarget-platform=android-arm64 -Ptarget=D:\flutter_projects\uiux\lib\main.dart -Ptrack-widget-creation=true -Pfilesystem-scheme=org-dartlang-root -Pdart-defines=flutter.inspector.structuredErrors%3Dtrue assembleDebug
java_class_path (initial): D:\flutter_projects\uiux\android\\gradle\wrapper\gradle-wrapper.jar
Launcher Type: SUN_STANDARD

Environment Variables:
JAVA_HOME=C:\Program Files\Android\Android Studio\jre
CLASSPATH=D:\flutter_projects\uiux\android\\gradle\wrapper\gradle-wrapper.jar
PATH=C:\Program Files (x86)\Common Files\Oracle\Java\javapath;C:\Python27;C:\Program Files\Java\jdk-14.0.1;C:\WINDOWS\system32;C:\WINDOWS;C:\WINDOWS\System32\Wbem;C:\WINDOWS\System32\WindowsPowerShell\v1.0\;C:\WINDOWS\System32\OpenSSH\;C:\Program Files\Git\cmd;C:\Program Files\JAVA\jdk1.8.0_251\jre\bin;C:\Program Files\dotnet\;C:\Program Files\nodejs\;C:\Program Files (x86)\NVIDIA Corporation\PhysX\Common;C:\Program Files (x86)\Intel\Intel(R) Management Engine Components\DAL;C:\Program Files\Intel\Intel(R) Management Engine Components\DAL;%JDK_HOME%\bin;C:\sqlite3;C:\flutter\bin;C:\tools\dart-sdk\bin;C:\ProgramData\chocolatey\bin;C:\Program Files (x86)\Yarn\bin\;C:\WINDOWS\system32;C:\WINDOWS;C:\WINDOWS\System32\Wbem;C:\WINDOWS\System32\WindowsPowerShell\v1.0\;C:\WINDOWS\System32\OpenSSH\;C:\Program Files\JAVA\jdk1.8.0_251\jre\bin;C:\Users\surya\AppData\Local\Programs\Python\Python38-32\Scripts\;C:\Users\surya\AppData\Local\Programs\Python\Python38-32\;C:\Users\surya\AppData\Local\Microsoft\WindowsApps;C:\Users\surya\AppData\Local\Programs\Microsoft VS Code\bin;C:\Users\surya\AppData\Roaming\npm;C:\Python38\Scripts;C:\Python38;C:\flutter\bin;C:\Program Files\Java\jdk-14.0.1;C:\Program Files\Java\jdk-14.0.1\bin;C:\Users\surya\AppData\Local\GitHubDesktop\bin;C:\dart-sdk\bin;C:\tools\dart-sdk\bin;C:\Users\surya\AppData\Roaming\Pub\Cache\bin;C:\Users\surya\AppData\Local\Yarn\bin;C:\Users\surya\AppData\Local\Microsoft\WindowsApps;;C:\flutter\bin\mingit\cmd
USERNAME=surya
OS=Windows_NT
PROCESSOR_IDENTIFIER=Intel64 Family 6 Model 142 Stepping 10, GenuineIntel



---------------  S Y S T E M  ---------------

OS: Windows 10.0 , 64 bit Build 19041 (10.0.19041.292)

CPU:total 8 (initial active 8) (4 cores per cpu, 2 threads per core) family 6 model 142 stepping 10, cmov, cx8, fxsr, mmx, sse, sse2, sse3, ssse3, sse4.1, sse4.2, popcnt, avx, avx2, aes, clmul, erms, 3dnowpref, lzcnt, ht, tsc, tscinvbit, bmi1, bmi2, adx

Memory: 4k page, physical 8039312k(1140372k free), swap 9961360k(172252k free)

vm_info: OpenJDK 64-Bit Server VM (25.242-b01) for windows-amd64 JRE (1.8.0_242-release-1644-b01), built by "builder" with MS VC++ 10.0 (VS2010)

time: Sun Aug 09 02:28:58 2020
timezone: India Standard Time
elapsed time: 0 seconds (0d 0h 0m 0s)

