#
# There is insufficient memory for the Java Runtime Environment to continue.
# Native memory allocation (malloc) failed to allocate 1184 bytes for AllocateHeap
# Possible reasons:
#   The system is out of physical RAM or swap space
#   The process is running with CompressedOops enabled, and the Java Heap may be blocking the growth of the native heap
# Possible solutions:
#   Reduce memory load on the system
#   Increase physical memory or swap space
#   Check if swap backing store is full
#   Decrease Java heap size (-Xmx/-Xms)
#   Decrease number of Java threads
#   Decrease Java thread stack sizes (-Xss)
#   Set larger code cache with -XX:ReservedCodeCacheSize=
#   JVM is running with Unscaled Compressed Oops mode in which the Java heap is
#     placed in the first 4GB address space. The Java Heap base address is the
#     maximum limit for the native heap growth. Please use -XX:HeapBaseMinAddress
#     to set the Java Heap base and to place the Java Heap above 4GB virtual address.
# This output file may be truncated or incomplete.
#
#  Out of Memory Error (memory/allocation.inline.hpp:61), pid=6424, tid=0x00000000000027cc
#
# JRE version: OpenJDK Runtime Environment (8.0_242-b01) (build 1.8.0_242-release-1644-b01)
# Java VM: OpenJDK 64-Bit Server VM (25.242-b01 mixed mode windows-amd64 compressed oops)
# Failed to write core dump. Minidumps are not enabled by default on client versions of Windows
#

---------------  T H R E A D  ---------------

Current thread (0x00000000197c6800):  JavaThread "C1 CompilerThread3" daemon [_thread_in_vm, id=10188, stack(0x000000001a380000,0x000000001a480000)]

Stack: [0x000000001a380000,0x000000001a480000]
[error occurred during error reporting (printing stack bounds), id 0xc0000005]

Native frames: (J=compiled Java code, j=interpreted, Vv=VM code, C=native code)


Current CompileTask:
C1:  17216  946       3       org.gradle.internal.logging.text.AbstractLineChoppingStyledTextOutput$2::execute (73 bytes)


---------------  P R O C E S S  ---------------

Java Threads: ( => current thread )
  0x000000001b02d800 JavaThread "Forward input" [_thread_blocked, id=2460, stack(0x000000001c690000,0x000000001c790000)]
  0x000000001ae53000 JavaThread "DisconnectableInputStream source reader" daemon [_thread_in_native, id=32, stack(0x000000001c590000,0x000000001c690000)]
  0x000000001ad8d800 JavaThread "pool-1-thread-1" [_thread_blocked, id=1396, stack(0x000000001be50000,0x000000001bf50000)]
  0x000000001985c800 JavaThread "Service Thread" daemon [_thread_blocked, id=11572, stack(0x000000001a480000,0x000000001a580000)]
=>0x00000000197c6800 JavaThread "C1 CompilerThread3" daemon [_thread_in_vm, id=10188, stack(0x000000001a380000,0x000000001a480000)]
  0x00000000197c7800 JavaThread "C2 CompilerThread2" daemon [_thread_blocked, id=11144, stack(0x000000001a280000,0x000000001a380000)]
  0x00000000197c0800 JavaThread "C2 CompilerThread1" daemon [_thread_blocked, id=10464, stack(0x000000001a180000,0x000000001a280000)]
  0x00000000197b2800 JavaThread "C2 CompilerThread0" daemon [_thread_blocked, id=13048, stack(0x000000001a080000,0x000000001a180000)]
  0x00000000197b0000 JavaThread "Attach Listener" daemon [_thread_blocked, id=12268, stack(0x0000000019f80000,0x000000001a080000)]
  0x00000000197af000 JavaThread "Signal Dispatcher" daemon [_thread_blocked, id=6700, stack(0x0000000019e80000,0x0000000019f80000)]
  0x00000000197a0800 JavaThread "Finalizer" daemon [_thread_blocked, id=7764, stack(0x0000000019c80000,0x0000000019d80000)]
  0x00000000179bb800 JavaThread "Reference Handler" daemon [_thread_blocked, id=4012, stack(0x0000000019b80000,0x0000000019c80000)]
  0x0000000002b62800 JavaThread "main" [_thread_in_native, id=5088, stack(0x0000000002a50000,0x0000000002b50000)]

Other Threads:
  0x00000000179b7000 VMThread [stack: 0x0000000019680000,0x0000000019780000] [id=3580]
  0x000000001985e000 WatcherThread [stack: 0x000000001a580000,0x000000001a680000] [id=9800]

VM state:synchronizing (normal execution)

VM Mutex/Monitor currently owned by a thread:  ([mutex/lock_event])
[0x0000000002b5d640] CodeCache_lock - owner thread: 0x00000000197c6800
[0x0000000002b5df10] Threads_lock - owner thread: 0x00000000179b7000
[0x0000000002b61bd0] Compile_lock - owner thread: 0x00000000197c6800
[0x0000000002b61150] MethodCompileQueue_lock - owner thread: 0x00000000197c6800

heap address: 0x0000000085400000, size: 1964 MB, Compressed Oops mode: 32-bit
Narrow klass base: 0x0000000000000000, Narrow klass shift: 3
Compressed class space size: 1073741824 Address: 0x0000000100000000

Heap:
 PSYoungGen      total 36864K, used 12565K [0x00000000d7180000, 0x00000000d9a80000, 0x0000000100000000)
  eden space 31744K, 24% used [0x00000000d7180000,0x00000000d791bcb0,0x00000000d9080000)
  from space 5120K, 93% used [0x00000000d9080000,0x00000000d9529750,0x00000000d9580000)
  to   space 5120K, 0% used [0x00000000d9580000,0x00000000d9580000,0x00000000d9a80000)
 ParOldGen       total 84992K, used 16K [0x0000000085400000, 0x000000008a700000, 0x00000000d7180000)
  object space 84992K, 0% used [0x0000000085400000,0x0000000085404000,0x000000008a700000)
 Metaspace       used 10611K, capacity 10946K, committed 11264K, reserved 1058816K
  class space    used 1390K, capacity 1501K, committed 1536K, reserved 1048576K

Card table byte_map: [0x0000000012020000,0x0000000012400000] byte_map_base: 0x0000000011bf6000

Marking Bits: (ParMarkBitMap*) 0x0000000063d2f030
 Begin Bits: [0x0000000012e90000, 0x0000000014d40000)
 End Bits:   [0x0000000014d40000, 0x0000000016bf0000)

Polling page: 0x0000000000d60000

CodeCache: size=245760Kb used=3301Kb max_used=3301Kb free=242458Kb
 bounds [0x0000000002c60000, 0x0000000002fa0000, 0x0000000011c60000]
 total_blobs=1305 nmethods=945 adapters=273
 compilation: enabled

Compilation events (10 events):
Event: 17.123 Thread 0x00000000197c6800 nmethod 941 0x0000000002f97990 code [0x0000000002f97ae0, 0x0000000002f97c30]
Event: 17.123 Thread 0x00000000197c6800  942       3       org.gradle.internal.logging.text.AbstractLineChoppingStyledTextOutput$1::execute (9 bytes)
Event: 17.123 Thread 0x00000000197c6800 nmethod 942 0x0000000002f97cd0 code [0x0000000002f97e40, 0x0000000002f980a8]
Event: 17.123 Thread 0x00000000197c6800  943       3       org.gradle.internal.logging.text.AbstractLineChoppingStyledTextOutput$1::execute (130 bytes)
Event: 17.126 Thread 0x00000000197c6800 nmethod 943 0x0000000002f98190 code [0x0000000002f98400, 0x0000000002f99078]
Event: 17.126 Thread 0x00000000197c6800  944       3       org.gradle.internal.logging.text.AbstractLineChoppingStyledTextOutput::access$800 (4 bytes)
Event: 17.126 Thread 0x00000000197c6800 nmethod 944 0x0000000002f99650 code [0x0000000002f997a0, 0x0000000002f998d0]
Event: 17.126 Thread 0x00000000197c6800  945       3       org.gradle.internal.logging.text.AbstractLineChoppingStyledTextOutput$2::execute (9 bytes)
Event: 17.126 Thread 0x00000000197c6800 nmethod 945 0x0000000002f99950 code [0x0000000002f99ac0, 0x0000000002f99d28]
Event: 17.126 Thread 0x00000000197c6800  946       3       org.gradle.internal.logging.text.AbstractLineChoppingStyledTextOutput$2::execute (73 bytes)

GC Heap History (2 events):
Event: 2.172 GC heap before
{Heap before GC invocations=1 (full 0):
 PSYoungGen      total 36864K, used 31744K [0x00000000d7180000, 0x00000000d9a80000, 0x0000000100000000)
  eden space 31744K, 100% used [0x00000000d7180000,0x00000000d9080000,0x00000000d9080000)
  from space 5120K, 0% used [0x00000000d9580000,0x00000000d9580000,0x00000000d9a80000)
  to   space 5120K, 0% used [0x00000000d9080000,0x00000000d9080000,0x00000000d9580000)
 ParOldGen       total 84992K, used 0K [0x0000000085400000, 0x000000008a700000, 0x00000000d7180000)
  object space 84992K, 0% used [0x0000000085400000,0x0000000085400000,0x000000008a700000)
 Metaspace       used 8750K, capacity 9022K, committed 9216K, reserved 1056768K
  class space    used 1147K, capacity 1261K, committed 1280K, reserved 1048576K
Event: 2.177 GC heap after
Heap after GC invocations=1 (full 0):
 PSYoungGen      total 36864K, used 4773K [0x00000000d7180000, 0x00000000d9a80000, 0x0000000100000000)
  eden space 31744K, 0% used [0x00000000d7180000,0x00000000d7180000,0x00000000d9080000)
  from space 5120K, 93% used [0x00000000d9080000,0x00000000d9529750,0x00000000d9580000)
  to   space 5120K, 0% used [0x00000000d9580000,0x00000000d9580000,0x00000000d9a80000)
 ParOldGen       total 84992K, used 16K [0x0000000085400000, 0x000000008a700000, 0x00000000d7180000)
  object space 84992K, 0% used [0x0000000085400000,0x0000000085404000,0x000000008a700000)
 Metaspace       used 8750K, capacity 9022K, committed 9216K, reserved 1056768K
  class space    used 1147K, capacity 1261K, committed 1280K, reserved 1048576K
}

Deoptimization events (8 events):
Event: 1.664 Thread 0x0000000002b62800 Uncommon trap: reason=unstable_if action=reinterpret pc=0x0000000002dee580 method=java.util.regex.Matcher.reset()Ljava/util/regex/Matcher; @ 47
Event: 1.664 Thread 0x0000000002b62800 Uncommon trap: reason=class_check action=maybe_recompile pc=0x0000000002df9a4c method=java.util.regex.Matcher.match(II)Z @ 86
Event: 1.664 Thread 0x0000000002b62800 Uncommon trap: reason=class_check action=maybe_recompile pc=0x0000000002df9a4c method=java.util.regex.Matcher.match(II)Z @ 86
Event: 1.664 Thread 0x0000000002b62800 Uncommon trap: reason=class_check action=maybe_recompile pc=0x0000000002df9a4c method=java.util.regex.Matcher.match(II)Z @ 86
Event: 1.664 Thread 0x0000000002b62800 Uncommon trap: reason=class_check action=maybe_recompile pc=0x0000000002df9a4c method=java.util.regex.Matcher.match(II)Z @ 86
Event: 2.084 Thread 0x0000000002b62800 Uncommon trap: reason=unstable_if action=reinterpret pc=0x0000000002ec73e0 method=java.util.HashMap.hash(Ljava/lang/Object;)I @ 1
Event: 2.189 Thread 0x0000000002b62800 Uncommon trap: reason=unstable_if action=reinterpret pc=0x0000000002eb807c method=java.util.HashMap.getNode(ILjava/lang/Object;)Ljava/util/HashMap$Node; @ 129
Event: 2.189 Thread 0x0000000002b62800 Uncommon trap: reason=class_check action=maybe_recompile pc=0x0000000002ec41c0 method=java.util.HashMap.putVal(ILjava/lang/Object;Ljava/lang/Object;ZZ)Ljava/lang/Object; @ 203

Classes redefined (0 events):
No events

Internal exceptions (10 events):
Event: 2.084 Thread 0x0000000002b62800 Implicit null exception at 0x0000000002ec71d5 to 0x0000000002ec73d1
Event: 2.088 Thread 0x0000000002b62800 Exception <a 'java/lang/ArrayIndexOutOfBoundsException'> (0x00000000d8cc2d20) thrown at [C:\src\AOSP-openjdk-git\hotspot\src\share\vm\runtime\sharedRuntime.cpp, line 605]
Event: 2.089 Thread 0x0000000002b62800 Exception <a 'java/lang/ArrayIndexOutOfBoundsException'> (0x00000000d8cc7060) thrown at [C:\src\AOSP-openjdk-git\hotspot\src\share\vm\runtime\sharedRuntime.cpp, line 605]
Event: 2.103 Thread 0x0000000002b62800 Exception <a 'java/lang/ArrayIndexOutOfBoundsException'> (0x00000000d8d2b790) thrown at [C:\src\AOSP-openjdk-git\hotspot\src\share\vm\runtime\sharedRuntime.cpp, line 605]
Event: 2.104 Thread 0x0000000002b62800 Exception <a 'java/lang/ArrayIndexOutOfBoundsException'> (0x00000000d8d2cb58) thrown at [C:\src\AOSP-openjdk-git\hotspot\src\share\vm\runtime\sharedRuntime.cpp, line 605]
Event: 2.104 Thread 0x0000000002b62800 Exception <a 'java/lang/ArrayIndexOutOfBoundsException'> (0x00000000d8d2e1d8) thrown at [C:\src\AOSP-openjdk-git\hotspot\src\share\vm\runtime\sharedRuntime.cpp, line 605]
Event: 2.104 Thread 0x0000000002b62800 Exception <a 'java/lang/ArrayIndexOutOfBoundsException'> (0x00000000d8d2f308) thrown at [C:\src\AOSP-openjdk-git\hotspot\src\share\vm\runtime\sharedRuntime.cpp, line 605]
Event: 2.104 Thread 0x0000000002b62800 Exception <a 'java/lang/ArrayIndexOutOfBoundsException'> (0x00000000d8d32910) thrown at [C:\src\AOSP-openjdk-git\hotspot\src\share\vm\runtime\sharedRuntime.cpp, line 605]
Event: 2.151 Thread 0x0000000002b62800 Exception <a 'java/lang/NoSuchFieldError': method resolution failed> (0x00000000d8efdea8) thrown at [C:\src\AOSP-openjdk-git\hotspot\src\share\vm\prims\methodHandles.cpp, line 1167]
Event: 2.152 Thread 0x0000000002b62800 Exception <a 'java/lang/NoSuchFieldError': method resolution failed> (0x00000000d8f0b938) thrown at [C:\src\AOSP-openjdk-git\hotspot\src\share\vm\prims\methodHandles.cpp, line 1167]

Events (10 events):
Event: 5.715 loading class org/gradle/internal/serialize/ExceptionReplacingObjectInputStream$1
Event: 5.715 loading class org/gradle/internal/serialize/ExceptionReplacingObjectInputStream$1 done
Event: 5.716 loading class org/gradle/internal/logging/text/AbstractLineChoppingStyledTextOutput$StateContext
Event: 5.716 loading class org/gradle/internal/logging/text/AbstractLineChoppingStyledTextOutput$StateContext done
Event: 11.658 Thread 0x0000000002b62800 DEOPT PACKING pc=0x0000000002f5b056 sp=0x0000000002b4d3c0
Event: 11.658 Thread 0x0000000002b62800 DEOPT UNPACKING pc=0x0000000002ca75d0 sp=0x0000000002b4d0e0 mode 0
Event: 17.089 loading class org/gradle/internal/logging/events/StyledTextOutputEvent$Span
Event: 17.089 loading class org/gradle/internal/logging/events/StyledTextOutputEvent$Span done
Event: 17.090 loading class org/gradle/internal/logging/events/operations/StyledTextBuildOperationProgressDetails$Span
Event: 17.090 loading class org/gradle/internal/logging/events/operations/StyledTextBuildOperationProgressDetails$Span done


Dynamic libraries:
0x00007ff6d9850000 - 0x00007ff6d9881000 	C:\Program Files\Android\Android Studio\jre\bin\java.exe
0x00007ffb7ed10000 - 0x00007ffb7ef04000 	C:\WINDOWS\SYSTEM32\ntdll.dll
0x00007ffb7d090000 - 0x00007ffb7d14d000 	C:\WINDOWS\System32\KERNEL32.DLL
0x00007ffb7c9a0000 - 0x00007ffb7cc67000 	C:\WINDOWS\System32\KERNELBASE.dll
0x00007ffb7ce40000 - 0x00007ffb7ceea000 	C:\WINDOWS\System32\ADVAPI32.dll
0x00007ffb7d980000 - 0x00007ffb7da1e000 	C:\WINDOWS\System32\msvcrt.dll
0x00007ffb7e160000 - 0x00007ffb7e1fb000 	C:\WINDOWS\System32\sechost.dll
0x00007ffb7d3a0000 - 0x00007ffb7d4c3000 	C:\WINDOWS\System32\RPCRT4.dll
0x00007ffb7d530000 - 0x00007ffb7d6d0000 	C:\WINDOWS\System32\USER32.dll
0x00007ffb7c970000 - 0x00007ffb7c992000 	C:\WINDOWS\System32\win32u.dll
0x00007ffb7d500000 - 0x00007ffb7d52a000 	C:\WINDOWS\System32\GDI32.dll
0x00007ffb7cc70000 - 0x00007ffb7cd7a000 	C:\WINDOWS\System32\gdi32full.dll
0x00007ffb7c4c0000 - 0x00007ffb7c55d000 	C:\WINDOWS\System32\msvcp_win.dll
0x00007ffb7c7f0000 - 0x00007ffb7c8f0000 	C:\WINDOWS\System32\ucrtbase.dll
0x00007ffb68d70000 - 0x00007ffb6900a000 	C:\WINDOWS\WinSxS\amd64_microsoft.windows.common-controls_6595b64144ccf1df_6.0.19041.1_none_b555e41d4684ddec\COMCTL32.dll
0x00007ffb7d4d0000 - 0x00007ffb7d500000 	C:\WINDOWS\System32\IMM32.DLL
0x00000000633a0000 - 0x0000000063472000 	C:\Program Files\Android\Android Studio\jre\jre\bin\msvcr100.dll
0x0000000063560000 - 0x0000000063dab000 	C:\Program Files\Android\Android Studio\jre\jre\bin\server\jvm.dll
0x00007ffb7cda0000 - 0x00007ffb7cda8000 	C:\WINDOWS\System32\PSAPI.DLL
0x00007ffb77c80000 - 0x00007ffb77c89000 	C:\WINDOWS\SYSTEM32\WSOCK32.dll
0x00007ffb75aa0000 - 0x00007ffb75aaa000 	C:\WINDOWS\SYSTEM32\VERSION.dll
0x00007ffb7d910000 - 0x00007ffb7d97b000 	C:\WINDOWS\System32\WS2_32.dll
0x00007ffb6c9b0000 - 0x00007ffb6c9d7000 	C:\WINDOWS\SYSTEM32\WINMM.dll
0x00007ffb6c690000 - 0x00007ffb6c69f000 	C:\Program Files\Android\Android Studio\jre\jre\bin\verify.dll
0x00007ffb6c440000 - 0x00007ffb6c469000 	C:\Program Files\Android\Android Studio\jre\jre\bin\java.dll
0x00007ffb6ba80000 - 0x00007ffb6ba96000 	C:\Program Files\Android\Android Studio\jre\jre\bin\zip.dll
0x00007ffb7da20000 - 0x00007ffb7e155000 	C:\WINDOWS\System32\SHELL32.dll
0x00007ffb7a230000 - 0x00007ffb7a9bf000 	C:\WINDOWS\SYSTEM32\windows.storage.dll
0x00007ffb7e3f0000 - 0x00007ffb7e743000 	C:\WINDOWS\System32\combase.dll
0x00007ffb7bee0000 - 0x00007ffb7bf0b000 	C:\WINDOWS\SYSTEM32\Wldp.dll
0x00007ffb7e200000 - 0x00007ffb7e2ae000 	C:\WINDOWS\System32\SHCORE.dll
0x00007ffb7ec70000 - 0x00007ffb7ecc5000 	C:\WINDOWS\System32\shlwapi.dll
0x00007ffb7c3a0000 - 0x00007ffb7c3bf000 	C:\WINDOWS\SYSTEM32\profapi.dll
0x00007ffb6b420000 - 0x00007ffb6b43a000 	C:\Program Files\Android\Android Studio\jre\jre\bin\net.dll
0x00007ffb7bc60000 - 0x00007ffb7bcca000 	C:\WINDOWS\system32\mswsock.dll
0x00007ffb6b400000 - 0x00007ffb6b413000 	C:\Program Files\Android\Android Studio\jre\jre\bin\nio.dll
0x00007ffb6ada0000 - 0x00007ffb6adc6000 	C:\Users\surya\.gradle\native\30\windows-amd64\native-platform.dll
0x00007ffb6c5e0000 - 0x00007ffb6c5ed000 	C:\Program Files\Android\Android Studio\jre\jre\bin\management.dll
0x00007ffb7be30000 - 0x00007ffb7be48000 	C:\WINDOWS\SYSTEM32\CRYPTSP.dll
0x00007ffb7b580000 - 0x00007ffb7b5b4000 	C:\WINDOWS\system32\rsaenh.dll
0x00007ffb7c940000 - 0x00007ffb7c967000 	C:\WINDOWS\System32\bcrypt.dll
0x00007ffb7c360000 - 0x00007ffb7c38e000 	C:\WINDOWS\SYSTEM32\USERENV.dll
0x00007ffb7c610000 - 0x00007ffb7c68f000 	C:\WINDOWS\System32\bcryptprimitives.dll
0x00007ffb7be50000 - 0x00007ffb7be5c000 	C:\WINDOWS\SYSTEM32\CRYPTBASE.dll
0x00007ffb7b900000 - 0x00007ffb7b93b000 	C:\WINDOWS\SYSTEM32\IPHLPAPI.DLL
0x00007ffb7e3e0000 - 0x00007ffb7e3e9000 	C:\WINDOWS\System32\NSI.dll
0x00007ffb75030000 - 0x00007ffb75047000 	C:\WINDOWS\SYSTEM32\dhcpcsvc6.DLL
0x00007ffb75230000 - 0x00007ffb7524d000 	C:\WINDOWS\SYSTEM32\dhcpcsvc.DLL
0x00007ffb7b940000 - 0x00007ffb7ba0a000 	C:\WINDOWS\SYSTEM32\DNSAPI.dll

VM Arguments:
jvm_args: -Dorg.gradle.appname=gradlew 
java_command: org.gradle.wrapper.GradleWrapperMain -q -Ptarget-platform=android-arm64 -Ptarget=D:\flutter_projects\uiux\lib\main.dart -Ptrack-widget-creation=true -Pfilesystem-scheme=org-dartlang-root -Pdart-defines=flutter.inspector.structuredErrors%3Dtrue assembleDebug
java_class_path (initial): D:\flutter_projects\uiux\android\\gradle\wrapper\gradle-wrapper.jar
Launcher Type: SUN_STANDARD

Environment Variables:
JAVA_HOME=C:\Program Files\Android\Android Studio\jre
CLASSPATH=D:\flutter_projects\uiux\android\\gradle\wrapper\gradle-wrapper.jar
PATH=C:\Program Files (x86)\Common Files\Oracle\Java\javapath;C:\Python27;C:\Program Files\Java\jdk-14.0.1;C:\WINDOWS\system32;C:\WINDOWS;C:\WINDOWS\System32\Wbem;C:\WINDOWS\System32\WindowsPowerShell\v1.0\;C:\WINDOWS\System32\OpenSSH\;C:\Program Files\Git\cmd;C:\Program Files\JAVA\jdk1.8.0_251\jre\bin;C:\Program Files\dotnet\;C:\Program Files\nodejs\;C:\Program Files (x86)\NVIDIA Corporation\PhysX\Common;C:\Program Files (x86)\Intel\Intel(R) Management Engine Components\DAL;C:\Program Files\Intel\Intel(R) Management Engine Components\DAL;%JDK_HOME%\bin;C:\sqlite3;C:\flutter\bin;C:\tools\dart-sdk\bin;C:\ProgramData\chocolatey\bin;C:\Program Files (x86)\Yarn\bin\;C:\WINDOWS\system32;C:\WINDOWS;C:\WINDOWS\System32\Wbem;C:\WINDOWS\System32\WindowsPowerShell\v1.0\;C:\WINDOWS\System32\OpenSSH\;C:\Program Files\JAVA\jdk1.8.0_251\jre\bin;C:\Users\surya\AppData\Local\Programs\Python\Python38-32\Scripts\;C:\Users\surya\AppData\Local\Programs\Python\Python38-32\;C:\Users\surya\AppData\Local\Microsoft\WindowsApps;C:\Users\surya\AppData\Local\Programs\Microsoft VS Code\bin;C:\Users\surya\AppData\Roaming\npm;C:\Python38\Scripts;C:\Python38;C:\flutter\bin;C:\Program Files\Java\jdk-14.0.1;C:\Program Files\Java\jdk-14.0.1\bin;C:\Users\surya\AppData\Local\GitHubDesktop\bin;C:\dart-sdk\bin;C:\tools\dart-sdk\bin;C:\Users\surya\AppData\Roaming\Pub\Cache\bin;C:\Users\surya\AppData\Local\Yarn\bin;C:\Users\surya\AppData\Local\Microsoft\WindowsApps;;C:\flutter\bin\mingit\cmd
USERNAME=surya
OS=Windows_NT
PROCESSOR_IDENTIFIER=Intel64 Family 6 Model 142 Stepping 10, GenuineIntel



---------------  S Y S T E M  ---------------

OS: Windows 10.0 , 64 bit Build 19041 (10.0.19041.292)

CPU:total 8 (initial active 8) (4 cores per cpu, 2 threads per core) family 6 model 142 stepping 10, cmov, cx8, fxsr, mmx, sse, sse2, sse3, ssse3, sse4.1, sse4.2, popcnt, avx, avx2, aes, clmul, erms, 3dnowpref, lzcnt, ht, tsc, tscinvbit, bmi1, bmi2, adx

Memory: 4k page, physical 8039312k(1341272k free), swap 9961360k(168272k free)

vm_info: OpenJDK 64-Bit Server VM (25.242-b01) for windows-amd64 JRE (1.8.0_242-release-1644-b01), built by "builder" with MS VC++ 10.0 (VS2010)

time: Mon Aug 10 15:21:36 2020
timezone: India Standard Time
elapsed time: 17 seconds (0d 0h 0m 17s)

