#
# There is insufficient memory for the Java Runtime Environment to continue.
# Native memory allocation (malloc) failed to allocate 32744 bytes for ChunkPool::allocate
# Possible reasons:
#   The system is out of physical RAM or swap space
#   The process is running with CompressedOops enabled, and the Java Heap may be blocking the growth of the native heap
# Possible solutions:
#   Reduce memory load on the system
#   Increase physical memory or swap space
#   Check if swap backing store is full
#   Decrease Java heap size (-Xmx/-Xms)
#   Decrease number of Java threads
#   Decrease Java thread stack sizes (-Xss)
#   Set larger code cache with -XX:ReservedCodeCacheSize=
#   JVM is running with Unscaled Compressed Oops mode in which the Java heap is
#     placed in the first 4GB address space. The Java Heap base address is the
#     maximum limit for the native heap growth. Please use -XX:HeapBaseMinAddress
#     to set the Java Heap base and to place the Java Heap above 4GB virtual address.
# This output file may be truncated or incomplete.
#
#  Out of Memory Error (allocation.cpp:272), pid=9756, tid=0x0000000000000ff8
#
# JRE version: OpenJDK Runtime Environment (8.0_242-b01) (build 1.8.0_242-release-1644-b01)
# Java VM: OpenJDK 64-Bit Server VM (25.242-b01 mixed mode windows-amd64 compressed oops)
# Failed to write core dump. Minidumps are not enabled by default on client versions of Windows
#

---------------  T H R E A D  ---------------

Current thread (0x00000000185d8800):  JavaThread "C2 CompilerThread1" daemon [_thread_in_native, id=4088, stack(0x0000000018fa0000,0x00000000190a0000)]

Stack: [0x0000000018fa0000,0x00000000190a0000]
[error occurred during error reporting (printing stack bounds), id 0xc0000005]

Native frames: (J=compiled Java code, j=interpreted, Vv=VM code, C=native code)


Current CompileTask:
C2: 188213 11915       4       org.gradle.internal.io.LinePerThreadBufferingOutputStream::getStream (44 bytes)


---------------  P R O C E S S  ---------------

Java Threads: ( => current thread )
  0x0000000019ec8000 JavaThread "Exec process Thread 6" [_thread_in_native, id=9456, stack(0x0000000027f90000,0x0000000028090000)]
  0x0000000019ec7000 JavaThread "Exec process Thread 5" [_thread_in_native, id=2636, stack(0x0000000027e90000,0x0000000027f90000)]
  0x0000000019ec6800 JavaThread "Exec process Thread 4" [_thread_in_native, id=3272, stack(0x0000000027d90000,0x0000000027e90000)]
  0x0000000019ebd800 JavaThread "Cache worker for execution history cache (D:\flutter_projects\uiux\android\.gradle\5.6.2\executionHistory)" [_thread_blocked, id=4272, stack(0x0000000027c90000,0x0000000027d90000)]
  0x0000000019ebc800 JavaThread "Execution worker for ':' Thread 7" [_thread_blocked, id=2176, stack(0x0000000027990000,0x0000000027a90000)]
  0x0000000019ebf800 JavaThread "Execution worker for ':' Thread 6" [_thread_blocked, id=4104, stack(0x0000000027890000,0x0000000027990000)]
  0x0000000019ebc000 JavaThread "Execution worker for ':' Thread 5" [_thread_blocked, id=7924, stack(0x0000000027790000,0x0000000027890000)]
  0x0000000019ec2800 JavaThread "Execution worker for ':' Thread 4" [_thread_blocked, id=236, stack(0x0000000027690000,0x0000000027790000)]
  0x0000000019ebe000 JavaThread "Execution worker for ':' Thread 3" [_thread_blocked, id=5364, stack(0x0000000027130000,0x0000000027230000)]
  0x0000000019ebf000 JavaThread "Execution worker for ':' Thread 2" [_thread_blocked, id=13448, stack(0x0000000026de0000,0x0000000026ee0000)]
  0x0000000019ebb000 JavaThread "Execution worker for ':'" [_thread_blocked, id=6844, stack(0x0000000026ce0000,0x0000000026de0000)]
  0x0000000019eb9800 JavaThread "Cache worker for file content cache (D:\flutter_projects\uiux\android\.gradle\5.6.2\fileContent)" [_thread_blocked, id=11676, stack(0x0000000023950000,0x0000000023a50000)]
  0x00000000221bb000 JavaThread "Cache worker for Build Output Cleanup Cache (D:\flutter_projects\uiux\android\.gradle\buildOutputCleanup)" [_thread_blocked, id=11828, stack(0x0000000023250000,0x0000000023350000)]
  0x00000000221b8800 JavaThread "Build operations Thread 8" [_thread_blocked, id=14292, stack(0x0000000023150000,0x0000000023250000)]
  0x00000000221ba000 JavaThread "Build operations Thread 7" [_thread_blocked, id=7128, stack(0x0000000023050000,0x0000000023150000)]
  0x00000000221b6800 JavaThread "Build operations Thread 6" [_thread_blocked, id=11812, stack(0x0000000022f50000,0x0000000023050000)]
  0x00000000221bc800 JavaThread "Build operations Thread 5" [_thread_blocked, id=13052, stack(0x0000000022e50000,0x0000000022f50000)]
  0x00000000221bd000 JavaThread "Build operations Thread 4" [_thread_blocked, id=3708, stack(0x0000000022d50000,0x0000000022e50000)]
  0x00000000221bb800 JavaThread "Build operations Thread 3" [_thread_blocked, id=4344, stack(0x0000000022c50000,0x0000000022d50000)]
  0x00000000221b9800 JavaThread "Build operations Thread 2" [_thread_blocked, id=11860, stack(0x0000000021900000,0x0000000021a00000)]
  0x00000000221af000 JavaThread "Build operations" [_thread_blocked, id=1824, stack(0x000000001fc10000,0x000000001fd10000)]
  0x00000000221b5800 JavaThread "Cache worker for cache directory md-rule (C:\Users\surya\.gradle\caches\5.6.2\md-rule)" [_thread_blocked, id=8656, stack(0x000000001f830000,0x000000001f930000)]
  0x00000000221b0800 JavaThread "Cache worker for cache directory md-supplier (C:\Users\surya\.gradle\caches\5.6.2\md-supplier)" [_thread_blocked, id=6360, stack(0x000000001e690000,0x000000001e790000)]
  0x00000000221b3800 JavaThread "Cache worker for file hash cache (D:\flutter_projects\uiux\android\.gradle\5.6.2\fileHashes)" [_thread_blocked, id=1464, stack(0x000000001cbc0000,0x000000001ccc0000)]
  0x00000000221b4000 JavaThread "Thread-95" [_thread_blocked, id=5680, stack(0x000000001cac0000,0x000000001cbc0000)]
  0x00000000221b2800 JavaThread "Stdin handler" [_thread_blocked, id=11856, stack(0x000000001c9c0000,0x000000001cac0000)]
  0x00000000221b1000 JavaThread "Asynchronous log dispatcher for DefaultDaemonConnection: socket connection from /127.0.0.1:55377 to /127.0.0.1:55553" [_thread_blocked, id=14032, stack(0x000000001c6c0000,0x000000001c7c0000)]
  0x00000000221b2000 JavaThread "Daemon worker Thread 2" [_thread_blocked, id=2892, stack(0x000000001c5c0000,0x000000001c6c0000)]
  0x00000000221af800 JavaThread "Cancel handler" [_thread_blocked, id=6444, stack(0x0000000000d60000,0x0000000000e60000)]
  0x00000000221ae000 JavaThread "Handler for socket connection from /127.0.0.1:55377 to /127.0.0.1:55553" [_thread_in_native, id=13808, stack(0x0000000000c60000,0x0000000000d60000)]
  0x00000000221b5000 JavaThread "Daemon Thread 2" [_thread_blocked, id=13796, stack(0x0000000000b60000,0x0000000000c60000)]
  0x0000000019ec3800 JavaThread "Cache worker for file content cache (C:\Users\surya\.gradle\caches\5.6.2\fileContent)" [_thread_blocked, id=7016, stack(0x0000000024750000,0x0000000024850000)]
  0x0000000019ec1000 JavaThread "Memory manager" [_thread_blocked, id=3260, stack(0x0000000024450000,0x0000000024550000)]
  0x0000000019eba800 JavaThread "Cache worker for execution history cache (C:\Users\surya\.gradle\caches\5.6.2\executionHistory)" [_thread_blocked, id=8144, stack(0x0000000021800000,0x0000000021900000)]
  0x000000001b092000 JavaThread "Cache worker for journal cache (C:\Users\surya\.gradle\caches\journal-1)" [_thread_blocked, id=9008, stack(0x000000001d1c0000,0x000000001d2c0000)]
  0x000000001b096800 JavaThread "File lock request listener" [_thread_in_native, id=13592, stack(0x000000001d0c0000,0x000000001d1c0000)]
  0x000000001b238800 JavaThread "Cache worker for file hash cache (C:\Users\surya\.gradle\caches\5.6.2\fileHashes)" [_thread_blocked, id=11576, stack(0x000000001cfc0000,0x000000001d0c0000)]
  0x000000001af3d800 JavaThread "Daemon periodic checks" [_thread_blocked, id=8984, stack(0x000000001c4c0000,0x000000001c5c0000)]
  0x000000001af3c000 JavaThread "Incoming local TCP Connector on port 55377" [_thread_in_native, id=8476, stack(0x000000001c280000,0x000000001c380000)]
  0x000000001af0b800 JavaThread "Daemon health stats" [_thread_blocked, id=2172, stack(0x000000001bc40000,0x000000001bd40000)]
  0x0000000018668800 JavaThread "Service Thread" daemon [_thread_blocked, id=1712, stack(0x00000000192a0000,0x00000000193a0000)]
  0x00000000185e9800 JavaThread "C1 CompilerThread3" daemon [_thread_blocked, id=7536, stack(0x00000000191a0000,0x00000000192a0000)]
  0x00000000185db800 JavaThread "C2 CompilerThread2" daemon [_thread_in_native, id=1312, stack(0x00000000190a0000,0x00000000191a0000)]
=>0x00000000185d8800 JavaThread "C2 CompilerThread1" daemon [_thread_in_native, id=4088, stack(0x0000000018fa0000,0x00000000190a0000)]
  0x000000001678c800 JavaThread "C2 CompilerThread0" daemon [_thread_in_native, id=11924, stack(0x0000000018ea0000,0x0000000018fa0000)]
  0x000000001678a000 JavaThread "Attach Listener" daemon [_thread_blocked, id=14076, stack(0x0000000018da0000,0x0000000018ea0000)]
  0x00000000185d6000 JavaThread "Signal Dispatcher" daemon [_thread_blocked, id=8376, stack(0x0000000018ca0000,0x0000000018da0000)]
  0x00000000185c1000 JavaThread "Finalizer" daemon [_thread_blocked, id=6044, stack(0x0000000018aa0000,0x0000000018ba0000)]
  0x00000000029b7800 JavaThread "Reference Handler" daemon [_thread_blocked, id=1512, stack(0x00000000189a0000,0x0000000018aa0000)]
  0x00000000028c2800 JavaThread "main" [_thread_blocked, id=11552, stack(0x00000000027c0000,0x00000000028c0000)]

Other Threads:
  0x0000000016777000 VMThread [stack: 0x00000000184a0000,0x00000000185a0000] [id=12828]
  0x000000001866a800 WatcherThread [stack: 0x00000000193a0000,0x00000000194a0000] [id=1320]

VM state:not at safepoint (normal execution)

VM Mutex/Monitor currently owned by a thread: None

heap address: 0x00000000a0000000, size: 1536 MB, Compressed Oops mode: 32-bit
Narrow klass base: 0x0000000000000000, Narrow klass shift: 3
Compressed class space size: 1073741824 Address: 0x0000000100000000

Heap:
 PSYoungGen      total 295936K, used 173031K [0x00000000e0000000, 0x00000000f6380000, 0x0000000100000000)
  eden space 273408K, 56% used [0x00000000e0000000,0x00000000e96613e8,0x00000000f0b00000)
  from space 22528K, 84% used [0x00000000f0b00000,0x00000000f1d98ab0,0x00000000f2100000)
  to   space 24576K, 0% used [0x00000000f4b80000,0x00000000f4b80000,0x00000000f6380000)
 ParOldGen       total 118272K, used 59573K [0x00000000a0000000, 0x00000000a7380000, 0x00000000e0000000)
  object space 118272K, 50% used [0x00000000a0000000,0x00000000a3a2d520,0x00000000a7380000)
 Metaspace       used 69958K, capacity 73482K, committed 73640K, reserved 1112064K
  class space    used 9263K, capacity 10088K, committed 10152K, reserved 1048576K

Card table byte_map: [0x0000000011d80000,0x0000000012090000] byte_map_base: 0x0000000011880000

Marking Bits: (ParMarkBitMap*) 0x000000005dd5f030
 Begin Bits: [0x0000000012a90000, 0x0000000014290000)
 End Bits:   [0x0000000014290000, 0x0000000015a90000)

Polling page: 0x0000000000980000

CodeCache: size=245760Kb used=32968Kb max_used=32981Kb free=212791Kb
 bounds [0x00000000029c0000, 0x0000000004a30000, 0x00000000119c0000]
 total_blobs=11002 nmethods=10194 adapters=719
 compilation: enabled

Compilation events (10 events):
Event: 188.207 Thread 0x00000000185e9800 11921       3       org.gradle.internal.serialize.BaseSerializerFactory$EnumSerializer::write (10 bytes)
Event: 188.208 Thread 0x00000000185e9800 nmethod 11921 0x00000000049bf510 code [0x00000000049bf6a0, 0x00000000049bfac8]
Event: 188.208 Thread 0x00000000185e9800 11919       1       org.gradle.internal.logging.events.StyledTextOutputEvent$Span::getText (5 bytes)
Event: 188.208 Thread 0x00000000185e9800 nmethod 11919 0x00000000049bf250 code [0x00000000049bf3a0, 0x00000000049bf4b0]
Event: 188.208 Thread 0x00000000185e9800 11922       1       org.gradle.internal.logging.events.StyledTextOutputEvent::getSpans (5 bytes)
Event: 188.208 Thread 0x00000000185e9800 nmethod 11922 0x00000000049bef90 code [0x00000000049bf0e0, 0x00000000049bf1f0]
Event: 188.210 Thread 0x000000001678c800 nmethod 11912 0x00000000049f08d0 code [0x00000000049f0a60, 0x00000000049f0e38]
Event: 188.210 Thread 0x000000001678c800 11914       4       org.gradle.internal.io.LinePerThreadBufferingOutputStream::write (9 bytes)
Event: 188.211 Thread 0x00000000185d8800 nmethod 11909 0x00000000049bde90 code [0x00000000049be020, 0x00000000049be828]
Event: 188.211 Thread 0x00000000185d8800 11915       4       org.gradle.internal.io.LinePerThreadBufferingOutputStream::getStream (44 bytes)

GC Heap History (10 events):
Event: 11.802 GC heap before
{Heap before GC invocations=14 (full 2):
 PSYoungGen      total 175104K, used 175081K [0x00000000e0000000, 0x00000000ef500000, 0x0000000100000000)
  eden space 162816K, 100% used [0x00000000e0000000,0x00000000e9f00000,0x00000000e9f00000)
  from space 12288K, 99% used [0x00000000e9f00000,0x00000000eaafa640,0x00000000eab00000)
  to   space 16384K, 0% used [0x00000000ee500000,0x00000000ee500000,0x00000000ef500000)
 ParOldGen       total 72704K, used 22431K [0x00000000a0000000, 0x00000000a4700000, 0x00000000e0000000)
  object space 72704K, 30% used [0x00000000a0000000,0x00000000a15e7df0,0x00000000a4700000)
 Metaspace       used 55876K, capacity 57632K, committed 57768K, reserved 1099776K
  class space    used 7599K, capacity 8093K, committed 8104K, reserved 1048576K
Event: 11.821 GC heap after
Heap after GC invocations=14 (full 2):
 PSYoungGen      total 230912K, used 16283K [0x00000000e0000000, 0x00000000ef580000, 0x0000000100000000)
  eden space 214528K, 0% used [0x00000000e0000000,0x00000000e0000000,0x00000000ed180000)
  from space 16384K, 99% used [0x00000000ee500000,0x00000000ef4e6d70,0x00000000ef500000)
  to   space 18432K, 0% used [0x00000000ed180000,0x00000000ed180000,0x00000000ee380000)
 ParOldGen       total 72704K, used 31924K [0x00000000a0000000, 0x00000000a4700000, 0x00000000e0000000)
  object space 72704K, 43% used [0x00000000a0000000,0x00000000a1f2d2d8,0x00000000a4700000)
 Metaspace       used 55876K, capacity 57632K, committed 57768K, reserved 1099776K
  class space    used 7599K, capacity 8093K, committed 8104K, reserved 1048576K
}
Event: 12.502 GC heap before
{Heap before GC invocations=15 (full 2):
 PSYoungGen      total 230912K, used 76035K [0x00000000e0000000, 0x00000000ef580000, 0x0000000100000000)
  eden space 214528K, 27% used [0x00000000e0000000,0x00000000e3a5a0c0,0x00000000ed180000)
  from space 16384K, 99% used [0x00000000ee500000,0x00000000ef4e6d70,0x00000000ef500000)
  to   space 18432K, 0% used [0x00000000ed180000,0x00000000ed180000,0x00000000ee380000)
 ParOldGen       total 72704K, used 31924K [0x00000000a0000000, 0x00000000a4700000, 0x00000000e0000000)
  object space 72704K, 43% used [0x00000000a0000000,0x00000000a1f2d2d8,0x00000000a4700000)
 Metaspace       used 57121K, capacity 59098K, committed 59160K, reserved 1099776K
  class space    used 7786K, capacity 8315K, committed 8360K, reserved 1048576K
Event: 12.513 GC heap after
Heap after GC invocations=15 (full 2):
 PSYoungGen      total 232960K, used 5152K [0x00000000e0000000, 0x00000000f3700000, 0x0000000100000000)
  eden space 214528K, 0% used [0x00000000e0000000,0x00000000e0000000,0x00000000ed180000)
  from space 18432K, 27% used [0x00000000ed180000,0x00000000ed6882f8,0x00000000ee380000)
  to   space 17920K, 0% used [0x00000000f2580000,0x00000000f2580000,0x00000000f3700000)
 ParOldGen       total 72704K, used 41089K [0x00000000a0000000, 0x00000000a4700000, 0x00000000e0000000)
  object space 72704K, 56% used [0x00000000a0000000,0x00000000a28207d0,0x00000000a4700000)
 Metaspace       used 57121K, capacity 59098K, committed 59160K, reserved 1099776K
  class space    used 7786K, capacity 8315K, committed 8360K, reserved 1048576K
}
Event: 12.513 GC heap before
{Heap before GC invocations=16 (full 3):
 PSYoungGen      total 232960K, used 5152K [0x00000000e0000000, 0x00000000f3700000, 0x0000000100000000)
  eden space 214528K, 0% used [0x00000000e0000000,0x00000000e0000000,0x00000000ed180000)
  from space 18432K, 27% used [0x00000000ed180000,0x00000000ed6882f8,0x00000000ee380000)
  to   space 17920K, 0% used [0x00000000f2580000,0x00000000f2580000,0x00000000f3700000)
 ParOldGen       total 72704K, used 41089K [0x00000000a0000000, 0x00000000a4700000, 0x00000000e0000000)
  object space 72704K, 56% used [0x00000000a0000000,0x00000000a28207d0,0x00000000a4700000)
 Metaspace       used 57121K, capacity 59098K, committed 59160K, reserved 1099776K
  class space    used 7786K, capacity 8315K, committed 8360K, reserved 1048576K
Event: 12.728 GC heap after
Heap after GC invocations=16 (full 3):
 PSYoungGen      total 232960K, used 0K [0x00000000e0000000, 0x00000000f3700000, 0x0000000100000000)
  eden space 214528K, 0% used [0x00000000e0000000,0x00000000e0000000,0x00000000ed180000)
  from space 18432K, 0% used [0x00000000ed180000,0x00000000ed180000,0x00000000ee380000)
  to   space 17920K, 0% used [0x00000000f2580000,0x00000000f2580000,0x00000000f3700000)
 ParOldGen       total 118272K, used 38296K [0x00000000a0000000, 0x00000000a7380000, 0x00000000e0000000)
  object space 118272K, 32% used [0x00000000a0000000,0x00000000a2566300,0x00000000a7380000)
 Metaspace       used 57121K, capacity 59098K, committed 59160K, reserved 1099776K
  class space    used 7786K, capacity 8315K, committed 8360K, reserved 1048576K
}
Event: 15.623 GC heap before
{Heap before GC invocations=17 (full 3):
 PSYoungGen      total 232960K, used 214528K [0x00000000e0000000, 0x00000000f3700000, 0x0000000100000000)
  eden space 214528K, 100% used [0x00000000e0000000,0x00000000ed180000,0x00000000ed180000)
  from space 18432K, 0% used [0x00000000ed180000,0x00000000ed180000,0x00000000ee380000)
  to   space 17920K, 0% used [0x00000000f2580000,0x00000000f2580000,0x00000000f3700000)
 ParOldGen       total 118272K, used 38296K [0x00000000a0000000, 0x00000000a7380000, 0x00000000e0000000)
  object space 118272K, 32% used [0x00000000a0000000,0x00000000a2566300,0x00000000a7380000)
 Metaspace       used 64248K, capacity 67092K, committed 67240K, reserved 1107968K
  class space    used 8843K, capacity 9568K, committed 9640K, reserved 1048576K
Event: 15.637 GC heap after
Heap after GC invocations=17 (full 3):
 PSYoungGen      total 282112K, used 17889K [0x00000000e0000000, 0x00000000f3700000, 0x0000000100000000)
  eden space 264192K, 0% used [0x00000000e0000000,0x00000000e0000000,0x00000000f0200000)
  from space 17920K, 99% used [0x00000000f2580000,0x00000000f36f84c0,0x00000000f3700000)
  to   space 22528K, 0% used [0x00000000f0b00000,0x00000000f0b00000,0x00000000f2100000)
 ParOldGen       total 118272K, used 43457K [0x00000000a0000000, 0x00000000a7380000, 0x00000000e0000000)
  object space 118272K, 36% used [0x00000000a0000000,0x00000000a2a705d8,0x00000000a7380000)
 Metaspace       used 64248K, capacity 67092K, committed 67240K, reserved 1107968K
  class space    used 8843K, capacity 9568K, committed 9640K, reserved 1048576K
}
Event: 82.946 GC heap before
{Heap before GC invocations=18 (full 3):
 PSYoungGen      total 282112K, used 282081K [0x00000000e0000000, 0x00000000f3700000, 0x0000000100000000)
  eden space 264192K, 100% used [0x00000000e0000000,0x00000000f0200000,0x00000000f0200000)
  from space 17920K, 99% used [0x00000000f2580000,0x00000000f36f84c0,0x00000000f3700000)
  to   space 22528K, 0% used [0x00000000f0b00000,0x00000000f0b00000,0x00000000f2100000)
 ParOldGen       total 118272K, used 43457K [0x00000000a0000000, 0x00000000a7380000, 0x00000000e0000000)
  object space 118272K, 36% used [0x00000000a0000000,0x00000000a2a705d8,0x00000000a7380000)
 Metaspace       used 69314K, capacity 72610K, committed 72744K, reserved 1112064K
  class space    used 9226K, capacity 10022K, committed 10024K, reserved 1048576K
Event: 82.972 GC heap after
Heap after GC invocations=18 (full 3):
 PSYoungGen      total 295936K, used 19042K [0x00000000e0000000, 0x00000000f6380000, 0x0000000100000000)
  eden space 273408K, 0% used [0x00000000e0000000,0x00000000e0000000,0x00000000f0b00000)
  from space 22528K, 84% used [0x00000000f0b00000,0x00000000f1d98ab0,0x00000000f2100000)
  to   space 24576K, 0% used [0x00000000f4b80000,0x00000000f4b80000,0x00000000f6380000)
 ParOldGen       total 118272K, used 59573K [0x00000000a0000000, 0x00000000a7380000, 0x00000000e0000000)
  object space 118272K, 50% used [0x00000000a0000000,0x00000000a3a2d520,0x00000000a7380000)
 Metaspace       used 69314K, capacity 72610K, committed 72744K, reserved 1112064K
  class space    used 9226K, capacity 10022K, committed 10024K, reserved 1048576K
}

Deoptimization events (10 events):
Event: 65.489 Thread 0x0000000019ec4000 Uncommon trap: reason=unstable_if action=reinterpret pc=0x00000000041a45b8 method=java.util.concurrent.ConcurrentLinkedQueue.poll()Ljava/lang/Object; @ 25
Event: 65.489 Thread 0x0000000019ebc000 Uncommon trap: reason=unstable_if action=reinterpret pc=0x000000000419b458 method=java.util.concurrent.ConcurrentLinkedQueue.offer(Ljava/lang/Object;)Z @ 40
Event: 82.475 Thread 0x000000001afc9000 Uncommon trap: reason=class_check action=maybe_recompile pc=0x000000000402cde8 method=java.util.regex.Pattern$Loop.match(Ljava/util/regex/Matcher;ILjava/lang/CharSequence;)Z @ 139
Event: 82.476 Thread 0x000000001afc9000 Uncommon trap: reason=class_check action=maybe_recompile pc=0x000000000402cde8 method=java.util.regex.Pattern$Loop.match(Ljava/util/regex/Matcher;ILjava/lang/CharSequence;)Z @ 139
Event: 82.972 Thread 0x00000000029b7800 Uncommon trap: reason=unstable_if action=reinterpret pc=0x0000000003b0a2f8 method=java.lang.ref.Reference.tryHandlePending(Z)Z @ 20
Event: 83.028 Thread 0x00000000221b8800 Uncommon trap: reason=unstable_if action=reinterpret pc=0x0000000002d9a00c method=java.util.concurrent.ConcurrentHashMap.addCount(JI)V @ 97
Event: 83.045 Thread 0x00000000221b5800 Uncommon trap: reason=unstable_if action=reinterpret pc=0x00000000042a01e4 method=com.google.common.collect.MapMakerInternalMap$Segment.getEntry(Ljava/lang/Object;I)Lcom/google/common/collect/MapMakerInternalMap$InternalEntry; @ 40
Event: 83.046 Thread 0x00000000221b5800 Uncommon trap: reason=unstable_if action=reinterpret pc=0x000000000431d690 method=com.google.common.collect.MapMakerInternalMap$Segment.getEntry(Ljava/lang/Object;I)Lcom/google/common/collect/MapMakerInternalMap$InternalEntry; @ 40
Event: 83.080 Thread 0x000000001afc9000 Uncommon trap: reason=unstable_if action=reinterpret pc=0x00000000041e59a8 method=com.google.common.collect.MapMakerInternalMap$Segment.getEntry(Ljava/lang/Object;I)Lcom/google/common/collect/MapMakerInternalMap$InternalEntry; @ 40
Event: 83.080 Thread 0x00000000221b8800 Uncommon trap: reason=unstable_if action=reinterpret pc=0x00000000041e59a8 method=com.google.common.collect.MapMakerInternalMap$Segment.getEntry(Ljava/lang/Object;I)Lcom/google/common/collect/MapMakerInternalMap$InternalEntry; @ 40

Classes redefined (0 events):
No events

Internal exceptions (10 events):
Event: 65.127 Thread 0x000000001afc9000 Implicit null exception at 0x00000000043a2d4a to 0x00000000043a3011
Event: 71.586 Thread 0x0000000019ebe000 Exception <a 'java/lang/reflect/InvocationTargetException'> (0x00000000ea80f180) thrown at [C:\src\AOSP-openjdk-git\hotspot\src\share\vm\runtime\reflection.cpp, line 1092]
Event: 71.594 Thread 0x000000001afc9000 Exception <a 'sun/nio/fs/WindowsException'> (0x00000000e9751e90) thrown at [C:\src\AOSP-openjdk-git\hotspot\src\share\vm\prims\jni.cpp, line 710]
Event: 71.596 Thread 0x000000001afc9000 Exception <a 'sun/nio/fs/WindowsException'> (0x00000000e9753b88) thrown at [C:\src\AOSP-openjdk-git\hotspot\src\share\vm\prims\jni.cpp, line 710]
Event: 71.597 Thread 0x000000001afc9000 Exception <a 'sun/nio/fs/WindowsException'> (0x00000000e9755478) thrown at [C:\src\AOSP-openjdk-git\hotspot\src\share\vm\prims\jni.cpp, line 710]
Event: 83.045 Thread 0x00000000221b5800 Implicit null exception at 0x000000000429e094 to 0x00000000042a01bd
Event: 85.186 Thread 0x00000000221af000 Exception <a 'java/lang/reflect/InvocationTargetException'> (0x00000000e1e0e080) thrown at [C:\src\AOSP-openjdk-git\hotspot\src\share\vm\runtime\reflection.cpp, line 1092]
Event: 85.192 Thread 0x000000001afc9000 Exception <a 'sun/nio/fs/WindowsException'> (0x00000000e0200370) thrown at [C:\src\AOSP-openjdk-git\hotspot\src\share\vm\prims\jni.cpp, line 710]
Event: 85.192 Thread 0x000000001afc9000 Exception <a 'sun/nio/fs/WindowsException'> (0x00000000e0202068) thrown at [C:\src\AOSP-openjdk-git\hotspot\src\share\vm\prims\jni.cpp, line 710]
Event: 85.193 Thread 0x000000001afc9000 Exception <a 'sun/nio/fs/WindowsException'> (0x00000000e0203958) thrown at [C:\src\AOSP-openjdk-git\hotspot\src\share\vm\prims\jni.cpp, line 710]

Events (10 events):
Event: 186.275 loading class org/gradle/cache/internal/btree/FileBackedBlockStore$1
Event: 186.275 loading class org/gradle/cache/internal/btree/FileBackedBlockStore$1 done
Event: 186.281 Thread 0x0000000019ebd800 Thread added: 0x0000000019ebd800
Event: 186.289 Executing VM operation: RevokeBias
Event: 186.289 Executing VM operation: RevokeBias done
Event: 186.341 Thread 0x0000000019ec6800 Thread added: 0x0000000019ec6800
Event: 186.341 Executing VM operation: RevokeBias
Event: 186.341 Executing VM operation: RevokeBias done
Event: 186.345 Thread 0x0000000019ec7000 Thread added: 0x0000000019ec7000
Event: 186.345 Thread 0x0000000019ec8000 Thread added: 0x0000000019ec8000


Dynamic libraries:
0x00007ff7e50a0000 - 0x00007ff7e50d1000 	C:\Program Files\Android\Android Studio\jre\bin\java.exe
0x00007ffe20850000 - 0x00007ffe20a44000 	C:\WINDOWS\SYSTEM32\ntdll.dll
0x00007ffe20060000 - 0x00007ffe2011d000 	C:\WINDOWS\System32\KERNEL32.DLL
0x00007ffe1e0d0000 - 0x00007ffe1e397000 	C:\WINDOWS\System32\KERNELBASE.dll
0x00007ffe1e8c0000 - 0x00007ffe1e96a000 	C:\WINDOWS\System32\ADVAPI32.dll
0x00007ffe1ebd0000 - 0x00007ffe1ec6e000 	C:\WINDOWS\System32\msvcrt.dll
0x00007ffe20690000 - 0x00007ffe2072b000 	C:\WINDOWS\System32\sechost.dll
0x00007ffe1f730000 - 0x00007ffe1f853000 	C:\WINDOWS\System32\RPCRT4.dll
0x00007ffe1f530000 - 0x00007ffe1f6d0000 	C:\WINDOWS\System32\USER32.dll
0x00007ffe1e3a0000 - 0x00007ffe1e3c2000 	C:\WINDOWS\System32\win32u.dll
0x00007ffe20190000 - 0x00007ffe201ba000 	C:\WINDOWS\System32\GDI32.dll
0x00007ffe1e5d0000 - 0x00007ffe1e6da000 	C:\WINDOWS\System32\gdi32full.dll
0x00007ffe1e3d0000 - 0x00007ffe1e46d000 	C:\WINDOWS\System32\msvcp_win.dll
0x00007ffe1e470000 - 0x00007ffe1e570000 	C:\WINDOWS\System32\ucrtbase.dll
0x00007ffe0ad40000 - 0x00007ffe0afda000 	C:\WINDOWS\WinSxS\amd64_microsoft.windows.common-controls_6595b64144ccf1df_6.0.19041.1_none_b555e41d4684ddec\COMCTL32.dll
0x00007ffe204b0000 - 0x00007ffe204e0000 	C:\WINDOWS\System32\IMM32.DLL
0x000000005d3d0000 - 0x000000005d4a2000 	C:\Program Files\Android\Android Studio\jre\jre\bin\msvcr100.dll
0x000000005d590000 - 0x000000005dddb000 	C:\Program Files\Android\Android Studio\jre\jre\bin\server\jvm.dll
0x00007ffe1f860000 - 0x00007ffe1f868000 	C:\WINDOWS\System32\PSAPI.DLL
0x00007ffe0d650000 - 0x00007ffe0d659000 	C:\WINDOWS\SYSTEM32\WSOCK32.dll
0x00007ffe15a40000 - 0x00007ffe15a4a000 	C:\WINDOWS\SYSTEM32\VERSION.dll
0x00007ffe0eff0000 - 0x00007ffe0f017000 	C:\WINDOWS\SYSTEM32\WINMM.dll
0x00007ffe20120000 - 0x00007ffe2018b000 	C:\WINDOWS\System32\WS2_32.dll
0x00007ffe0d640000 - 0x00007ffe0d64f000 	C:\Program Files\Android\Android Studio\jre\jre\bin\verify.dll
0x00007ffdfe710000 - 0x00007ffdfe739000 	C:\Program Files\Android\Android Studio\jre\jre\bin\java.dll
0x00007ffdef650000 - 0x00007ffdef666000 	C:\Program Files\Android\Android Studio\jre\jre\bin\zip.dll
0x00007ffe1f920000 - 0x00007ffe20055000 	C:\WINDOWS\System32\SHELL32.dll
0x00007ffe1bd70000 - 0x00007ffe1c4ff000 	C:\WINDOWS\SYSTEM32\windows.storage.dll
0x00007ffe1f140000 - 0x00007ffe1f493000 	C:\WINDOWS\System32\combase.dll
0x00007ffe1da20000 - 0x00007ffe1da4b000 	C:\WINDOWS\SYSTEM32\Wldp.dll
0x00007ffe201c0000 - 0x00007ffe2026e000 	C:\WINDOWS\System32\SHCORE.dll
0x00007ffe1f6d0000 - 0x00007ffe1f725000 	C:\WINDOWS\System32\shlwapi.dll
0x00007ffe1dee0000 - 0x00007ffe1deff000 	C:\WINDOWS\SYSTEM32\profapi.dll
0x00007ffde05c0000 - 0x00007ffde05da000 	C:\Program Files\Android\Android Studio\jre\jre\bin\net.dll
0x00007ffe1d7a0000 - 0x00007ffe1d80a000 	C:\WINDOWS\system32\mswsock.dll
0x00007ffde0200000 - 0x00007ffde0213000 	C:\Program Files\Android\Android Studio\jre\jre\bin\nio.dll
0x00007ffe0e5d0000 - 0x00007ffe0e5f6000 	C:\Users\surya\.gradle\native\30\windows-amd64\native-platform.dll
0x00007ffdfe700000 - 0x00007ffdfe70d000 	C:\Program Files\Android\Android Studio\jre\jre\bin\management.dll
0x00007ffe1d970000 - 0x00007ffe1d988000 	C:\WINDOWS\SYSTEM32\CRYPTSP.dll
0x00007ffe1d0c0000 - 0x00007ffe1d0f4000 	C:\WINDOWS\system32\rsaenh.dll
0x00007ffe1dfa0000 - 0x00007ffe1dfc7000 	C:\WINDOWS\System32\bcrypt.dll
0x00007ffe1de60000 - 0x00007ffe1de8e000 	C:\WINDOWS\SYSTEM32\USERENV.dll
0x00007ffe1e6e0000 - 0x00007ffe1e75f000 	C:\WINDOWS\System32\bcryptprimitives.dll
0x00007ffe1d990000 - 0x00007ffe1d99c000 	C:\WINDOWS\SYSTEM32\CRYPTBASE.dll
0x00007ffe1d440000 - 0x00007ffe1d47b000 	C:\WINDOWS\SYSTEM32\IPHLPAPI.DLL
0x00007ffe204a0000 - 0x00007ffe204a9000 	C:\WINDOWS\System32\NSI.dll
0x00007ffe17670000 - 0x00007ffe17687000 	C:\WINDOWS\SYSTEM32\dhcpcsvc6.DLL
0x00007ffe186c0000 - 0x00007ffe186dd000 	C:\WINDOWS\SYSTEM32\dhcpcsvc.DLL
0x00007ffe1d4d0000 - 0x00007ffe1d59a000 	C:\WINDOWS\SYSTEM32\DNSAPI.dll

VM Arguments:
jvm_args: -Xmx1536M -Dfile.encoding=windows-1252 -Duser.country=IN -Duser.language=en -Duser.variant 
java_command: org.gradle.launcher.daemon.bootstrap.GradleDaemon 5.6.2
java_class_path (initial): C:\Users\surya\.gradle\wrapper\dists\gradle-5.6.2-all\9st6wgf78h16so49nn74lgtbb\gradle-5.6.2\lib\gradle-launcher-5.6.2.jar
Launcher Type: SUN_STANDARD

Environment Variables:
JAVA_HOME=C:\Program Files\Android\Android Studio\jre
CLASSPATH=D:\flutter_projects\uiux\android\\gradle\wrapper\gradle-wrapper.jar
PATH=C:\Program Files (x86)\Common Files\Oracle\Java\javapath;C:\Python27;C:\Program Files\Java\jdk-14.0.1;C:\WINDOWS\system32;C:\WINDOWS;C:\WINDOWS\System32\Wbem;C:\WINDOWS\System32\WindowsPowerShell\v1.0\;C:\WINDOWS\System32\OpenSSH\;C:\Program Files\Git\cmd;C:\Program Files\JAVA\jdk1.8.0_251\jre\bin;C:\Program Files\dotnet\;C:\Program Files\nodejs\;C:\Program Files (x86)\NVIDIA Corporation\PhysX\Common;C:\Program Files (x86)\Intel\Intel(R) Management Engine Components\DAL;C:\Program Files\Intel\Intel(R) Management Engine Components\DAL;%JDK_HOME%\bin;C:\sqlite3;C:\flutter\bin;C:\tools\dart-sdk\bin;C:\ProgramData\chocolatey\bin;C:\Program Files (x86)\Yarn\bin\;C:\WINDOWS\system32;C:\WINDOWS;C:\WINDOWS\System32\Wbem;C:\WINDOWS\System32\WindowsPowerShell\v1.0\;C:\WINDOWS\System32\OpenSSH\;C:\Program Files\JAVA\jdk1.8.0_251\jre\bin;C:\Users\surya\AppData\Local\Programs\Python\Python38-32\Scripts\;C:\Users\surya\AppData\Local\Programs\Python\Python38-32\;C:\Users\surya\AppData\Local\Microsoft\WindowsApps;C:\Users\surya\AppData\Local\Programs\Microsoft VS Code\bin;C:\Users\surya\AppData\Roaming\npm;C:\Python38\Scripts;C:\Python38;C:\flutter\bin;C:\Program Files\Java\jdk-14.0.1;C:\Program Files\Java\jdk-14.0.1\bin;C:\Users\surya\AppData\Local\GitHubDesktop\bin;C:\dart-sdk\bin;C:\tools\dart-sdk\bin;C:\Users\surya\AppData\Roaming\Pub\Cache\bin;C:\Users\surya\AppData\Local\Yarn\bin;C:\Users\surya\AppData\Local\Microsoft\WindowsApps;;C:\flutter\bin\mingit\cmd
USERNAME=surya
OS=Windows_NT
PROCESSOR_IDENTIFIER=Intel64 Family 6 Model 142 Stepping 10, GenuineIntel



---------------  S Y S T E M  ---------------

OS: Windows 10.0 , 64 bit Build 19041 (10.0.19041.292)

CPU:total 8 (initial active 8) (4 cores per cpu, 2 threads per core) family 6 model 142 stepping 10, cmov, cx8, fxsr, mmx, sse, sse2, sse3, ssse3, sse4.1, sse4.2, popcnt, avx, avx2, aes, clmul, erms, 3dnowpref, lzcnt, ht, tsc, tscinvbit, bmi1, bmi2, adx

Memory: 4k page, physical 8039312k(1058776k free), swap 9961360k(2244k free)

vm_info: OpenJDK 64-Bit Server VM (25.242-b01) for windows-amd64 JRE (1.8.0_242-release-1644-b01), built by "builder" with MS VC++ 10.0 (VS2010)

time: Sun Aug 09 02:47:07 2020
timezone: India Standard Time
elapsed time: 188 seconds (0d 0h 3m 8s)

