#
# There is insufficient memory for the Java Runtime Environment to continue.
# Native memory allocation (malloc) failed to allocate 3272208 bytes for Chunk::new
# Possible reasons:
#   The system is out of physical RAM or swap space
#   The process is running with CompressedOops enabled, and the Java Heap may be blocking the growth of the native heap
# Possible solutions:
#   Reduce memory load on the system
#   Increase physical memory or swap space
#   Check if swap backing store is full
#   Decrease Java heap size (-Xmx/-Xms)
#   Decrease number of Java threads
#   Decrease Java thread stack sizes (-Xss)
#   Set larger code cache with -XX:ReservedCodeCacheSize=
#   JVM is running with Unscaled Compressed Oops mode in which the Java heap is
#     placed in the first 4GB address space. The Java Heap base address is the
#     maximum limit for the native heap growth. Please use -XX:HeapBaseMinAddress
#     to set the Java Heap base and to place the Java Heap above 4GB virtual address.
# This output file may be truncated or incomplete.
#
#  Out of Memory Error (allocation.cpp:389), pid=3852, tid=0x00000000000008e8
#
# JRE version: OpenJDK Runtime Environment (8.0_242-b01) (build 1.8.0_242-release-1644-b01)
# Java VM: OpenJDK 64-Bit Server VM (25.242-b01 mixed mode windows-amd64 compressed oops)
# Failed to write core dump. Minidumps are not enabled by default on client versions of Windows
#

---------------  T H R E A D  ---------------

Current thread (0x0000000018107000):  JavaThread "C2 CompilerThread1" daemon [_thread_in_native, id=2280, stack(0x0000000018ad0000,0x0000000018bd0000)]

Stack: [0x0000000018ad0000,0x0000000018bd0000]
[error occurred during error reporting (printing stack bounds), id 0xc0000005]

Native frames: (J=compiled Java code, j=interpreted, Vv=VM code, C=native code)


Current CompileTask:
C2:3632155 25808 %     4       org.objectweb.asm.ClassReader::readCode @ 1446 (3575 bytes)


---------------  P R O C E S S  ---------------

Java Threads: ( => current thread )
  0x00000000211bd000 JavaThread "Exec process Thread 15" [_thread_in_native, id=11176, stack(0x0000000027d20000,0x0000000027e20000)]
  0x00000000211bb800 JavaThread "Exec process Thread 14" [_thread_in_native, id=14100, stack(0x0000000027a20000,0x0000000027b20000)]
  0x00000000211be000 JavaThread "Exec process Thread 13" [_thread_in_native, id=1768, stack(0x0000000027560000,0x0000000027660000)]
  0x00000000211bc800 JavaThread "Cache worker for execution history cache (D:\flutter_projects\uiux\android\.gradle\5.6.2\executionHistory)" [_thread_blocked, id=9300, stack(0x0000000027460000,0x0000000027560000)]
  0x0000000019c86000 JavaThread "Execution worker for ':' Thread 7" [_thread_blocked, id=11468, stack(0x0000000027360000,0x0000000027460000)]
  0x0000000019c85000 JavaThread "Execution worker for ':' Thread 6" [_thread_blocked, id=5420, stack(0x0000000027260000,0x0000000027360000)]
  0x0000000019c84800 JavaThread "Execution worker for ':' Thread 5" [_thread_blocked, id=1840, stack(0x0000000027160000,0x0000000027260000)]
  0x0000000019c82000 JavaThread "Execution worker for ':' Thread 4" [_thread_blocked, id=7476, stack(0x0000000027060000,0x0000000027160000)]
  0x0000000019c83800 JavaThread "Execution worker for ':' Thread 3" [_thread_blocked, id=10796, stack(0x0000000026e50000,0x0000000026f50000)]
  0x0000000019c83000 JavaThread "Execution worker for ':' Thread 2" [_thread_blocked, id=14316, stack(0x0000000026d50000,0x0000000026e50000)]
  0x0000000019c81800 JavaThread "Execution worker for ':'" [_thread_blocked, id=13584, stack(0x0000000026c50000,0x0000000026d50000)]
  0x0000000019c79000 JavaThread "Cache worker for file content cache (D:\flutter_projects\uiux\android\.gradle\5.6.2\fileContent)" [_thread_blocked, id=3272, stack(0x0000000026900000,0x0000000026a00000)]
  0x0000000019c7a800 JavaThread "Cache worker for Build Output Cleanup Cache (D:\flutter_projects\uiux\android\.gradle\buildOutputCleanup)" [_thread_blocked, id=11640, stack(0x0000000026600000,0x0000000026700000)]
  0x0000000019c80000 JavaThread "Build operations Thread 8" [_thread_blocked, id=11328, stack(0x0000000022ed0000,0x0000000022fd0000)]
  0x0000000019c7d800 JavaThread "Build operations Thread 7" [_thread_blocked, id=13576, stack(0x0000000022bd0000,0x0000000022cd0000)]
  0x0000000019c7e800 JavaThread "Build operations Thread 6" [_thread_blocked, id=10968, stack(0x0000000022ad0000,0x0000000022bd0000)]
  0x0000000019c7d000 JavaThread "Build operations Thread 5" [_thread_blocked, id=12436, stack(0x00000000229d0000,0x0000000022ad0000)]
  0x0000000019c77800 JavaThread "Build operations Thread 4" [_thread_blocked, id=12240, stack(0x00000000228d0000,0x00000000229d0000)]
  0x0000000019c7c000 JavaThread "Build operations Thread 3" [_thread_blocked, id=3008, stack(0x00000000227d0000,0x00000000228d0000)]
  0x0000000019c7b800 JavaThread "Build operations Thread 2" [_thread_blocked, id=13108, stack(0x00000000226d0000,0x00000000227d0000)]
  0x000000001f9c7800 JavaThread "Build operations" [_thread_blocked, id=12528, stack(0x0000000020a30000,0x0000000020b30000)]
  0x000000001f9c3000 JavaThread "Cache worker for cache directory md-rule (C:\Users\surya\.gradle\caches\5.6.2\md-rule)" [_thread_blocked, id=3328, stack(0x000000001f490000,0x000000001f590000)]
  0x000000001f9c6800 JavaThread "Cache worker for cache directory md-supplier (C:\Users\surya\.gradle\caches\5.6.2\md-supplier)" [_thread_blocked, id=4848, stack(0x000000001f190000,0x000000001f290000)]
  0x000000001f9c4800 JavaThread "Cache worker for file hash cache (D:\flutter_projects\uiux\android\.gradle\5.6.2\fileHashes)" [_thread_blocked, id=4108, stack(0x000000001c6f0000,0x000000001c7f0000)]
  0x000000001f9c3800 JavaThread "Thread-180" [_thread_blocked, id=10344, stack(0x000000001c5f0000,0x000000001c6f0000)]
  0x000000001f9ba800 JavaThread "Stdin handler" [_thread_blocked, id=10708, stack(0x000000001c4f0000,0x000000001c5f0000)]
  0x000000001f9c0800 JavaThread "Asynchronous log dispatcher for DefaultDaemonConnection: socket connection from /127.0.0.1:55643 to /127.0.0.1:58406" [_thread_blocked, id=3840, stack(0x000000001c1f0000,0x000000001c2f0000)]
  0x000000001f9ba000 JavaThread "Daemon worker Thread 5" [_thread_blocked, id=7144, stack(0x000000001c0f0000,0x000000001c1f0000)]
  0x000000001f9bb800 JavaThread "Cancel handler" [_thread_blocked, id=9136, stack(0x00000000009a0000,0x0000000000aa0000)]
  0x000000001f9b8800 JavaThread "Handler for socket connection from /127.0.0.1:55643 to /127.0.0.1:58406" [_thread_in_native, id=13004, stack(0x00000000008a0000,0x00000000009a0000)]
  0x000000001f9bc000 JavaThread "Daemon Thread 5" [_thread_blocked, id=8080, stack(0x00000000007a0000,0x00000000008a0000)]
  0x000000001d8e1800 JavaThread "Cache worker for file content cache (C:\Users\surya\.gradle\caches\5.6.2\fileContent)" [_thread_blocked, id=13040, stack(0x0000000026500000,0x0000000026600000)]
  0x000000001d8df800 JavaThread "Memory manager" [_thread_blocked, id=10044, stack(0x0000000024c30000,0x0000000024d30000)]
  0x000000001d8db000 JavaThread "Cache worker for execution history cache (C:\Users\surya\.gradle\caches\5.6.2\executionHistory)" [_thread_blocked, id=11616, stack(0x0000000020d30000,0x0000000020e30000)]
  0x000000001996b000 JavaThread "Cache worker for journal cache (C:\Users\surya\.gradle\caches\journal-1)" [_thread_blocked, id=4832, stack(0x000000001ccf0000,0x000000001cdf0000)]
  0x000000001996f800 JavaThread "File lock request listener" [_thread_in_native, id=10460, stack(0x000000001cbf0000,0x000000001ccf0000)]
  0x00000000191d0800 JavaThread "Cache worker for file hash cache (C:\Users\surya\.gradle\caches\5.6.2\fileHashes)" [_thread_blocked, id=12772, stack(0x000000001caf0000,0x000000001cbf0000)]
  0x000000001a9bc800 JavaThread "Daemon periodic checks" [_thread_blocked, id=10040, stack(0x000000001bff0000,0x000000001c0f0000)]
  0x000000001a9c1000 JavaThread "Incoming local TCP Connector on port 55643" [_thread_in_native, id=7928, stack(0x000000001bdb0000,0x000000001beb0000)]
  0x00000000184c5000 JavaThread "Daemon health stats" [_thread_blocked, id=8964, stack(0x000000001b770000,0x000000001b870000)]
  0x0000000018145800 JavaThread "Service Thread" daemon [_thread_blocked, id=11936, stack(0x0000000018dd0000,0x0000000018ed0000)]
  0x0000000018118800 JavaThread "C1 CompilerThread3" daemon [_thread_blocked, id=5016, stack(0x0000000018cd0000,0x0000000018dd0000)]
  0x000000001810c000 JavaThread "C2 CompilerThread2" daemon [_thread_blocked, id=7176, stack(0x0000000018bd0000,0x0000000018cd0000)]
=>0x0000000018107000 JavaThread "C2 CompilerThread1" daemon [_thread_in_native, id=2280, stack(0x0000000018ad0000,0x0000000018bd0000)]
  0x0000000018103800 JavaThread "C2 CompilerThread0" daemon [_thread_blocked, id=4208, stack(0x00000000189d0000,0x0000000018ad0000)]
  0x0000000018101000 JavaThread "Attach Listener" daemon [_thread_blocked, id=10728, stack(0x00000000188d0000,0x00000000189d0000)]
  0x0000000018100000 JavaThread "Signal Dispatcher" daemon [_thread_blocked, id=7032, stack(0x00000000187d0000,0x00000000188d0000)]
  0x00000000180f0800 JavaThread "Finalizer" daemon [_thread_blocked, id=12796, stack(0x00000000185d0000,0x00000000186d0000)]
  0x000000001630c000 JavaThread "Reference Handler" daemon [_thread_blocked, id=13752, stack(0x00000000184d0000,0x00000000185d0000)]
  0x0000000002452800 JavaThread "main" [_thread_blocked, id=6400, stack(0x00000000022d0000,0x00000000023d0000)]

Other Threads:
  0x0000000016307000 VMThread [stack: 0x0000000017fd0000,0x00000000180d0000] [id=8832]
  0x0000000018147000 WatcherThread [stack: 0x0000000018ed0000,0x0000000018fd0000] [id=14080]

VM state:not at safepoint (normal execution)

VM Mutex/Monitor currently owned by a thread: None

heap address: 0x00000000a0000000, size: 1536 MB, Compressed Oops mode: 32-bit
Narrow klass base: 0x0000000000000000, Narrow klass shift: 3
Compressed class space size: 1073741824 Address: 0x0000000100000000

Heap:
 PSYoungGen      total 447488K, used 315281K [0x00000000e0000000, 0x0000000100000000, 0x0000000100000000)
  eden space 397312K, 66% used [0x00000000e0000000,0x00000000f0355268,0x00000000f8400000)
  from space 50176K, 99% used [0x00000000f8400000,0x00000000fb48f430,0x00000000fb500000)
  to   space 68608K, 0% used [0x00000000fbd00000,0x00000000fbd00000,0x0000000100000000)
 ParOldGen       total 385536K, used 165313K [0x00000000a0000000, 0x00000000b7880000, 0x00000000e0000000)
  object space 385536K, 42% used [0x00000000a0000000,0x00000000aa170518,0x00000000b7880000)
 Metaspace       used 97057K, capacity 102904K, committed 103000K, reserved 1138688K
  class space    used 12487K, capacity 13631K, committed 13696K, reserved 1048576K

Card table byte_map: [0x0000000011910000,0x0000000011c20000] byte_map_base: 0x0000000011410000

Marking Bits: (ParMarkBitMap*) 0x000000005dd5f030
 Begin Bits: [0x0000000012620000, 0x0000000013e20000)
 End Bits:   [0x0000000013e20000, 0x0000000015620000)

Polling page: 0x0000000000660000

CodeCache: size=245760Kb used=65889Kb max_used=65997Kb free=179870Kb
 bounds [0x0000000002550000, 0x0000000006670000, 0x0000000011550000]
 total_blobs=20908 nmethods=19991 adapters=828
 compilation: enabled

Compilation events (10 events):
Event: 3630.761 Thread 0x0000000018103800 nmethod 25802 0x000000000266a350 code [0x000000000266a4c0, 0x000000000266ab98]
Event: 3630.761 Thread 0x0000000018103800 25803       4       org.objectweb.asm.MethodWriter::visitVarInsn (300 bytes)
Event: 3630.766 Thread 0x0000000018103800 nmethod 25803 0x000000000309e690 code [0x000000000309e800, 0x000000000309ef18]
Event: 3630.766 Thread 0x0000000018103800 25806       4       org.objectweb.asm.ClassWriter::newStringishItem (68 bytes)
Event: 3630.771 Thread 0x000000001810c000 nmethod 25807 0x000000000325fa10 code [0x000000000325fbc0, 0x0000000003260dd8]
Event: 3630.771 Thread 0x000000001810c000 25838       4       org.objectweb.asm.Type::getType (9 bytes)
Event: 3630.776 Thread 0x0000000018103800 nmethod 25806 0x000000000448fad0 code [0x000000000448fca0, 0x0000000004490628]
Event: 3630.776 Thread 0x0000000018103800 25791       4       org.objectweb.asm.MethodVisitor::visitJumpInsn (17 bytes)
Event: 3630.777 Thread 0x0000000018103800 nmethod 25791 0x0000000003486550 code [0x00000000034866a0, 0x0000000003486768]
Event: 3630.785 Thread 0x000000001810c000 nmethod 25838 0x0000000006619510 code [0x00000000066197c0, 0x000000000661a0b8]

GC Heap History (10 events):
Event: 373.111 GC heap before
{Heap before GC invocations=37 (full 5):
 PSYoungGen      total 485888K, used 469893K [0x00000000e0000000, 0x0000000100000000, 0x0000000100000000)
  eden space 450560K, 99% used [0x00000000e0000000,0x00000000fb539868,0x00000000fb800000)
  from space 35328K, 62% used [0x00000000fb800000,0x00000000fcda7d90,0x00000000fda80000)
  to   space 35328K, 0% used [0x00000000fdd80000,0x00000000fdd80000,0x0000000100000000)
 ParOldGen       total 285696K, used 149167K [0x00000000a0000000, 0x00000000b1700000, 0x00000000e0000000)
  object space 285696K, 52% used [0x00000000a0000000,0x00000000a91abec0,0x00000000b1700000)
 Metaspace       used 94317K, capacity 99462K, committed 99544K, reserved 1136640K
  class space    used 12226K, capacity 13307K, committed 13312K, reserved 1048576K
Event: 373.127 GC heap after
Heap after GC invocations=37 (full 5):
 PSYoungGen      total 444928K, used 35320K [0x00000000e0000000, 0x0000000100000000, 0x0000000100000000)
  eden space 409600K, 0% used [0x00000000e0000000,0x00000000e0000000,0x00000000f9000000)
  from space 35328K, 99% used [0x00000000fdd80000,0x00000000ffffe280,0x0000000100000000)
  to   space 57344K, 0% used [0x00000000f9000000,0x00000000f9000000,0x00000000fc800000)
 ParOldGen       total 285696K, used 194322K [0x00000000a0000000, 0x00000000b1700000, 0x00000000e0000000)
  object space 285696K, 68% used [0x00000000a0000000,0x00000000abdc4870,0x00000000b1700000)
 Metaspace       used 94317K, capacity 99462K, committed 99544K, reserved 1136640K
  class space    used 12226K, capacity 13307K, committed 13312K, reserved 1048576K
}
Event: 2913.464 GC heap before
{Heap before GC invocations=38 (full 5):
 PSYoungGen      total 444928K, used 444920K [0x00000000e0000000, 0x0000000100000000, 0x0000000100000000)
  eden space 409600K, 100% used [0x00000000e0000000,0x00000000f9000000,0x00000000f9000000)
  from space 35328K, 99% used [0x00000000fdd80000,0x00000000ffffe280,0x0000000100000000)
  to   space 57344K, 0% used [0x00000000f9000000,0x00000000f9000000,0x00000000fc800000)
 ParOldGen       total 285696K, used 194322K [0x00000000a0000000, 0x00000000b1700000, 0x00000000e0000000)
  object space 285696K, 68% used [0x00000000a0000000,0x00000000abdc4870,0x00000000b1700000)
 Metaspace       used 95604K, capacity 101056K, committed 101336K, reserved 1136640K
  class space    used 12376K, capacity 13454K, committed 13568K, reserved 1048576K
Event: 2913.481 GC heap after
Heap after GC invocations=38 (full 5):
 PSYoungGen      total 466944K, used 14678K [0x00000000e0000000, 0x0000000100000000, 0x0000000100000000)
  eden space 409600K, 0% used [0x00000000e0000000,0x00000000e0000000,0x00000000f9000000)
  from space 57344K, 25% used [0x00000000f9000000,0x00000000f9e55928,0x00000000fc800000)
  to   space 55296K, 0% used [0x00000000fca00000,0x00000000fca00000,0x0000000100000000)
 ParOldGen       total 285696K, used 203107K [0x00000000a0000000, 0x00000000b1700000, 0x00000000e0000000)
  object space 285696K, 71% used [0x00000000a0000000,0x00000000ac658ff8,0x00000000b1700000)
 Metaspace       used 95604K, capacity 101056K, committed 101336K, reserved 1136640K
  class space    used 12376K, capacity 13454K, committed 13568K, reserved 1048576K
}
Event: 3033.787 GC heap before
{Heap before GC invocations=39 (full 5):
 PSYoungGen      total 466944K, used 422357K [0x00000000e0000000, 0x0000000100000000, 0x0000000100000000)
  eden space 409600K, 99% used [0x00000000e0000000,0x00000000f8e1fe10,0x00000000f9000000)
  from space 57344K, 25% used [0x00000000f9000000,0x00000000f9e55928,0x00000000fc800000)
  to   space 55296K, 0% used [0x00000000fca00000,0x00000000fca00000,0x0000000100000000)
 ParOldGen       total 285696K, used 203107K [0x00000000a0000000, 0x00000000b1700000, 0x00000000e0000000)
  object space 285696K, 71% used [0x00000000a0000000,0x00000000ac658ff8,0x00000000b1700000)
 Metaspace       used 96135K, capacity 101798K, committed 102104K, reserved 1138688K
  class space    used 12417K, capacity 13511K, committed 13568K, reserved 1048576K
Event: 3033.831 GC heap after
Heap after GC invocations=39 (full 5):
 PSYoungGen      total 452608K, used 53951K [0x00000000e0000000, 0x0000000100000000, 0x0000000100000000)
  eden space 397312K, 0% used [0x00000000e0000000,0x00000000e0000000,0x00000000f8400000)
  from space 55296K, 97% used [0x00000000fca00000,0x00000000ffeafc80,0x0000000100000000)
  to   space 63488K, 0% used [0x00000000f8400000,0x00000000f8400000,0x00000000fc200000)
 ParOldGen       total 285696K, used 276742K [0x00000000a0000000, 0x00000000b1700000, 0x00000000e0000000)
  object space 285696K, 96% used [0x00000000a0000000,0x00000000b0e41958,0x00000000b1700000)
 Metaspace       used 96135K, capacity 101798K, committed 102104K, reserved 1138688K
  class space    used 12417K, capacity 13511K, committed 13568K, reserved 1048576K
}
Event: 3033.831 GC heap before
{Heap before GC invocations=40 (full 6):
 PSYoungGen      total 452608K, used 53951K [0x00000000e0000000, 0x0000000100000000, 0x0000000100000000)
  eden space 397312K, 0% used [0x00000000e0000000,0x00000000e0000000,0x00000000f8400000)
  from space 55296K, 97% used [0x00000000fca00000,0x00000000ffeafc80,0x0000000100000000)
  to   space 63488K, 0% used [0x00000000f8400000,0x00000000f8400000,0x00000000fc200000)
 ParOldGen       total 285696K, used 276742K [0x00000000a0000000, 0x00000000b1700000, 0x00000000e0000000)
  object space 285696K, 96% used [0x00000000a0000000,0x00000000b0e41958,0x00000000b1700000)
 Metaspace       used 96135K, capacity 101798K, committed 102104K, reserved 1138688K
  class space    used 12417K, capacity 13511K, committed 13568K, reserved 1048576K
Event: 3034.049 GC heap after
Heap after GC invocations=40 (full 6):
 PSYoungGen      total 452608K, used 0K [0x00000000e0000000, 0x0000000100000000, 0x0000000100000000)
  eden space 397312K, 0% used [0x00000000e0000000,0x00000000e0000000,0x00000000f8400000)
  from space 55296K, 0% used [0x00000000fca00000,0x00000000fca00000,0x0000000100000000)
  to   space 63488K, 0% used [0x00000000f8400000,0x00000000f8400000,0x00000000fc200000)
 ParOldGen       total 385536K, used 165305K [0x00000000a0000000, 0x00000000b7880000, 0x00000000e0000000)
  object space 385536K, 42% used [0x00000000a0000000,0x00000000aa16e518,0x00000000b7880000)
 Metaspace       used 95704K, capacity 101026K, committed 102104K, reserved 1138688K
  class space    used 12338K, capacity 13365K, committed 13568K, reserved 1048576K
}
Event: 3624.318 GC heap before
{Heap before GC invocations=41 (full 6):
 PSYoungGen      total 452608K, used 397312K [0x00000000e0000000, 0x0000000100000000, 0x0000000100000000)
  eden space 397312K, 100% used [0x00000000e0000000,0x00000000f8400000,0x00000000f8400000)
  from space 55296K, 0% used [0x00000000fca00000,0x00000000fca00000,0x0000000100000000)
  to   space 63488K, 0% used [0x00000000f8400000,0x00000000f8400000,0x00000000fc200000)
 ParOldGen       total 385536K, used 165305K [0x00000000a0000000, 0x00000000b7880000, 0x00000000e0000000)
  object space 385536K, 42% used [0x00000000a0000000,0x00000000aa16e518,0x00000000b7880000)
 Metaspace       used 96951K, capacity 102824K, committed 103000K, reserved 1138688K
  class space    used 12474K, capacity 13617K, committed 13696K, reserved 1048576K
Event: 3624.334 GC heap after
Heap after GC invocations=41 (full 6):
 PSYoungGen      total 447488K, used 49725K [0x00000000e0000000, 0x0000000100000000, 0x0000000100000000)
  eden space 397312K, 0% used [0x00000000e0000000,0x00000000e0000000,0x00000000f8400000)
  from space 50176K, 99% used [0x00000000f8400000,0x00000000fb48f430,0x00000000fb500000)
  to   space 68608K, 0% used [0x00000000fbd00000,0x00000000fbd00000,0x0000000100000000)
 ParOldGen       total 385536K, used 165313K [0x00000000a0000000, 0x00000000b7880000, 0x00000000e0000000)
  object space 385536K, 42% used [0x00000000a0000000,0x00000000aa170518,0x00000000b7880000)
 Metaspace       used 96951K, capacity 102824K, committed 103000K, reserved 1138688K
  class space    used 12474K, capacity 13617K, committed 13696K, reserved 1048576K
}

Deoptimization events (10 events):
Event: 3630.208 Thread 0x0000000019c83000 Uncommon trap: reason=unstable_if action=reinterpret pc=0x00000000049acad8 method=com.android.tools.build.jetifier.core.type.JavaType.equals(Ljava/lang/Object;)Z @ 2
Event: 3630.208 Thread 0x0000000019c83000 Uncommon trap: reason=unstable_if action=reinterpret pc=0x0000000004ad6cb8 method=com.android.tools.build.jetifier.processor.transform.bytecode.CoreRemapperImpl.rewriteType(Lcom/android/tools/build/jetifier/core/type/JavaType;)Lcom/android/tools/build/jet
Event: 3630.251 Thread 0x0000000019c83000 Uncommon trap: reason=class_check action=maybe_recompile pc=0x0000000006177020 method=java.util.regex.Pattern$Loop.matchInit(Ljava/util/regex/Matcher;ILjava/lang/CharSequence;)Z @ 89
Event: 3630.251 Thread 0x0000000019c83000 Uncommon trap: reason=class_check action=maybe_recompile pc=0x0000000006401f7c method=java.util.regex.Pattern$SliceI.match(Ljava/util/regex/Matcher;ILjava/lang/CharSequence;)Z @ 92
Event: 3630.251 Thread 0x0000000019c83000 Uncommon trap: reason=class_check action=maybe_recompile pc=0x0000000006177020 method=java.util.regex.Pattern$Loop.matchInit(Ljava/util/regex/Matcher;ILjava/lang/CharSequence;)Z @ 89
Event: 3630.251 Thread 0x0000000019c83000 Uncommon trap: reason=class_check action=maybe_recompile pc=0x0000000006401f7c method=java.util.regex.Pattern$SliceI.match(Ljava/util/regex/Matcher;ILjava/lang/CharSequence;)Z @ 92
Event: 3630.251 Thread 0x0000000019c83000 Uncommon trap: reason=class_check action=maybe_recompile pc=0x0000000006401f7c method=java.util.regex.Pattern$SliceI.match(Ljava/util/regex/Matcher;ILjava/lang/CharSequence;)Z @ 92
Event: 3630.252 Thread 0x0000000019c83000 Uncommon trap: reason=class_check action=maybe_recompile pc=0x0000000006177020 method=java.util.regex.Pattern$Loop.matchInit(Ljava/util/regex/Matcher;ILjava/lang/CharSequence;)Z @ 89
Event: 3630.252 Thread 0x0000000019c83000 Uncommon trap: reason=class_check action=maybe_recompile pc=0x0000000006177020 method=java.util.regex.Pattern$Loop.matchInit(Ljava/util/regex/Matcher;ILjava/lang/CharSequence;)Z @ 89
Event: 3630.252 Thread 0x0000000019c83000 Uncommon trap: reason=class_check action=maybe_recompile pc=0x0000000006177aec method=java.util.regex.Pattern$Loop.matchInit(Ljava/util/regex/Matcher;ILjava/lang/CharSequence;)Z @ 89

Classes redefined (0 events):
No events

Internal exceptions (10 events):
Event: 3599.890 Thread 0x000000001f9c7800 Exception <a 'java/net/SocketTimeoutException': Read timed out> (0x00000000eb54f678) thrown at [C:\src\AOSP-openjdk-git\hotspot\src\share\vm\prims\jni.cpp, line 737]
Event: 3621.371 Thread 0x0000000019c77800 Exception <a 'java/net/SocketTimeoutException': Read timed out> (0x00000000f6cab560) thrown at [C:\src\AOSP-openjdk-git\hotspot\src\share\vm\prims\jni.cpp, line 737]
Event: 3621.371 Thread 0x0000000019c7d000 Exception <a 'java/net/SocketTimeoutException': Read timed out> (0x00000000f6d7dba0) thrown at [C:\src\AOSP-openjdk-git\hotspot\src\share\vm\prims\jni.cpp, line 737]
Event: 3621.371 Thread 0x0000000019c7d800 Exception <a 'java/net/SocketTimeoutException': Read timed out> (0x00000000f6d562c0) thrown at [C:\src\AOSP-openjdk-git\hotspot\src\share\vm\prims\jni.cpp, line 737]
Event: 3621.371 Thread 0x000000001f9ba000 Exception <a 'java/net/SocketTimeoutException': Read timed out> (0x00000000f6cd3098) thrown at [C:\src\AOSP-openjdk-git\hotspot\src\share\vm\prims\jni.cpp, line 737]
Event: 3630.130 Thread 0x0000000019c82000 Implicit null exception at 0x00000000047d1c61 to 0x00000000047d2a95
Event: 3630.253 Thread 0x0000000019c83000 Exception <a 'sun/nio/fs/WindowsException'> (0x00000000ec94e710) thrown at [C:\src\AOSP-openjdk-git\hotspot\src\share\vm\prims\jni.cpp, line 710]
Event: 3630.253 Thread 0x0000000019c83000 Exception <a 'sun/nio/fs/WindowsException'> (0x00000000ec94ef28) thrown at [C:\src\AOSP-openjdk-git\hotspot\src\share\vm\prims\jni.cpp, line 710]
Event: 3630.253 Thread 0x0000000019c83000 Exception <a 'sun/nio/fs/WindowsException'> (0x00000000ec950950) thrown at [C:\src\AOSP-openjdk-git\hotspot\src\share\vm\prims\jni.cpp, line 710]
Event: 3630.253 Thread 0x0000000019c83000 Exception <a 'sun/nio/fs/WindowsException'> (0x00000000ec951be8) thrown at [C:\src\AOSP-openjdk-git\hotspot\src\share\vm\prims\jni.cpp, line 710]

Events (10 events):
Event: 3630.257 Thread 0x0000000018118800 flushing nmethod 0x0000000005c84510
Event: 3630.258 Thread 0x0000000018118800 flushing nmethod 0x0000000005e06650
Event: 3630.259 Thread 0x0000000018118800 flushing nmethod 0x0000000005f37f90
Event: 3630.260 Thread 0x0000000018118800 flushing nmethod 0x00000000060f1210
Event: 3630.260 Thread 0x0000000018118800 flushing nmethod 0x000000000616aad0
Event: 3630.406 loading class groovy/runtime/metaclass/BaseFlutterTask$_buildBundle_closure1MetaClass
Event: 3630.406 loading class groovy/runtime/metaclass/BaseFlutterTask$_buildBundle_closure1MetaClass done
Event: 3630.407 Thread 0x00000000211be000 Thread added: 0x00000000211be000
Event: 3630.411 Thread 0x00000000211bb800 Thread added: 0x00000000211bb800
Event: 3630.411 Thread 0x00000000211bd000 Thread added: 0x00000000211bd000


Dynamic libraries:
0x00007ff7e50a0000 - 0x00007ff7e50d1000 	C:\Program Files\Android\Android Studio\jre\bin\java.exe
0x00007ffe20850000 - 0x00007ffe20a44000 	C:\WINDOWS\SYSTEM32\ntdll.dll
0x00007ffe20060000 - 0x00007ffe2011d000 	C:\WINDOWS\System32\KERNEL32.DLL
0x00007ffe1e0d0000 - 0x00007ffe1e397000 	C:\WINDOWS\System32\KERNELBASE.dll
0x00007ffe1e8c0000 - 0x00007ffe1e96a000 	C:\WINDOWS\System32\ADVAPI32.dll
0x00007ffe1ebd0000 - 0x00007ffe1ec6e000 	C:\WINDOWS\System32\msvcrt.dll
0x00007ffe20690000 - 0x00007ffe2072b000 	C:\WINDOWS\System32\sechost.dll
0x00007ffe1f730000 - 0x00007ffe1f853000 	C:\WINDOWS\System32\RPCRT4.dll
0x00007ffe1f530000 - 0x00007ffe1f6d0000 	C:\WINDOWS\System32\USER32.dll
0x00007ffe1e3a0000 - 0x00007ffe1e3c2000 	C:\WINDOWS\System32\win32u.dll
0x00007ffe20190000 - 0x00007ffe201ba000 	C:\WINDOWS\System32\GDI32.dll
0x00007ffe1e5d0000 - 0x00007ffe1e6da000 	C:\WINDOWS\System32\gdi32full.dll
0x00007ffe1e3d0000 - 0x00007ffe1e46d000 	C:\WINDOWS\System32\msvcp_win.dll
0x00007ffe1e470000 - 0x00007ffe1e570000 	C:\WINDOWS\System32\ucrtbase.dll
0x00007ffe0ad40000 - 0x00007ffe0afda000 	C:\WINDOWS\WinSxS\amd64_microsoft.windows.common-controls_6595b64144ccf1df_6.0.19041.1_none_b555e41d4684ddec\COMCTL32.dll
0x00007ffe204b0000 - 0x00007ffe204e0000 	C:\WINDOWS\System32\IMM32.DLL
0x000000005d3d0000 - 0x000000005d4a2000 	C:\Program Files\Android\Android Studio\jre\jre\bin\msvcr100.dll
0x000000005d590000 - 0x000000005dddb000 	C:\Program Files\Android\Android Studio\jre\jre\bin\server\jvm.dll
0x00007ffe1f860000 - 0x00007ffe1f868000 	C:\WINDOWS\System32\PSAPI.DLL
0x00007ffe0d650000 - 0x00007ffe0d659000 	C:\WINDOWS\SYSTEM32\WSOCK32.dll
0x00007ffe15a40000 - 0x00007ffe15a4a000 	C:\WINDOWS\SYSTEM32\VERSION.dll
0x00007ffe0eff0000 - 0x00007ffe0f017000 	C:\WINDOWS\SYSTEM32\WINMM.dll
0x00007ffe20120000 - 0x00007ffe2018b000 	C:\WINDOWS\System32\WS2_32.dll
0x00007ffe0d640000 - 0x00007ffe0d64f000 	C:\Program Files\Android\Android Studio\jre\jre\bin\verify.dll
0x00007ffdfe710000 - 0x00007ffdfe739000 	C:\Program Files\Android\Android Studio\jre\jre\bin\java.dll
0x00007ffdef650000 - 0x00007ffdef666000 	C:\Program Files\Android\Android Studio\jre\jre\bin\zip.dll
0x00007ffe1f920000 - 0x00007ffe20055000 	C:\WINDOWS\System32\SHELL32.dll
0x00007ffe1bd70000 - 0x00007ffe1c4ff000 	C:\WINDOWS\SYSTEM32\windows.storage.dll
0x00007ffe1f140000 - 0x00007ffe1f493000 	C:\WINDOWS\System32\combase.dll
0x00007ffe1da20000 - 0x00007ffe1da4b000 	C:\WINDOWS\SYSTEM32\Wldp.dll
0x00007ffe201c0000 - 0x00007ffe2026e000 	C:\WINDOWS\System32\SHCORE.dll
0x00007ffe1f6d0000 - 0x00007ffe1f725000 	C:\WINDOWS\System32\shlwapi.dll
0x00007ffe1dee0000 - 0x00007ffe1deff000 	C:\WINDOWS\SYSTEM32\profapi.dll
0x00007ffde05c0000 - 0x00007ffde05da000 	C:\Program Files\Android\Android Studio\jre\jre\bin\net.dll
0x00007ffe1d7a0000 - 0x00007ffe1d80a000 	C:\WINDOWS\system32\mswsock.dll
0x00007ffde0200000 - 0x00007ffde0213000 	C:\Program Files\Android\Android Studio\jre\jre\bin\nio.dll
0x00007ffdfd1c0000 - 0x00007ffdfd1e6000 	C:\Users\surya\.gradle\native\30\windows-amd64\native-platform.dll
0x00007ffdfe700000 - 0x00007ffdfe70d000 	C:\Program Files\Android\Android Studio\jre\jre\bin\management.dll
0x00007ffe1d970000 - 0x00007ffe1d988000 	C:\WINDOWS\SYSTEM32\CRYPTSP.dll
0x00007ffe1d0c0000 - 0x00007ffe1d0f4000 	C:\WINDOWS\system32\rsaenh.dll
0x00007ffe1dfa0000 - 0x00007ffe1dfc7000 	C:\WINDOWS\System32\bcrypt.dll
0x00007ffe1de60000 - 0x00007ffe1de8e000 	C:\WINDOWS\SYSTEM32\USERENV.dll
0x00007ffe1e6e0000 - 0x00007ffe1e75f000 	C:\WINDOWS\System32\bcryptprimitives.dll
0x00007ffe1d990000 - 0x00007ffe1d99c000 	C:\WINDOWS\SYSTEM32\CRYPTBASE.dll
0x00007ffe1d440000 - 0x00007ffe1d47b000 	C:\WINDOWS\SYSTEM32\IPHLPAPI.DLL
0x00007ffe204a0000 - 0x00007ffe204a9000 	C:\WINDOWS\System32\NSI.dll
0x00007ffe17670000 - 0x00007ffe17687000 	C:\WINDOWS\SYSTEM32\dhcpcsvc6.DLL
0x00007ffe186c0000 - 0x00007ffe186dd000 	C:\WINDOWS\SYSTEM32\dhcpcsvc.DLL
0x00007ffe1d4d0000 - 0x00007ffe1d59a000 	C:\WINDOWS\SYSTEM32\DNSAPI.dll
0x00007ffe0ecf0000 - 0x00007ffe0ed14000 	C:\Program Files\Android\Android Studio\jre\jre\bin\sunec.dll
0x00007ffe0a710000 - 0x00007ffe0a71a000 	C:\Windows\System32\rasadhlp.dll
0x00007ffe0c840000 - 0x00007ffe0c8bf000 	C:\WINDOWS\System32\fwpuclnt.dll
0x00007ffe18c40000 - 0x00007ffe18c4b000 	C:\Program Files\Android\Android Studio\jre\jre\bin\sunmscapi.dll
0x00007ffe1e760000 - 0x00007ffe1e8bd000 	C:\WINDOWS\System32\CRYPT32.dll
0x00007ffe1cd50000 - 0x00007ffe1cd83000 	C:\WINDOWS\SYSTEM32\ntmarta.dll

VM Arguments:
jvm_args: -Xmx1536M -Dfile.encoding=windows-1252 -Duser.country=IN -Duser.language=en -Duser.variant 
java_command: org.gradle.launcher.daemon.bootstrap.GradleDaemon 5.6.2
java_class_path (initial): C:\Users\surya\.gradle\wrapper\dists\gradle-5.6.2-all\9st6wgf78h16so49nn74lgtbb\gradle-5.6.2\lib\gradle-launcher-5.6.2.jar
Launcher Type: SUN_STANDARD

Environment Variables:
JAVA_HOME=C:\Program Files\Android\Android Studio\jre
CLASSPATH=D:\flutter_projects\uiux\android\\gradle\wrapper\gradle-wrapper.jar
PATH=C:\Program Files (x86)\Common Files\Oracle\Java\javapath;C:\Python27;C:\Program Files\Java\jdk-14.0.1;C:\WINDOWS\system32;C:\WINDOWS;C:\WINDOWS\System32\Wbem;C:\WINDOWS\System32\WindowsPowerShell\v1.0\;C:\WINDOWS\System32\OpenSSH\;C:\Program Files\Git\cmd;C:\Program Files\JAVA\jdk1.8.0_251\jre\bin;C:\Program Files\dotnet\;C:\Program Files\nodejs\;C:\Program Files (x86)\NVIDIA Corporation\PhysX\Common;C:\Program Files (x86)\Intel\Intel(R) Management Engine Components\DAL;C:\Program Files\Intel\Intel(R) Management Engine Components\DAL;%JDK_HOME%\bin;C:\sqlite3;C:\flutter\bin;C:\tools\dart-sdk\bin;C:\ProgramData\chocolatey\bin;C:\Program Files (x86)\Yarn\bin\;C:\WINDOWS\system32;C:\WINDOWS;C:\WINDOWS\System32\Wbem;C:\WINDOWS\System32\WindowsPowerShell\v1.0\;C:\WINDOWS\System32\OpenSSH\;C:\Program Files\JAVA\jdk1.8.0_251\jre\bin;C:\Users\surya\AppData\Local\Programs\Python\Python38-32\Scripts\;C:\Users\surya\AppData\Local\Programs\Python\Python38-32\;C:\Users\surya\AppData\Local\Microsoft\WindowsApps;C:\Users\surya\AppData\Local\Programs\Microsoft VS Code\bin;C:\Users\surya\AppData\Roaming\npm;C:\Python38\Scripts;C:\Python38;C:\flutter\bin;C:\Program Files\Java\jdk-14.0.1;C:\Program Files\Java\jdk-14.0.1\bin;C:\Users\surya\AppData\Local\GitHubDesktop\bin;C:\dart-sdk\bin;C:\tools\dart-sdk\bin;C:\Users\surya\AppData\Roaming\Pub\Cache\bin;C:\Users\surya\AppData\Local\Yarn\bin;C:\Users\surya\AppData\Local\Microsoft\WindowsApps;;C:\flutter\bin\mingit\cmd
USERNAME=surya
OS=Windows_NT
PROCESSOR_IDENTIFIER=Intel64 Family 6 Model 142 Stepping 10, GenuineIntel



---------------  S Y S T E M  ---------------

OS: Windows 10.0 , 64 bit Build 19041 (10.0.19041.292)

CPU:total 8 (initial active 8) (4 cores per cpu, 2 threads per core) family 6 model 142 stepping 10, cmov, cx8, fxsr, mmx, sse, sse2, sse3, ssse3, sse4.1, sse4.2, popcnt, avx, avx2, aes, clmul, erms, 3dnowpref, lzcnt, ht, tsc, tscinvbit, bmi1, bmi2, adx

Memory: 4k page, physical 8039312k(881632k free), swap 9961360k(7800k free)

vm_info: OpenJDK 64-Bit Server VM (25.242-b01) for windows-amd64 JRE (1.8.0_242-release-1644-b01), built by "builder" with MS VC++ 10.0 (VS2010)

time: Sun Aug 09 03:48:58 2020
timezone: India Standard Time
elapsed time: 3632 seconds (0d 1h 0m 32s)

