#
# There is insufficient memory for the Java Runtime Environment to continue.
# Native memory allocation (malloc) failed to allocate 32744 bytes for ChunkPool::allocate
# Possible reasons:
#   The system is out of physical RAM or swap space
#   The process is running with CompressedOops enabled, and the Java Heap may be blocking the growth of the native heap
# Possible solutions:
#   Reduce memory load on the system
#   Increase physical memory or swap space
#   Check if swap backing store is full
#   Decrease Java heap size (-Xmx/-Xms)
#   Decrease number of Java threads
#   Decrease Java thread stack sizes (-Xss)
#   Set larger code cache with -XX:ReservedCodeCacheSize=
#   JVM is running with Unscaled Compressed Oops mode in which the Java heap is
#     placed in the first 4GB address space. The Java Heap base address is the
#     maximum limit for the native heap growth. Please use -XX:HeapBaseMinAddress
#     to set the Java Heap base and to place the Java Heap above 4GB virtual address.
# This output file may be truncated or incomplete.
#
#  Out of Memory Error (allocation.cpp:272), pid=13932, tid=0x0000000000003684
#
# JRE version: OpenJDK Runtime Environment (8.0_242-b01) (build 1.8.0_242-release-1644-b01)
# Java VM: OpenJDK 64-Bit Server VM (25.242-b01 mixed mode windows-amd64 compressed oops)
# Failed to write core dump. Minidumps are not enabled by default on client versions of Windows
#

---------------  T H R E A D  ---------------

Current thread (0x0000000018d3f000):  JavaThread "C1 CompilerThread3" daemon [_thread_in_vm, id=13956, stack(0x0000000019900000,0x0000000019a00000)]

Stack: [0x0000000019900000,0x0000000019a00000]
[error occurred during error reporting (printing stack bounds), id 0xc0000005]

Native frames: (J=compiled Java code, j=interpreted, Vv=VM code, C=native code)


---------------  P R O C E S S  ---------------

Java Threads: ( => current thread )
  0x0000000024f9d800 JavaThread "Exec process Thread 9" [_thread_in_native, id=13100, stack(0x0000000028ef0000,0x0000000028ff0000)]
  0x0000000024f9c000 JavaThread "Exec process Thread 8" [_thread_in_native, id=2148, stack(0x0000000027890000,0x0000000027990000)]
  0x0000000024f9e800 JavaThread "Exec process Thread 7" [_thread_in_native, id=13396, stack(0x00000000279c0000,0x0000000027ac0000)]
  0x0000000024fa0000 JavaThread "Cache worker for execution history cache (D:\flutter_projects\uiux\android\.gradle\5.6.2\executionHistory)" [_thread_blocked, id=13884, stack(0x0000000027190000,0x0000000027290000)]
  0x000000001b274000 JavaThread "Execution worker for ':' Thread 7" [_thread_blocked, id=1300, stack(0x0000000027090000,0x0000000027190000)]
  0x000000001b273000 JavaThread "Execution worker for ':' Thread 6" [_thread_blocked, id=4688, stack(0x0000000026f90000,0x0000000027090000)]
  0x000000001b277000 JavaThread "Execution worker for ':' Thread 5" [_thread_blocked, id=12156, stack(0x0000000026e90000,0x0000000026f90000)]
  0x000000001b276000 JavaThread "Execution worker for ':' Thread 4" [_thread_blocked, id=10816, stack(0x0000000026d90000,0x0000000026e90000)]
  0x000000002000b800 JavaThread "Execution worker for ':' Thread 3" [_thread_blocked, id=10096, stack(0x0000000026c90000,0x0000000026d90000)]
  0x0000000020012800 JavaThread "Execution worker for ':' Thread 2" [_thread_blocked, id=3832, stack(0x0000000026b90000,0x0000000026c90000)]
  0x0000000020004000 JavaThread "Execution worker for ':'" [_thread_blocked, id=14008, stack(0x0000000026290000,0x0000000026390000)]
  0x0000000020009800 JavaThread "Cache worker for file content cache (D:\flutter_projects\uiux\android\.gradle\5.6.2\fileContent)" [_thread_blocked, id=11560, stack(0x0000000025e90000,0x0000000025f90000)]
  0x0000000020008800 JavaThread "Cache worker for Build Output Cleanup Cache (D:\flutter_projects\uiux\android\.gradle\buildOutputCleanup)" [_thread_blocked, id=8256, stack(0x0000000024da0000,0x0000000024ea0000)]
  0x000000002000b000 JavaThread "Build operations Thread 8" [_thread_blocked, id=6888, stack(0x0000000022dd0000,0x0000000022ed0000)]
  0x0000000020006800 JavaThread "Build operations Thread 7" [_thread_blocked, id=4408, stack(0x00000000226d0000,0x00000000227d0000)]
  0x0000000020aa1000 JavaThread "Build operations Thread 6" [_thread_blocked, id=1344, stack(0x00000000225d0000,0x00000000226d0000)]
  0x0000000020aa2800 JavaThread "Build operations Thread 5" [_thread_blocked, id=12816, stack(0x00000000224d0000,0x00000000225d0000)]
  0x0000000020aa7000 JavaThread "Build operations Thread 4" [_thread_blocked, id=7468, stack(0x00000000223d0000,0x00000000224d0000)]
  0x0000000020aa6800 JavaThread "Build operations Thread 3" [_thread_blocked, id=12228, stack(0x00000000222d0000,0x00000000223d0000)]
  0x0000000020aa5800 JavaThread "Build operations Thread 2" [_thread_blocked, id=6428, stack(0x00000000221d0000,0x00000000222d0000)]
  0x0000000020aa4000 JavaThread "Build operations" [_thread_blocked, id=12868, stack(0x00000000220d0000,0x00000000221d0000)]
  0x0000000020aa3800 JavaThread "Cache worker for cache directory md-rule (C:\Users\surya\.gradle\caches\5.6.2\md-rule)" [_thread_blocked, id=13756, stack(0x0000000021fd0000,0x00000000220d0000)]
  0x0000000020a99800 JavaThread "Cache worker for cache directory md-supplier (C:\Users\surya\.gradle\caches\5.6.2\md-supplier)" [_thread_blocked, id=11148, stack(0x00000000219d0000,0x0000000021ad0000)]
  0x0000000020a9f800 JavaThread "Cache worker for file hash cache (D:\flutter_projects\uiux\android\.gradle\5.6.2\fileHashes)" [_thread_blocked, id=4692, stack(0x00000000218d0000,0x00000000219d0000)]
  0x0000000020aa0800 JavaThread "Thread-78" [_thread_blocked, id=13088, stack(0x000000001ee30000,0x000000001ef30000)]
  0x0000000020a9b000 JavaThread "Stdin handler" [_thread_blocked, id=12944, stack(0x000000001c690000,0x000000001c790000)]
  0x0000000020a9d800 JavaThread "Asynchronous log dispatcher for DefaultDaemonConnection: socket connection from /127.0.0.1:64806 to /127.0.0.1:60680" [_thread_blocked, id=12964, stack(0x000000001c590000,0x000000001c690000)]
  0x0000000020a9e000 JavaThread "Daemon worker Thread 3" [_thread_blocked, id=14052, stack(0x000000001c390000,0x000000001c490000)]
  0x0000000020a98000 JavaThread "Cancel handler" [_thread_blocked, id=10700, stack(0x000000001c090000,0x000000001c190000)]
  0x0000000020a99000 JavaThread "Handler for socket connection from /127.0.0.1:64806 to /127.0.0.1:60680" [_thread_in_native, id=1204, stack(0x000000001bd90000,0x000000001be90000)]
  0x0000000020a9c800 JavaThread "Daemon Thread 3" [_thread_blocked, id=12076, stack(0x00000000014e0000,0x00000000015e0000)]
  0x000000002000d000 JavaThread "Cache worker for file content cache (C:\Users\surya\.gradle\caches\5.6.2\fileContent)" [_thread_blocked, id=13156, stack(0x0000000026190000,0x0000000026290000)]
  0x0000000020012000 JavaThread "Memory manager" [_thread_blocked, id=12144, stack(0x00000000236d0000,0x00000000237d0000)]
  0x0000000020005800 JavaThread "Cache worker for execution history cache (C:\Users\surya\.gradle\caches\5.6.2\executionHistory)" [_thread_blocked, id=2348, stack(0x0000000021cd0000,0x0000000021dd0000)]
  0x000000001b279000 JavaThread "Cache worker for journal cache (C:\Users\surya\.gradle\caches\journal-1)" [_thread_blocked, id=8676, stack(0x000000001c990000,0x000000001ca90000)]
  0x000000001b275800 JavaThread "File lock request listener" [_thread_in_native, id=9956, stack(0x000000001c890000,0x000000001c990000)]
  0x000000001add6000 JavaThread "Cache worker for file hash cache (C:\Users\surya\.gradle\caches\5.6.2\fileHashes)" [_thread_blocked, id=2928, stack(0x000000001c790000,0x000000001c890000)]
  0x000000001ad43800 JavaThread "Daemon periodic checks" [_thread_blocked, id=14300, stack(0x000000001bc90000,0x000000001bd90000)]
  0x000000001ad47800 JavaThread "Incoming local TCP Connector on port 64806" [_thread_in_native, id=10456, stack(0x0000000019d00000,0x0000000019e00000)]
  0x000000001a4ec800 JavaThread "Daemon health stats" [_thread_blocked, id=13092, stack(0x0000000019c00000,0x0000000019d00000)]
  0x0000000018dcf000 JavaThread "Service Thread" daemon [_thread_blocked, id=8672, stack(0x0000000019a00000,0x0000000019b00000)]
=>0x0000000018d3f000 JavaThread "C1 CompilerThread3" daemon [_thread_in_vm, id=13956, stack(0x0000000019900000,0x0000000019a00000)]
  0x0000000018d39000 JavaThread "C2 CompilerThread2" daemon [_thread_blocked, id=2496, stack(0x0000000019800000,0x0000000019900000)]
  0x0000000018d36000 JavaThread "C2 CompilerThread1" daemon [_thread_blocked, id=5284, stack(0x0000000019700000,0x0000000019800000)]
  0x0000000018d32800 JavaThread "C2 CompilerThread0" daemon [_thread_in_native, id=12336, stack(0x0000000019600000,0x0000000019700000)]
  0x0000000018d30000 JavaThread "Attach Listener" daemon [_thread_blocked, id=12192, stack(0x0000000019500000,0x0000000019600000)]
  0x0000000018d2f000 JavaThread "Signal Dispatcher" daemon [_thread_blocked, id=10920, stack(0x0000000019400000,0x0000000019500000)]
  0x0000000018d21000 JavaThread "Finalizer" daemon [_thread_blocked, id=13696, stack(0x0000000019200000,0x0000000019300000)]
  0x0000000003157800 JavaThread "Reference Handler" daemon [_thread_blocked, id=7832, stack(0x0000000019100000,0x0000000019200000)]
  0x0000000003062800 JavaThread "main" [_thread_blocked, id=12160, stack(0x0000000002f50000,0x0000000003050000)]

Other Threads:
  0x0000000016f17000 VMThread [stack: 0x0000000018c00000,0x0000000018d00000] [id=9336]
  0x0000000018dd0800 WatcherThread [stack: 0x0000000019b00000,0x0000000019c00000] [id=5304]

VM state:not at safepoint (normal execution)

VM Mutex/Monitor currently owned by a thread:  ([mutex/lock_event])
[0x0000000003060950] CompiledIC_lock - owner thread: 0x0000000018d3f000

heap address: 0x00000000a0000000, size: 1536 MB, Compressed Oops mode: 32-bit
Narrow klass base: 0x0000000000000000, Narrow klass shift: 3
Compressed class space size: 1073741824 Address: 0x0000000100000000

Heap:
 PSYoungGen      total 203776K, used 112367K [0x00000000e0000000, 0x00000000ef980000, 0x0000000100000000)
  eden space 167424K, 56% used [0x00000000e0000000,0x00000000e5b9fa10,0x00000000ea380000)
  from space 36352K, 51% used [0x00000000ed600000,0x00000000ee81c470,0x00000000ef980000)
  to   space 44032K, 0% used [0x00000000ea380000,0x00000000ea380000,0x00000000ece80000)
 ParOldGen       total 252928K, used 177801K [0x00000000a0000000, 0x00000000af700000, 0x00000000e0000000)
  object space 252928K, 70% used [0x00000000a0000000,0x00000000aada2530,0x00000000af700000)
 Metaspace       used 77150K, capacity 81958K, committed 82216K, reserved 1120256K
  class space    used 10215K, capacity 11287K, committed 11304K, reserved 1048576K

Card table byte_map: [0x0000000012520000,0x0000000012830000] byte_map_base: 0x0000000012020000

Marking Bits: (ParMarkBitMap*) 0x000000006062f030
 Begin Bits: [0x0000000013230000, 0x0000000014a30000)
 End Bits:   [0x0000000014a30000, 0x0000000016230000)

Polling page: 0x00000000016c0000

CodeCache: size=245760Kb used=42995Kb max_used=43081Kb free=202764Kb
 bounds [0x0000000003160000, 0x0000000005be0000, 0x0000000012160000]
 total_blobs=13785 nmethods=12953 adapters=744
 compilation: enabled

Compilation events (10 events):
Event: 6575.511 Thread 0x0000000018d3f000 nmethod 15562 0x0000000003291690 code [0x0000000003291800, 0x0000000003291a58]
Event: 6575.743 Thread 0x0000000018d32800 15563       4       org.gradle.internal.logging.sink.LogEventDispatcher::onOutput (60 bytes)
Event: 6575.743 Thread 0x0000000018d3f000 15564       3       org.gradle.internal.io.LineBufferingOutputStream::write (59 bytes)
Event: 6575.744 Thread 0x0000000018d3f000 nmethod 15564 0x00000000035d4590 code [0x00000000035d47e0, 0x00000000035d5718]
Event: 6575.745 Thread 0x0000000018d3f000 15565       3       org.gradle.internal.io.StreamByteBuffer$StreamByteBufferOutputStream::write (22 bytes)
Event: 6575.745 Thread 0x0000000018d3f000 nmethod 15565 0x0000000003aff590 code [0x0000000003aff720, 0x0000000003aff9e8]
Event: 6575.746 Thread 0x0000000018d3f000 15566       3       org.gradle.internal.io.StreamByteBuffer$StreamByteBufferChunk::write (32 bytes)
Event: 6575.746 Thread 0x0000000018d3f000 nmethod 15566 0x0000000004483b90 code [0x0000000004483d00, 0x0000000004483ed0]
Event: 6575.747 Thread 0x0000000018d3f000 15567       3       org.gradle.internal.io.LineBufferingOutputStream::endsWithLineSeparator (27 bytes)
Event: 6575.747 Thread 0x0000000018d3f000 nmethod 15567 0x0000000004d933d0 code [0x0000000004d93520, 0x0000000004d93710]

GC Heap History (10 events):
Event: 86.527 GC heap before
{Heap before GC invocations=24 (full 4):
 PSYoungGen      total 199680K, used 173916K [0x00000000e0000000, 0x00000000f0c80000, 0x0000000100000000)
  eden space 174592K, 98% used [0x00000000e0000000,0x00000000ea786fc0,0x00000000eaa80000)
  from space 25088K, 9% used [0x00000000eaa80000,0x00000000eacd0098,0x00000000ec300000)
  to   space 39936K, 0% used [0x00000000ee580000,0x00000000ee580000,0x00000000f0c80000)
 ParOldGen       total 252928K, used 120558K [0x00000000a0000000, 0x00000000af700000, 0x00000000e0000000)
  object space 252928K, 47% used [0x00000000a0000000,0x00000000a75bba80,0x00000000af700000)
 Metaspace       used 71576K, capacity 75268K, committed 76200K, reserved 1114112K
  class space    used 9787K, capacity 10716K, committed 10920K, reserved 1048576K
Event: 86.552 GC heap after
Heap after GC invocations=24 (full 4):
 PSYoungGen      total 228864K, used 39505K [0x00000000e0000000, 0x00000000f1b00000, 0x0000000100000000)
  eden space 188928K, 0% used [0x00000000e0000000,0x00000000e0000000,0x00000000eb880000)
  from space 39936K, 98% used [0x00000000ee580000,0x00000000f0c144f8,0x00000000f0c80000)
  to   space 46080K, 0% used [0x00000000eb880000,0x00000000eb880000,0x00000000ee580000)
 ParOldGen       total 252928K, used 177769K [0x00000000a0000000, 0x00000000af700000, 0x00000000e0000000)
  object space 252928K, 70% used [0x00000000a0000000,0x00000000aad9a530,0x00000000af700000)
 Metaspace       used 71576K, capacity 75268K, committed 76200K, reserved 1114112K
  class space    used 9787K, capacity 10716K, committed 10920K, reserved 1048576K
}
Event: 569.452 GC heap before
{Heap before GC invocations=25 (full 4):
 PSYoungGen      total 228864K, used 228433K [0x00000000e0000000, 0x00000000f1b00000, 0x0000000100000000)
  eden space 188928K, 100% used [0x00000000e0000000,0x00000000eb880000,0x00000000eb880000)
  from space 39936K, 98% used [0x00000000ee580000,0x00000000f0c144f8,0x00000000f0c80000)
  to   space 46080K, 0% used [0x00000000eb880000,0x00000000eb880000,0x00000000ee580000)
 ParOldGen       total 252928K, used 177769K [0x00000000a0000000, 0x00000000af700000, 0x00000000e0000000)
  object space 252928K, 70% used [0x00000000a0000000,0x00000000aad9a530,0x00000000af700000)
 Metaspace       used 75673K, capacity 79660K, committed 80040K, reserved 1118208K
  class space    used 10100K, capacity 11054K, committed 11176K, reserved 1048576K
Event: 569.465 GC heap after
Heap after GC invocations=25 (full 4):
 PSYoungGen      total 202752K, used 19430K [0x00000000e0000000, 0x00000000f0900000, 0x0000000100000000)
  eden space 183296K, 0% used [0x00000000e0000000,0x00000000e0000000,0x00000000eb300000)
  from space 19456K, 99% used [0x00000000eb880000,0x00000000ecb79978,0x00000000ecb80000)
  to   space 44032K, 0% used [0x00000000ede00000,0x00000000ede00000,0x00000000f0900000)
 ParOldGen       total 252928K, used 177777K [0x00000000a0000000, 0x00000000af700000, 0x00000000e0000000)
  object space 252928K, 70% used [0x00000000a0000000,0x00000000aad9c530,0x00000000af700000)
 Metaspace       used 75673K, capacity 79660K, committed 80040K, reserved 1118208K
  class space    used 10100K, capacity 11054K, committed 11176K, reserved 1048576K
}
Event: 583.538 GC heap before
{Heap before GC invocations=26 (full 4):
 PSYoungGen      total 202752K, used 202726K [0x00000000e0000000, 0x00000000f0900000, 0x0000000100000000)
  eden space 183296K, 100% used [0x00000000e0000000,0x00000000eb300000,0x00000000eb300000)
  from space 19456K, 99% used [0x00000000eb880000,0x00000000ecb79978,0x00000000ecb80000)
  to   space 44032K, 0% used [0x00000000ede00000,0x00000000ede00000,0x00000000f0900000)
 ParOldGen       total 252928K, used 177777K [0x00000000a0000000, 0x00000000af700000, 0x00000000e0000000)
  object space 252928K, 70% used [0x00000000a0000000,0x00000000aad9c530,0x00000000af700000)
 Metaspace       used 76146K, capacity 80684K, committed 80808K, reserved 1118208K
  class space    used 10151K, capacity 11148K, committed 11176K, reserved 1048576K
Event: 583.561 GC heap after
Heap after GC invocations=26 (full 4):
 PSYoungGen      total 221184K, used 32241K [0x00000000e0000000, 0x00000000f0880000, 0x0000000100000000)
  eden space 177664K, 0% used [0x00000000e0000000,0x00000000e0000000,0x00000000ead80000)
  from space 43520K, 74% used [0x00000000ede00000,0x00000000efd7c4b0,0x00000000f0880000)
  to   space 46592K, 0% used [0x00000000ead80000,0x00000000ead80000,0x00000000edb00000)
 ParOldGen       total 252928K, used 177785K [0x00000000a0000000, 0x00000000af700000, 0x00000000e0000000)
  object space 252928K, 70% used [0x00000000a0000000,0x00000000aad9e530,0x00000000af700000)
 Metaspace       used 76146K, capacity 80684K, committed 80808K, reserved 1118208K
  class space    used 10151K, capacity 11148K, committed 11176K, reserved 1048576K
}
Event: 1308.139 GC heap before
{Heap before GC invocations=27 (full 4):
 PSYoungGen      total 221184K, used 209905K [0x00000000e0000000, 0x00000000f0880000, 0x0000000100000000)
  eden space 177664K, 100% used [0x00000000e0000000,0x00000000ead80000,0x00000000ead80000)
  from space 43520K, 74% used [0x00000000ede00000,0x00000000efd7c4b0,0x00000000f0880000)
  to   space 46592K, 0% used [0x00000000ead80000,0x00000000ead80000,0x00000000edb00000)
 ParOldGen       total 252928K, used 177785K [0x00000000a0000000, 0x00000000af700000, 0x00000000e0000000)
  object space 252928K, 70% used [0x00000000a0000000,0x00000000aad9e530,0x00000000af700000)
 Metaspace       used 76452K, capacity 80952K, committed 81192K, reserved 1120256K
  class space    used 10157K, capacity 11186K, committed 11304K, reserved 1048576K
Event: 1308.145 GC heap after
Heap after GC invocations=27 (full 4):
 PSYoungGen      total 176128K, used 3537K [0x00000000e0000000, 0x00000000f0380000, 0x0000000100000000)
  eden space 172544K, 0% used [0x00000000e0000000,0x00000000e0000000,0x00000000ea880000)
  from space 3584K, 98% used [0x00000000ead80000,0x00000000eb0f4450,0x00000000eb100000)
  to   space 46592K, 0% used [0x00000000ed600000,0x00000000ed600000,0x00000000f0380000)
 ParOldGen       total 252928K, used 177793K [0x00000000a0000000, 0x00000000af700000, 0x00000000e0000000)
  object space 252928K, 70% used [0x00000000a0000000,0x00000000aada0530,0x00000000af700000)
 Metaspace       used 76452K, capacity 80952K, committed 81192K, reserved 1120256K
  class space    used 10157K, capacity 11186K, committed 11304K, reserved 1048576K
}
Event: 6572.186 GC heap before
{Heap before GC invocations=28 (full 4):
 PSYoungGen      total 176128K, used 176081K [0x00000000e0000000, 0x00000000f0380000, 0x0000000100000000)
  eden space 172544K, 100% used [0x00000000e0000000,0x00000000ea880000,0x00000000ea880000)
  from space 3584K, 98% used [0x00000000ead80000,0x00000000eb0f4450,0x00000000eb100000)
  to   space 46592K, 0% used [0x00000000ed600000,0x00000000ed600000,0x00000000f0380000)
 ParOldGen       total 252928K, used 177793K [0x00000000a0000000, 0x00000000af700000, 0x00000000e0000000)
  object space 252928K, 70% used [0x00000000a0000000,0x00000000aada0530,0x00000000af700000)
 Metaspace       used 76941K, capacity 81664K, committed 81960K, reserved 1120256K
  class space    used 10200K, capacity 11260K, committed 11304K, reserved 1048576K
Event: 6572.206 GC heap after
Heap after GC invocations=28 (full 4):
 PSYoungGen      total 203776K, used 18545K [0x00000000e0000000, 0x00000000ef980000, 0x0000000100000000)
  eden space 167424K, 0% used [0x00000000e0000000,0x00000000e0000000,0x00000000ea380000)
  from space 36352K, 51% used [0x00000000ed600000,0x00000000ee81c470,0x00000000ef980000)
  to   space 44032K, 0% used [0x00000000ea380000,0x00000000ea380000,0x00000000ece80000)
 ParOldGen       total 252928K, used 177801K [0x00000000a0000000, 0x00000000af700000, 0x00000000e0000000)
  object space 252928K, 70% used [0x00000000a0000000,0x00000000aada2530,0x00000000af700000)
 Metaspace       used 76941K, capacity 81664K, committed 81960K, reserved 1120256K
  class space    used 10200K, capacity 11260K, committed 11304K, reserved 1048576K
}

Deoptimization events (10 events):
Event: 6575.509 Thread 0x0000000024f9c000 Uncommon trap: reason=class_check action=maybe_recompile pc=0x00000000056d5b00 method=org.gradle.internal.logging.console.StyledTextOutputBackedRenderer.onOutput(Lorg/gradle/internal/logging/events/OutputEvent;)V @ 65
Event: 6575.509 Thread 0x0000000024f9c000 Uncommon trap: reason=class_check action=maybe_recompile pc=0x0000000005871a44 method=org.gradle.internal.logging.sink.ProgressLogEventGenerator.onOutput(Lorg/gradle/internal/logging/events/OutputEvent;)V @ 45
Event: 6575.509 Thread 0x0000000024f9c000 Uncommon trap: reason=class_check action=maybe_recompile pc=0x000000000542bcc0 method=org.gradle.internal.logging.sink.OutputEventTransformer.onOutput(Lorg/gradle/internal/logging/events/OutputEvent;)V @ 335
Event: 6575.509 Thread 0x0000000024f9c000 Uncommon trap: reason=class_check action=maybe_recompile pc=0x00000000056d5b00 method=org.gradle.internal.logging.console.StyledTextOutputBackedRenderer.onOutput(Lorg/gradle/internal/logging/events/OutputEvent;)V @ 65
Event: 6575.509 Thread 0x0000000024f9c000 Uncommon trap: reason=class_check action=maybe_recompile pc=0x0000000005871a44 method=org.gradle.internal.logging.sink.ProgressLogEventGenerator.onOutput(Lorg/gradle/internal/logging/events/OutputEvent;)V @ 45
Event: 6575.509 Thread 0x0000000024f9c000 Uncommon trap: reason=class_check action=maybe_recompile pc=0x000000000542bcc0 method=org.gradle.internal.logging.sink.OutputEventTransformer.onOutput(Lorg/gradle/internal/logging/events/OutputEvent;)V @ 335
Event: 6575.509 Thread 0x0000000024f9c000 Uncommon trap: reason=class_check action=maybe_recompile pc=0x00000000056d5b00 method=org.gradle.internal.logging.console.StyledTextOutputBackedRenderer.onOutput(Lorg/gradle/internal/logging/events/OutputEvent;)V @ 65
Event: 6575.510 Thread 0x0000000024f9c000 Uncommon trap: reason=class_check action=maybe_recompile pc=0x0000000005871a44 method=org.gradle.internal.logging.sink.ProgressLogEventGenerator.onOutput(Lorg/gradle/internal/logging/events/OutputEvent;)V @ 45
Event: 6575.510 Thread 0x0000000024f9c000 Uncommon trap: reason=class_check action=maybe_recompile pc=0x00000000056e6570 method=org.gradle.internal.logging.console.StyledTextOutputBackedRenderer.onOutput(Lorg/gradle/internal/logging/events/OutputEvent;)V @ 65
Event: 6575.743 Thread 0x0000000024f9c000 Uncommon trap: reason=class_check action=maybe_recompile pc=0x000000000568811c method=org.gradle.internal.logging.console.StyledTextOutputBackedRenderer.onOutput(Lorg/gradle/internal/logging/events/OutputEvent;)V @ 65

Classes redefined (0 events):
No events

Internal exceptions (10 events):
Event: 569.902 Thread 0x000000001b273000 Implicit null exception at 0x000000000513de68 to 0x000000000513fd15
Event: 569.905 Thread 0x000000001b273000 Implicit null exception at 0x0000000005133bc8 to 0x00000000051349c1
Event: 583.656 Thread 0x000000001b276000 Exception <a 'java/io/FileNotFoundException'> (0x00000000e0e673d8) thrown at [C:\src\AOSP-openjdk-git\hotspot\src\share\vm\prims\jni.cpp, line 710]
Event: 585.360 Thread 0x0000000020a99800 Exception <a 'sun/nio/fs/WindowsException'> (0x00000000e071a9d8) thrown at [C:\src\AOSP-openjdk-git\hotspot\src\share\vm\prims\jni.cpp, line 710]
Event: 585.361 Thread 0x0000000020a99800 Exception <a 'sun/nio/fs/WindowsException'> (0x00000000e071c6e8) thrown at [C:\src\AOSP-openjdk-git\hotspot\src\share\vm\prims\jni.cpp, line 710]
Event: 585.362 Thread 0x0000000020a99800 Exception <a 'sun/nio/fs/WindowsException'> (0x00000000e071dff0) thrown at [C:\src\AOSP-openjdk-git\hotspot\src\share\vm\prims\jni.cpp, line 710]
Event: 585.362 Thread 0x0000000020a99800 Exception <a 'sun/nio/fs/WindowsException'> (0x00000000e071f8f8) thrown at [C:\src\AOSP-openjdk-git\hotspot\src\share\vm\prims\jni.cpp, line 710]
Event: 585.362 Thread 0x0000000020a99800 Exception <a 'sun/nio/fs/WindowsException'> (0x00000000e0721200) thrown at [C:\src\AOSP-openjdk-git\hotspot\src\share\vm\prims\jni.cpp, line 710]
Event: 585.362 Thread 0x0000000020a99800 Exception <a 'sun/nio/fs/WindowsException'> (0x00000000e0722b38) thrown at [C:\src\AOSP-openjdk-git\hotspot\src\share\vm\prims\jni.cpp, line 710]
Event: 585.363 Thread 0x0000000020a99800 Exception <a 'sun/nio/fs/WindowsException'> (0x00000000e0724450) thrown at [C:\src\AOSP-openjdk-git\hotspot\src\share\vm\prims\jni.cpp, line 710]

Events (10 events):
Event: 6575.511 Thread 0x0000000018d3f000 flushing nmethod 0x00000000043aef90
Event: 6575.511 Thread 0x0000000018d3f000 flushing nmethod 0x00000000043b3c90
Event: 6575.511 Thread 0x0000000018d3f000 flushing nmethod 0x0000000004483b90
Event: 6575.742 Thread 0x0000000024f9c000 Uncommon trap: trap_request=0xffffffde fr.pc=0x000000000568811c
Event: 6575.743 Thread 0x0000000024f9c000 DEOPT PACKING pc=0x000000000568811c sp=0x000000002798e9e0
Event: 6575.743 Thread 0x0000000024f9c000 DEOPT UNPACKING pc=0x00000000031a557b sp=0x000000002798e988 mode 2
Event: 6575.746 Thread 0x0000000018d3f000 flushing nmethod 0x0000000004adbc50
Event: 6575.746 Thread 0x0000000018d3f000 flushing nmethod 0x0000000004c9c250
Event: 6575.747 Thread 0x0000000018d3f000 flushing nmethod 0x0000000004d933d0
Event: 6575.747 Thread 0x0000000018d3f000 flushing nmethod 0x0000000004e99650


Dynamic libraries:
0x00007ff761460000 - 0x00007ff761491000 	C:\Program Files\Android\Android Studio\jre\bin\java.exe
0x00007ffd61870000 - 0x00007ffd61a65000 	C:\WINDOWS\SYSTEM32\ntdll.dll
0x00007ffd61770000 - 0x00007ffd6182d000 	C:\WINDOWS\System32\KERNEL32.DLL
0x00007ffd5efc0000 - 0x00007ffd5f287000 	C:\WINDOWS\System32\KERNELBASE.dll
0x00007ffd60b90000 - 0x00007ffd60c3a000 	C:\WINDOWS\System32\ADVAPI32.dll
0x00007ffd615f0000 - 0x00007ffd6168e000 	C:\WINDOWS\System32\msvcrt.dll
0x00007ffd60ff0000 - 0x00007ffd6108b000 	C:\WINDOWS\System32\sechost.dll
0x00007ffd61090000 - 0x00007ffd611b3000 	C:\WINDOWS\System32\RPCRT4.dll
0x00007ffd60980000 - 0x00007ffd60b20000 	C:\WINDOWS\System32\USER32.dll
0x00007ffd5f290000 - 0x00007ffd5f2b2000 	C:\WINDOWS\System32\win32u.dll
0x00007ffd60030000 - 0x00007ffd6005a000 	C:\WINDOWS\System32\GDI32.dll
0x00007ffd5f670000 - 0x00007ffd5f77a000 	C:\WINDOWS\System32\gdi32full.dll
0x00007ffd5f2c0000 - 0x00007ffd5f35d000 	C:\WINDOWS\System32\msvcp_win.dll
0x00007ffd5f3e0000 - 0x00007ffd5f4e0000 	C:\WINDOWS\System32\ucrtbase.dll
0x00007ffd4fd10000 - 0x00007ffd4ffaa000 	C:\WINDOWS\WinSxS\amd64_microsoft.windows.common-controls_6595b64144ccf1df_6.0.19041.1_none_b555e41d4684ddec\COMCTL32.dll
0x00007ffd5f8e0000 - 0x00007ffd5f910000 	C:\WINDOWS\System32\IMM32.DLL
0x000000005fca0000 - 0x000000005fd72000 	C:\Program Files\Android\Android Studio\jre\jre\bin\msvcr100.dll
0x000000005fe60000 - 0x00000000606ab000 	C:\Program Files\Android\Android Studio\jre\jre\bin\server\jvm.dll
0x00007ffd60060000 - 0x00007ffd60068000 	C:\WINDOWS\System32\PSAPI.DLL
0x00007ffd4d8d0000 - 0x00007ffd4d8d9000 	C:\WINDOWS\SYSTEM32\WSOCK32.dll
0x00007ffd510d0000 - 0x00007ffd510f7000 	C:\WINDOWS\SYSTEM32\WINMM.dll
0x00007ffd56b80000 - 0x00007ffd56b8a000 	C:\WINDOWS\SYSTEM32\VERSION.dll
0x00007ffd60b20000 - 0x00007ffd60b8b000 	C:\WINDOWS\System32\WS2_32.dll
0x00007ffd4d8c0000 - 0x00007ffd4d8cf000 	C:\Program Files\Android\Android Studio\jre\jre\bin\verify.dll
0x00007ffd3c6a0000 - 0x00007ffd3c6c9000 	C:\Program Files\Android\Android Studio\jre\jre\bin\java.dll
0x00007ffd38590000 - 0x00007ffd385a6000 	C:\Program Files\Android\Android Studio\jre\jre\bin\zip.dll
0x00007ffd60220000 - 0x00007ffd60960000 	C:\WINDOWS\System32\SHELL32.dll
0x00007ffd5cd80000 - 0x00007ffd5d511000 	C:\WINDOWS\SYSTEM32\windows.storage.dll
0x00007ffd61290000 - 0x00007ffd615e3000 	C:\WINDOWS\System32\combase.dll
0x00007ffd5ea40000 - 0x00007ffd5ea6c000 	C:\WINDOWS\SYSTEM32\Wldp.dll
0x00007ffd5f9d0000 - 0x00007ffd5fa7e000 	C:\WINDOWS\System32\SHCORE.dll
0x00007ffd5fa80000 - 0x00007ffd5fad5000 	C:\WINDOWS\System32\shlwapi.dll
0x00007ffd5ef00000 - 0x00007ffd5ef1f000 	C:\WINDOWS\SYSTEM32\profapi.dll
0x00007ffd38570000 - 0x00007ffd3858a000 	C:\Program Files\Android\Android Studio\jre\jre\bin\net.dll
0x00007ffd5e7c0000 - 0x00007ffd5e82a000 	C:\WINDOWS\system32\mswsock.dll
0x00007ffd36f70000 - 0x00007ffd36f83000 	C:\Program Files\Android\Android Studio\jre\jre\bin\nio.dll
0x00007ffd4ee50000 - 0x00007ffd4ee76000 	C:\Users\surya\.gradle\native\30\windows-amd64\native-platform.dll
0x00007ffd4d890000 - 0x00007ffd4d89d000 	C:\Program Files\Android\Android Studio\jre\jre\bin\management.dll
0x00007ffd5e990000 - 0x00007ffd5e9a8000 	C:\WINDOWS\SYSTEM32\CRYPTSP.dll
0x00007ffd5e0e0000 - 0x00007ffd5e114000 	C:\WINDOWS\system32\rsaenh.dll
0x00007ffd5f640000 - 0x00007ffd5f667000 	C:\WINDOWS\System32\bcrypt.dll
0x00007ffd5eec0000 - 0x00007ffd5eeee000 	C:\WINDOWS\SYSTEM32\USERENV.dll
0x00007ffd5f360000 - 0x00007ffd5f3df000 	C:\WINDOWS\System32\bcryptprimitives.dll
0x00007ffd5e9b0000 - 0x00007ffd5e9bc000 	C:\WINDOWS\SYSTEM32\CRYPTBASE.dll
0x00007ffd5e460000 - 0x00007ffd5e49b000 	C:\WINDOWS\SYSTEM32\IPHLPAPI.DLL
0x00007ffd5f9c0000 - 0x00007ffd5f9c9000 	C:\WINDOWS\System32\NSI.dll
0x00007ffd589d0000 - 0x00007ffd589e7000 	C:\WINDOWS\SYSTEM32\dhcpcsvc6.DLL
0x00007ffd58aa0000 - 0x00007ffd58abd000 	C:\WINDOWS\SYSTEM32\dhcpcsvc.DLL
0x00007ffd5e4a0000 - 0x00007ffd5e56a000 	C:\WINDOWS\SYSTEM32\DNSAPI.dll

VM Arguments:
jvm_args: -Xmx1536M -Dfile.encoding=windows-1252 -Duser.country=IN -Duser.language=en -Duser.variant 
java_command: org.gradle.launcher.daemon.bootstrap.GradleDaemon 5.6.2
java_class_path (initial): C:\Users\surya\.gradle\wrapper\dists\gradle-5.6.2-all\9st6wgf78h16so49nn74lgtbb\gradle-5.6.2\lib\gradle-launcher-5.6.2.jar
Launcher Type: SUN_STANDARD

Environment Variables:
JAVA_HOME=C:\Program Files\Android\Android Studio\jre
CLASSPATH=D:\flutter_projects\uiux\android\\gradle\wrapper\gradle-wrapper.jar
PATH=C:\Program Files (x86)\Common Files\Oracle\Java\javapath;C:\Python27;C:\Program Files\Java\jdk-14.0.1;C:\WINDOWS\system32;C:\WINDOWS;C:\WINDOWS\System32\Wbem;C:\WINDOWS\System32\WindowsPowerShell\v1.0\;C:\WINDOWS\System32\OpenSSH\;C:\Program Files\JAVA\jdk1.8.0_251\jre\bin;C:\Program Files\dotnet\;C:\Program Files\nodejs\;C:\Program Files (x86)\NVIDIA Corporation\PhysX\Common;%JDK_HOME%\bin;C:\sqlite3;C:\flutter\bin;C:\tools\dart-sdk\bin;C:\ProgramData\chocolatey\bin;C:\Program Files (x86)\Yarn\bin\;C:\WINDOWS\system32;C:\WINDOWS;C:\WINDOWS\System32\Wbem;C:\WINDOWS\System32\WindowsPowerShell\v1.0\;C:\WINDOWS\System32\OpenSSH\;C:\Program Files\JAVA\jdk1.8.0_251\jre\bin;C:\Users\surya\AppData\Local\Programs\Python\Python38-32\Scripts\;C:\Users\surya\AppData\Local\Programs\Python\Python38-32\;C:\Users\surya\AppData\Local\Microsoft\WindowsApps;C:\Users\surya\AppData\Local\Programs\Microsoft VS Code\bin;C:\Users\surya\AppData\Roaming\npm;C:\Python38\Scripts;C:\Python38;C:\flutter\bin;C:\Program Files\Java\jdk-14.0.1;C:\Program Files\Java\jdk-14.0.1\bin;C:\Users\surya\AppData\Local\GitHubDesktop\bin;C:\dart-sdk\bin;C:\tools\dart-sdk\bin;C:\Users\surya\AppData\Roaming\Pub\Cache\bin;C:\Users\surya\AppData\Local\Yarn\bin;C:\Users\surya\AppData\Local\Microsoft\WindowsApps;;C:\flutter\bin\mingit\cmd
USERNAME=surya
OS=Windows_NT
PROCESSOR_IDENTIFIER=Intel64 Family 6 Model 142 Stepping 10, GenuineIntel



---------------  S Y S T E M  ---------------

OS: Windows 10.0 , 64 bit Build 19041 (10.0.19041.292)

CPU:total 8 (initial active 8) (4 cores per cpu, 2 threads per core) family 6 model 142 stepping 10, cmov, cx8, fxsr, mmx, sse, sse2, sse3, ssse3, sse4.1, sse4.2, popcnt, avx, avx2, aes, clmul, erms, 3dnowpref, lzcnt, ht, tsc, tscinvbit, bmi1, bmi2, adx

Memory: 4k page, physical 8039312k(1151080k free), swap 9961360k(980k free)

vm_info: OpenJDK 64-Bit Server VM (25.242-b01) for windows-amd64 JRE (1.8.0_242-release-1644-b01), built by "builder" with MS VC++ 10.0 (VS2010)

time: Mon Aug 17 12:44:27 2020
timezone: India Standard Time
elapsed time: 6575 seconds (0d 1h 49m 35s)

