#
# There is insufficient memory for the Java Runtime Environment to continue.
# Native memory allocation (malloc) failed to allocate 131088 bytes for Chunk::new
# Possible reasons:
#   The system is out of physical RAM or swap space
#   The process is running with CompressedOops enabled, and the Java Heap may be blocking the growth of the native heap
# Possible solutions:
#   Reduce memory load on the system
#   Increase physical memory or swap space
#   Check if swap backing store is full
#   Decrease Java heap size (-Xmx/-Xms)
#   Decrease number of Java threads
#   Decrease Java thread stack sizes (-Xss)
#   Set larger code cache with -XX:ReservedCodeCacheSize=
#   JVM is running with Unscaled Compressed Oops mode in which the Java heap is
#     placed in the first 4GB address space. The Java Heap base address is the
#     maximum limit for the native heap growth. Please use -XX:HeapBaseMinAddress
#     to set the Java Heap base and to place the Java Heap above 4GB virtual address.
# This output file may be truncated or incomplete.
#
#  Out of Memory Error (allocation.cpp:389), pid=4292, tid=0x0000000000000a38
#
# JRE version: OpenJDK Runtime Environment (8.0_242-b01) (build 1.8.0_242-release-1644-b01)
# Java VM: OpenJDK 64-Bit Server VM (25.242-b01 mixed mode windows-amd64 compressed oops)
# Failed to write core dump. Minidumps are not enabled by default on client versions of Windows
#

---------------  T H R E A D  ---------------

Current thread (0x0000000018470000):  JavaThread "C2 CompilerThread2" daemon [_thread_in_native, id=2616, stack(0x0000000018f30000,0x0000000019030000)]

Stack: [0x0000000018f30000,0x0000000019030000]
[error occurred during error reporting (printing stack bounds), id 0xc0000005]

Native frames: (J=compiled Java code, j=interpreted, Vv=VM code, C=native code)


Current CompileTask:
C2:  15480 10554       4       java.util.Formatter$FormatSpecifier::<init> (246 bytes)


---------------  P R O C E S S  ---------------

Java Threads: ( => current thread )
  0x000000001b8bd000 JavaThread "Exec process Thread 3" [_thread_in_native, id=8800, stack(0x0000000028150000,0x0000000028250000)]
  0x000000001b8be800 JavaThread "Exec process Thread 2" [_thread_in_native, id=13344, stack(0x0000000028050000,0x0000000028150000)]
  0x000000001b8c1800 JavaThread "Exec process" [_thread_in_native, id=6432, stack(0x0000000027c00000,0x0000000027d00000)]
  0x000000001b8c3000 JavaThread "Cache worker for execution history cache (D:\flutter_projects\uiux\android\.gradle\5.6.2\executionHistory)" [_thread_blocked, id=12856, stack(0x0000000027890000,0x0000000027990000)]
  0x000000001b8c2800 JavaThread "Execution worker for ':' Thread 7" [_thread_blocked, id=13260, stack(0x0000000027790000,0x0000000027890000)]
  0x000000001b8bf800 JavaThread "Execution worker for ':' Thread 6" [_thread_blocked, id=8504, stack(0x0000000027690000,0x0000000027790000)]
  0x000000001b8c4000 JavaThread "Execution worker for ':' Thread 5" [_thread_blocked, id=14136, stack(0x0000000024f50000,0x0000000025050000)]
  0x000000001b8bc800 JavaThread "Execution worker for ':' Thread 4" [_thread_blocked, id=1540, stack(0x0000000027590000,0x0000000027690000)]
  0x000000001b8c1000 JavaThread "Execution worker for ':' Thread 3" [_thread_in_Java, id=12332, stack(0x0000000027490000,0x0000000027590000)]
  0x000000001b8bb800 JavaThread "Execution worker for ':' Thread 2" [_thread_in_native, id=2448, stack(0x0000000027390000,0x0000000027490000)]
  0x000000001b8c0000 JavaThread "Execution worker for ':'" [_thread_blocked, id=8004, stack(0x0000000027290000,0x0000000027390000)]
  0x000000001b8bb000 JavaThread "Cache worker for file content cache (D:\flutter_projects\uiux\android\.gradle\5.6.2\fileContent)" [_thread_blocked, id=4624, stack(0x0000000026b90000,0x0000000026c90000)]
  0x000000001d9ad000 JavaThread "Cache worker for file content cache (C:\Users\surya\.gradle\caches\5.6.2\fileContent)" [_thread_blocked, id=2352, stack(0x00000000258f0000,0x00000000259f0000)]
  0x000000001d9aa000 JavaThread "Memory manager" [_thread_blocked, id=13608, stack(0x0000000025ac0000,0x0000000025bc0000)]
  0x000000001d9a9800 JavaThread "Cache worker for Build Output Cleanup Cache (D:\flutter_projects\uiux\android\.gradle\buildOutputCleanup)" [_thread_blocked, id=14084, stack(0x0000000023a90000,0x0000000023b90000)]
  0x000000001d9a8000 JavaThread "Build operations Thread 8" [_thread_blocked, id=7000, stack(0x0000000024250000,0x0000000024350000)]
  0x000000001d9a7000 JavaThread "Build operations Thread 7" [_thread_blocked, id=1700, stack(0x0000000024150000,0x0000000024250000)]
  0x000000001d9a4000 JavaThread "Build operations Thread 6" [_thread_blocked, id=3008, stack(0x0000000024050000,0x0000000024150000)]
  0x000000001d99f800 JavaThread "Build operations Thread 5" [_thread_blocked, id=7412, stack(0x0000000023f50000,0x0000000024050000)]
  0x000000001d9a6800 JavaThread "Build operations Thread 4" [_thread_blocked, id=8252, stack(0x0000000023e50000,0x0000000023f50000)]
  0x000000001d99f000 JavaThread "Build operations Thread 3" [_thread_blocked, id=13032, stack(0x0000000023d50000,0x0000000023e50000)]
  0x000000001d9a2800 JavaThread "Build operations Thread 2" [_thread_blocked, id=11356, stack(0x0000000023c50000,0x0000000023d50000)]
  0x000000001d9a5800 JavaThread "Build operations" [_thread_blocked, id=11656, stack(0x0000000022590000,0x0000000022690000)]
  0x000000001d9a2000 JavaThread "Cache worker for execution history cache (C:\Users\surya\.gradle\caches\5.6.2\executionHistory)" [_thread_blocked, id=10432, stack(0x0000000020e90000,0x0000000020f90000)]
  0x000000001d9a5000 JavaThread "Cache worker for cache directory md-rule (C:\Users\surya\.gradle\caches\5.6.2\md-rule)" [_thread_blocked, id=6800, stack(0x0000000020d90000,0x0000000020e90000)]
  0x000000001d9a1000 JavaThread "Cache worker for cache directory md-supplier (C:\Users\surya\.gradle\caches\5.6.2\md-supplier)" [_thread_blocked, id=11120, stack(0x000000001f7f0000,0x000000001f8f0000)]
  0x000000001846b000 JavaThread "Cache worker for file hash cache (D:\flutter_projects\uiux\android\.gradle\5.6.2\fileHashes)" [_thread_blocked, id=12404, stack(0x000000001f4f0000,0x000000001f5f0000)]
  0x000000001846d000 JavaThread "Cache worker for journal cache (C:\Users\surya\.gradle\caches\journal-1)" [_thread_in_Java, id=6572, stack(0x000000001d050000,0x000000001d150000)]
  0x0000000018469800 JavaThread "File lock request listener" [_thread_in_native, id=9832, stack(0x000000001cf50000,0x000000001d050000)]
  0x000000001adc4000 JavaThread "Cache worker for file hash cache (C:\Users\surya\.gradle\caches\5.6.2\fileHashes)" [_thread_blocked, id=9584, stack(0x000000001ce50000,0x000000001cf50000)]
  0x000000001adde800 JavaThread "Thread-9" [_thread_blocked, id=7200, stack(0x000000001cd50000,0x000000001ce50000)]
  0x000000001adc7800 JavaThread "Stdin handler" [_thread_blocked, id=14236, stack(0x000000001cc50000,0x000000001cd50000)]
  0x000000001adc7000 JavaThread "Asynchronous log dispatcher for DefaultDaemonConnection: socket connection from /127.0.0.1:56384 to /127.0.0.1:56385" [_thread_blocked, id=7972, stack(0x000000001ca50000,0x000000001cb50000)]
  0x000000001adcc000 JavaThread "Daemon worker" [_thread_blocked, id=6404, stack(0x000000001c750000,0x000000001c850000)]
  0x000000001adb1800 JavaThread "Cancel handler" [_thread_blocked, id=3136, stack(0x000000001c650000,0x000000001c750000)]
  0x000000001ada7800 JavaThread "Handler for socket connection from /127.0.0.1:56384 to /127.0.0.1:56385" [_thread_in_native, id=6392, stack(0x000000001c550000,0x000000001c650000)]
  0x000000001ad95800 JavaThread "Daemon" [_thread_blocked, id=10184, stack(0x000000001c450000,0x000000001c550000)]
  0x000000001ad46000 JavaThread "Daemon periodic checks" [_thread_blocked, id=13136, stack(0x000000001c350000,0x000000001c450000)]
  0x000000001ad3a000 JavaThread "Incoming local TCP Connector on port 56384" [_thread_in_native, id=8788, stack(0x000000001c110000,0x000000001c210000)]
  0x000000001ac4d000 JavaThread "Daemon health stats" [_thread_blocked, id=3644, stack(0x000000001bad0000,0x000000001bbd0000)]
  0x0000000018503800 JavaThread "Service Thread" daemon [_thread_blocked, id=14264, stack(0x0000000019130000,0x0000000019230000)]
  0x000000001846b800 JavaThread "C1 CompilerThread3" daemon [_thread_in_native, id=13684, stack(0x0000000019030000,0x0000000019130000)]
=>0x0000000018470000 JavaThread "C2 CompilerThread2" daemon [_thread_in_native, id=2616, stack(0x0000000018f30000,0x0000000019030000)]
  0x000000001667e000 JavaThread "C2 CompilerThread1" daemon [_thread_in_native, id=4832, stack(0x0000000018e30000,0x0000000018f30000)]
  0x000000001667a000 JavaThread "C2 CompilerThread0" daemon [_thread_in_native, id=9644, stack(0x0000000018d30000,0x0000000018e30000)]
  0x0000000018465000 JavaThread "Attach Listener" daemon [_thread_blocked, id=7188, stack(0x0000000018c30000,0x0000000018d30000)]
  0x0000000018463800 JavaThread "Signal Dispatcher" daemon [_thread_blocked, id=896, stack(0x0000000018b30000,0x0000000018c30000)]
  0x0000000018451000 JavaThread "Finalizer" daemon [_thread_blocked, id=12920, stack(0x0000000018930000,0x0000000018a30000)]
  0x00000000028a7800 JavaThread "Reference Handler" daemon [_thread_blocked, id=11588, stack(0x0000000018830000,0x0000000018930000)]
  0x00000000027b2800 JavaThread "main" [_thread_blocked, id=11812, stack(0x00000000026b0000,0x00000000027b0000)]

Other Threads:
  0x0000000016667000 VMThread [stack: 0x0000000018330000,0x0000000018430000] [id=12304]
  0x0000000018505000 WatcherThread [stack: 0x0000000019230000,0x0000000019330000] [id=11316]

VM state:not at safepoint (normal execution)

VM Mutex/Monitor currently owned by a thread: None

heap address: 0x00000000a0000000, size: 1536 MB, Compressed Oops mode: 32-bit
Narrow klass base: 0x0000000000000000, Narrow klass shift: 3
Compressed class space size: 1073741824 Address: 0x0000000100000000

Heap:
 PSYoungGen      total 316416K, used 276003K [0x00000000e0000000, 0x00000000f6800000, 0x0000000100000000)
  eden space 293376K, 86% used [0x00000000e0000000,0x00000000ef70c938,0x00000000f1e80000)
  from space 23040K, 99% used [0x00000000f5180000,0x00000000f67fc4d0,0x00000000f6800000)
  to   space 30208K, 0% used [0x00000000f2d00000,0x00000000f2d00000,0x00000000f4a80000)
 ParOldGen       total 112128K, used 47550K [0x00000000a0000000, 0x00000000a6d80000, 0x00000000e0000000)
  object space 112128K, 42% used [0x00000000a0000000,0x00000000a2e6f860,0x00000000a6d80000)
 Metaspace       used 70615K, capacity 74490K, committed 74664K, reserved 1114112K
  class space    used 9619K, capacity 10555K, committed 10664K, reserved 1048576K

Card table byte_map: [0x0000000011c70000,0x0000000011f80000] byte_map_base: 0x0000000011770000

Marking Bits: (ParMarkBitMap*) 0x000000007032f030
 Begin Bits: [0x0000000012980000, 0x0000000014180000)
 End Bits:   [0x0000000014180000, 0x0000000015980000)

Polling page: 0x0000000000820000

CodeCache: size=245760Kb used=30184Kb max_used=30184Kb free=215575Kb
 bounds [0x00000000028b0000, 0x0000000004650000, 0x00000000118b0000]
 total_blobs=10235 nmethods=9384 adapters=763
 compilation: enabled

Compilation events (10 events):
Event: 15.420 Thread 0x000000001846b800 nmethod 10582 0x00000000046414d0 code [0x0000000004641640, 0x00000000046418a8]
Event: 15.420 Thread 0x000000001846b800 10584       3       org.objectweb.asm.commons.SignatureRemapper::visitReturnType (10 bytes)
Event: 15.420 Thread 0x000000001846b800 nmethod 10584 0x0000000004641990 code [0x0000000004641b00, 0x0000000004641d28]
Event: 15.420 Thread 0x000000001846b800 10586       3       org.objectweb.asm.commons.SignatureRemapper::<init> (27 bytes)
Event: 15.421 Thread 0x000000001846b800 nmethod 10586 0x0000000004641dd0 code [0x0000000004641f80, 0x00000000046424f8]
Event: 15.421 Thread 0x000000001846b800 10585       3       org.objectweb.asm.signature.SignatureWriter::visitReturnType (33 bytes)
Event: 15.421 Thread 0x000000001846b800 nmethod 10585 0x00000000046427d0 code [0x0000000004642a00, 0x0000000004643788]
Event: 15.421 Thread 0x000000001846b800 10587       3       org.objectweb.asm.MethodWriter::visitAnnotation (82 bytes)
Event: 15.422 Thread 0x000000001846b800 nmethod 10587 0x0000000004644010 code [0x00000000046441e0, 0x0000000004644878]
Event: 15.422 Thread 0x000000001846b800 10588       3       org.objectweb.asm.Type::getArgumentsAndReturnSizes (151 bytes)

GC Heap History (10 events):
Event: 5.049 GC heap before
{Heap before GC invocations=13 (full 2):
 PSYoungGen      total 187904K, used 174592K [0x00000000e0000000, 0x00000000ec880000, 0x0000000100000000)
  eden space 174592K, 100% used [0x00000000e0000000,0x00000000eaa80000,0x00000000eaa80000)
  from space 13312K, 0% used [0x00000000eb700000,0x00000000eb700000,0x00000000ec400000)
  to   space 12800K, 0% used [0x00000000eaa80000,0x00000000eaa80000,0x00000000eb700000)
 ParOldGen       total 68096K, used 16711K [0x00000000a0000000, 0x00000000a4280000, 0x00000000e0000000)
  object space 68096K, 24% used [0x00000000a0000000,0x00000000a1051f48,0x00000000a4280000)
 Metaspace       used 46600K, capacity 47840K, committed 47912K, reserved 1091584K
  class space    used 6248K, capacity 6633K, committed 6696K, reserved 1048576K
Event: 5.063 GC heap after
Heap after GC invocations=13 (full 2):
 PSYoungGen      total 187392K, used 12792K [0x00000000e0000000, 0x00000000f0d80000, 0x0000000100000000)
  eden space 174592K, 0% used [0x00000000e0000000,0x00000000e0000000,0x00000000eaa80000)
  from space 12800K, 99% used [0x00000000eaa80000,0x00000000eb6fe1c8,0x00000000eb700000)
  to   space 16896K, 0% used [0x00000000efd00000,0x00000000efd00000,0x00000000f0d80000)
 ParOldGen       total 68096K, used 22723K [0x00000000a0000000, 0x00000000a4280000, 0x00000000e0000000)
  object space 68096K, 33% used [0x00000000a0000000,0x00000000a1630cd0,0x00000000a4280000)
 Metaspace       used 46600K, capacity 47840K, committed 47912K, reserved 1091584K
  class space    used 6248K, capacity 6633K, committed 6696K, reserved 1048576K
}
Event: 6.314 GC heap before
{Heap before GC invocations=14 (full 2):
 PSYoungGen      total 187392K, used 187384K [0x00000000e0000000, 0x00000000f0d80000, 0x0000000100000000)
  eden space 174592K, 100% used [0x00000000e0000000,0x00000000eaa80000,0x00000000eaa80000)
  from space 12800K, 99% used [0x00000000eaa80000,0x00000000eb6fe1c8,0x00000000eb700000)
  to   space 16896K, 0% used [0x00000000efd00000,0x00000000efd00000,0x00000000f0d80000)
 ParOldGen       total 68096K, used 22723K [0x00000000a0000000, 0x00000000a4280000, 0x00000000e0000000)
  object space 68096K, 33% used [0x00000000a0000000,0x00000000a1630cd0,0x00000000a4280000)
 Metaspace       used 56301K, capacity 57990K, committed 58152K, reserved 1099776K
  class space    used 7665K, capacity 8142K, committed 8232K, reserved 1048576K
Event: 6.336 GC heap after
Heap after GC invocations=14 (full 2):
 PSYoungGen      total 252928K, used 16869K [0x00000000e0000000, 0x00000000f1600000, 0x0000000100000000)
  eden space 236032K, 0% used [0x00000000e0000000,0x00000000e0000000,0x00000000ee680000)
  from space 16896K, 99% used [0x00000000efd00000,0x00000000f0d79740,0x00000000f0d80000)
  to   space 23040K, 0% used [0x00000000ee680000,0x00000000ee680000,0x00000000efd00000)
 ParOldGen       total 68096K, used 33623K [0x00000000a0000000, 0x00000000a4280000, 0x00000000e0000000)
  object space 68096K, 49% used [0x00000000a0000000,0x00000000a20d5c48,0x00000000a4280000)
 Metaspace       used 56301K, capacity 57990K, committed 58152K, reserved 1099776K
  class space    used 7665K, capacity 8142K, committed 8232K, reserved 1048576K
}
Event: 6.599 GC heap before
{Heap before GC invocations=15 (full 2):
 PSYoungGen      total 252928K, used 54332K [0x00000000e0000000, 0x00000000f1600000, 0x0000000100000000)
  eden space 236032K, 15% used [0x00000000e0000000,0x00000000e24959b0,0x00000000ee680000)
  from space 16896K, 99% used [0x00000000efd00000,0x00000000f0d79740,0x00000000f0d80000)
  to   space 23040K, 0% used [0x00000000ee680000,0x00000000ee680000,0x00000000efd00000)
 ParOldGen       total 68096K, used 33623K [0x00000000a0000000, 0x00000000a4280000, 0x00000000e0000000)
  object space 68096K, 49% used [0x00000000a0000000,0x00000000a20d5c48,0x00000000a4280000)
 Metaspace       used 57135K, capacity 59112K, committed 59160K, reserved 1099776K
  class space    used 7778K, capacity 8331K, committed 8360K, reserved 1048576K
Event: 6.609 GC heap after
Heap after GC invocations=15 (full 2):
 PSYoungGen      total 259072K, used 3091K [0x00000000e0000000, 0x00000000f6800000, 0x0000000100000000)
  eden space 236032K, 0% used [0x00000000e0000000,0x00000000e0000000,0x00000000ee680000)
  from space 23040K, 13% used [0x00000000ee680000,0x00000000ee984e88,0x00000000efd00000)
  to   space 23040K, 0% used [0x00000000f5180000,0x00000000f5180000,0x00000000f6800000)
 ParOldGen       total 68096K, used 43968K [0x00000000a0000000, 0x00000000a4280000, 0x00000000e0000000)
  object space 68096K, 64% used [0x00000000a0000000,0x00000000a2af0130,0x00000000a4280000)
 Metaspace       used 57135K, capacity 59112K, committed 59160K, reserved 1099776K
  class space    used 7778K, capacity 8331K, committed 8360K, reserved 1048576K
}
Event: 6.609 GC heap before
{Heap before GC invocations=16 (full 3):
 PSYoungGen      total 259072K, used 3091K [0x00000000e0000000, 0x00000000f6800000, 0x0000000100000000)
  eden space 236032K, 0% used [0x00000000e0000000,0x00000000e0000000,0x00000000ee680000)
  from space 23040K, 13% used [0x00000000ee680000,0x00000000ee984e88,0x00000000efd00000)
  to   space 23040K, 0% used [0x00000000f5180000,0x00000000f5180000,0x00000000f6800000)
 ParOldGen       total 68096K, used 43968K [0x00000000a0000000, 0x00000000a4280000, 0x00000000e0000000)
  object space 68096K, 64% used [0x00000000a0000000,0x00000000a2af0130,0x00000000a4280000)
 Metaspace       used 57135K, capacity 59112K, committed 59160K, reserved 1099776K
  class space    used 7778K, capacity 8331K, committed 8360K, reserved 1048576K
Event: 6.861 GC heap after
Heap after GC invocations=16 (full 3):
 PSYoungGen      total 259072K, used 0K [0x00000000e0000000, 0x00000000f6800000, 0x0000000100000000)
  eden space 236032K, 0% used [0x00000000e0000000,0x00000000e0000000,0x00000000ee680000)
  from space 23040K, 0% used [0x00000000ee680000,0x00000000ee680000,0x00000000efd00000)
  to   space 23040K, 0% used [0x00000000f5180000,0x00000000f5180000,0x00000000f6800000)
 ParOldGen       total 112128K, used 38367K [0x00000000a0000000, 0x00000000a6d80000, 0x00000000e0000000)
  object space 112128K, 34% used [0x00000000a0000000,0x00000000a2577df0,0x00000000a6d80000)
 Metaspace       used 57135K, capacity 59112K, committed 59160K, reserved 1099776K
  class space    used 7778K, capacity 8331K, committed 8360K, reserved 1048576K
}
Event: 8.638 GC heap before
{Heap before GC invocations=17 (full 3):
 PSYoungGen      total 259072K, used 236032K [0x00000000e0000000, 0x00000000f6800000, 0x0000000100000000)
  eden space 236032K, 100% used [0x00000000e0000000,0x00000000ee680000,0x00000000ee680000)
  from space 23040K, 0% used [0x00000000ee680000,0x00000000ee680000,0x00000000efd00000)
  to   space 23040K, 0% used [0x00000000f5180000,0x00000000f5180000,0x00000000f6800000)
 ParOldGen       total 112128K, used 38367K [0x00000000a0000000, 0x00000000a6d80000, 0x00000000e0000000)
  object space 112128K, 34% used [0x00000000a0000000,0x00000000a2577df0,0x00000000a6d80000)
 Metaspace       used 63946K, capacity 66858K, committed 66984K, reserved 1105920K
  class space    used 8753K, capacity 9560K, committed 9640K, reserved 1048576K
Event: 8.661 GC heap after
Heap after GC invocations=17 (full 3):
 PSYoungGen      total 316416K, used 23025K [0x00000000e0000000, 0x00000000f6800000, 0x0000000100000000)
  eden space 293376K, 0% used [0x00000000e0000000,0x00000000e0000000,0x00000000f1e80000)
  from space 23040K, 99% used [0x00000000f5180000,0x00000000f67fc4d0,0x00000000f6800000)
  to   space 30208K, 0% used [0x00000000f2d00000,0x00000000f2d00000,0x00000000f4a80000)
 ParOldGen       total 112128K, used 47550K [0x00000000a0000000, 0x00000000a6d80000, 0x00000000e0000000)
  object space 112128K, 42% used [0x00000000a0000000,0x00000000a2e6f860,0x00000000a6d80000)
 Metaspace       used 63946K, capacity 66858K, committed 66984K, reserved 1105920K
  class space    used 8753K, capacity 9560K, committed 9640K, reserved 1048576K
}

Deoptimization events (10 events):
Event: 14.968 Thread 0x000000001b8bc800 Uncommon trap: reason=class_check action=maybe_recompile pc=0x000000000402c2e8 method=java.util.regex.Pattern$Loop.match(Ljava/util/regex/Matcher;ILjava/lang/CharSequence;)Z @ 139
Event: 14.968 Thread 0x000000001b8bc800 Uncommon trap: reason=class_check action=maybe_recompile pc=0x000000000402c2e8 method=java.util.regex.Pattern$Loop.match(Ljava/util/regex/Matcher;ILjava/lang/CharSequence;)Z @ 139
Event: 14.968 Thread 0x000000001b8bc800 Uncommon trap: reason=class_check action=maybe_recompile pc=0x000000000402c2e8 method=java.util.regex.Pattern$Loop.match(Ljava/util/regex/Matcher;ILjava/lang/CharSequence;)Z @ 139
Event: 15.020 Thread 0x000000001b8bc800 Uncommon trap: reason=unstable_if action=reinterpret pc=0x0000000002afdf3c method=sun.nio.cs.UTF_8$Decoder.decode([BII[C)I @ 30
Event: 15.020 Thread 0x000000001b8bc800 Uncommon trap: reason=unstable_if action=reinterpret pc=0x0000000003eb78f8 method=java.util.regex.Pattern$BitClass.isSatisfiedBy(I)Z @ 4
Event: 15.020 Thread 0x000000001b8bc800 Uncommon trap: reason=unstable_if action=reinterpret pc=0x0000000003eb080c method=java.util.regex.Pattern$Ctype.isSatisfiedBy(I)Z @ 4
Event: 15.049 Thread 0x000000001b8bc800 Uncommon trap: reason=unstable_if action=reinterpret pc=0x00000000034f4e14 method=java.lang.Character.isHighSurrogate(C)Z @ 3
Event: 15.050 Thread 0x000000001b8bc800 Uncommon trap: reason=bimorphic action=maybe_recompile pc=0x0000000002ee2fbc method=java.util.regex.Pattern$SliceI.match(Ljava/util/regex/Matcher;ILjava/lang/CharSequence;)Z @ 92
Event: 15.390 Thread 0x000000001b8c1000 Uncommon trap: reason=class_check action=maybe_recompile pc=0x0000000003eba5c8 method=java.util.regex.Matcher.search(I)Z @ 86
Event: 15.413 Thread 0x000000001b8c1000 Uncommon trap: reason=range_check action=make_not_entrant pc=0x00000000045a3264 method=org.objectweb.asm.Type.getType([CI)Lorg/objectweb/asm/Type; @ 2

Classes redefined (0 events):
No events

Internal exceptions (10 events):
Event: 9.394 Thread 0x000000001b8c2800 Implicit null exception at 0x0000000002bc5658 to 0x0000000002bc578d
Event: 9.394 Thread 0x000000001b8c1000 Implicit null exception at 0x0000000002bc5658 to 0x0000000002bc578d
Event: 11.698 Thread 0x000000001b8c2800 Exception <a 'sun/nio/fs/WindowsException'> (0x00000000e83a4bd8) thrown at [C:\src\AOSP-openjdk-git\hotspot\src\share\vm\prims\jni.cpp, line 710]
Event: 11.698 Thread 0x000000001b8c2800 Exception <a 'sun/nio/fs/WindowsException'> (0x00000000e83a5500) thrown at [C:\src\AOSP-openjdk-git\hotspot\src\share\vm\prims\jni.cpp, line 710]
Event: 11.698 Thread 0x000000001b8c2800 Exception <a 'sun/nio/fs/WindowsException'> (0x00000000e83a7300) thrown at [C:\src\AOSP-openjdk-git\hotspot\src\share\vm\prims\jni.cpp, line 710]
Event: 11.698 Thread 0x000000001b8c2800 Exception <a 'sun/nio/fs/WindowsException'> (0x00000000e83a8650) thrown at [C:\src\AOSP-openjdk-git\hotspot\src\share\vm\prims\jni.cpp, line 710]
Event: 15.051 Thread 0x000000001b8bc800 Exception <a 'sun/nio/fs/WindowsException'> (0x00000000eb3fb300) thrown at [C:\src\AOSP-openjdk-git\hotspot\src\share\vm\prims\jni.cpp, line 710]
Event: 15.051 Thread 0x000000001b8bc800 Exception <a 'sun/nio/fs/WindowsException'> (0x00000000eb3fbc28) thrown at [C:\src\AOSP-openjdk-git\hotspot\src\share\vm\prims\jni.cpp, line 710]
Event: 15.051 Thread 0x000000001b8bc800 Exception <a 'sun/nio/fs/WindowsException'> (0x00000000eb3fd650) thrown at [C:\src\AOSP-openjdk-git\hotspot\src\share\vm\prims\jni.cpp, line 710]
Event: 15.052 Thread 0x000000001b8bc800 Exception <a 'sun/nio/fs/WindowsException'> (0x00000000eb3fe840) thrown at [C:\src\AOSP-openjdk-git\hotspot\src\share\vm\prims\jni.cpp, line 710]

Events (10 events):
Event: 15.049 Thread 0x000000001b8bc800 DEOPT UNPACKING pc=0x00000000028f557b sp=0x000000002768bb60 mode 2
Event: 15.050 Thread 0x000000001b8bc800 Uncommon trap: trap_request=0xffffffc6 fr.pc=0x0000000002ee2fbc
Event: 15.050 Thread 0x000000001b8bc800 DEOPT PACKING pc=0x0000000002ee2fbc sp=0x000000002768bbf0
Event: 15.050 Thread 0x000000001b8bc800 DEOPT UNPACKING pc=0x00000000028f557b sp=0x000000002768bb70 mode 2
Event: 15.390 Thread 0x000000001b8c1000 Uncommon trap: trap_request=0xffffffde fr.pc=0x0000000003eba5c8
Event: 15.390 Thread 0x000000001b8c1000 DEOPT PACKING pc=0x0000000003eba5c8 sp=0x000000002758c010
Event: 15.390 Thread 0x000000001b8c1000 DEOPT UNPACKING pc=0x00000000028f557b sp=0x000000002758bf68 mode 2
Event: 15.413 Thread 0x000000001b8c1000 Uncommon trap: trap_request=0xffffffe4 fr.pc=0x00000000045a3264
Event: 15.413 Thread 0x000000001b8c1000 DEOPT PACKING pc=0x00000000045a3264 sp=0x000000002758b6d0
Event: 15.413 Thread 0x000000001b8c1000 DEOPT UNPACKING pc=0x00000000028f557b sp=0x000000002758b628 mode 2


Dynamic libraries:
0x00007ff72a8c0000 - 0x00007ff72a8f1000 	C:\Program Files\Android\Android Studio\jre\bin\java.exe
0x00007ffd23990000 - 0x00007ffd23b84000 	C:\WINDOWS\SYSTEM32\ntdll.dll
0x00007ffd227d0000 - 0x00007ffd2288d000 	C:\WINDOWS\System32\KERNEL32.DLL
0x00007ffd21730000 - 0x00007ffd219f7000 	C:\WINDOWS\System32\KERNELBASE.dll
0x00007ffd21cf0000 - 0x00007ffd21d9a000 	C:\WINDOWS\System32\ADVAPI32.dll
0x00007ffd22230000 - 0x00007ffd222ce000 	C:\WINDOWS\System32\msvcrt.dll
0x00007ffd238b0000 - 0x00007ffd2394b000 	C:\WINDOWS\System32\sechost.dll
0x00007ffd225d0000 - 0x00007ffd226f3000 	C:\WINDOWS\System32\RPCRT4.dll
0x00007ffd23700000 - 0x00007ffd238a0000 	C:\WINDOWS\System32\USER32.dll
0x00007ffd215f0000 - 0x00007ffd21612000 	C:\WINDOWS\System32\win32u.dll
0x00007ffd236d0000 - 0x00007ffd236fa000 	C:\WINDOWS\System32\GDI32.dll
0x00007ffd21620000 - 0x00007ffd2172a000 	C:\WINDOWS\System32\gdi32full.dll
0x00007ffd210e0000 - 0x00007ffd2117d000 	C:\WINDOWS\System32\msvcp_win.dll
0x00007ffd212e0000 - 0x00007ffd213e0000 	C:\WINDOWS\System32\ucrtbase.dll
0x00007ffd0fa70000 - 0x00007ffd0fd0a000 	C:\WINDOWS\WinSxS\amd64_microsoft.windows.common-controls_6595b64144ccf1df_6.0.19041.1_none_b555e41d4684ddec\COMCTL32.dll
0x00007ffd22390000 - 0x00007ffd223c0000 	C:\WINDOWS\System32\IMM32.DLL
0x000000006f9a0000 - 0x000000006fa72000 	C:\Program Files\Android\Android Studio\jre\jre\bin\msvcr100.dll
0x000000006fb60000 - 0x00000000703ab000 	C:\Program Files\Android\Android Studio\jre\jre\bin\server\jvm.dll
0x00007ffd238a0000 - 0x00007ffd238a8000 	C:\WINDOWS\System32\PSAPI.DLL
0x00007ffd1c940000 - 0x00007ffd1c949000 	C:\WINDOWS\SYSTEM32\WSOCK32.dll
0x00007ffd12610000 - 0x00007ffd12637000 	C:\WINDOWS\SYSTEM32\WINMM.dll
0x00007ffd13760000 - 0x00007ffd1376a000 	C:\WINDOWS\SYSTEM32\VERSION.dll
0x00007ffd22560000 - 0x00007ffd225cb000 	C:\WINDOWS\System32\WS2_32.dll
0x00007ffd1c930000 - 0x00007ffd1c93f000 	C:\Program Files\Android\Android Studio\jre\jre\bin\verify.dll
0x00007ffd0d5a0000 - 0x00007ffd0d5c9000 	C:\Program Files\Android\Android Studio\jre\jre\bin\java.dll
0x00007ffd0e1c0000 - 0x00007ffd0e1d6000 	C:\Program Files\Android\Android Studio\jre\jre\bin\zip.dll
0x00007ffd22f90000 - 0x00007ffd236c5000 	C:\WINDOWS\System32\SHELL32.dll
0x00007ffd1eb80000 - 0x00007ffd1f30f000 	C:\WINDOWS\SYSTEM32\windows.storage.dll
0x00007ffd22960000 - 0x00007ffd22cb3000 	C:\WINDOWS\System32\combase.dll
0x00007ffd20b60000 - 0x00007ffd20b8b000 	C:\WINDOWS\SYSTEM32\Wldp.dll
0x00007ffd21a00000 - 0x00007ffd21aae000 	C:\WINDOWS\System32\SHCORE.dll
0x00007ffd22df0000 - 0x00007ffd22e45000 	C:\WINDOWS\System32\shlwapi.dll
0x00007ffd21020000 - 0x00007ffd2103f000 	C:\WINDOWS\SYSTEM32\profapi.dll
0x00007ffd0d690000 - 0x00007ffd0d6aa000 	C:\Program Files\Android\Android Studio\jre\jre\bin\net.dll
0x00007ffd208e0000 - 0x00007ffd2094a000 	C:\WINDOWS\system32\mswsock.dll
0x00007ffd0b180000 - 0x00007ffd0b193000 	C:\Program Files\Android\Android Studio\jre\jre\bin\nio.dll
0x00007ffcef590000 - 0x00007ffcef5b6000 	C:\Users\surya\.gradle\native\30\windows-amd64\native-platform.dll
0x00007ffd19b00000 - 0x00007ffd19b0d000 	C:\Program Files\Android\Android Studio\jre\jre\bin\management.dll
0x00007ffd20ab0000 - 0x00007ffd20ac8000 	C:\WINDOWS\SYSTEM32\CRYPTSP.dll
0x00007ffd20200000 - 0x00007ffd20234000 	C:\WINDOWS\system32\rsaenh.dll
0x00007ffd21430000 - 0x00007ffd21457000 	C:\WINDOWS\System32\bcrypt.dll
0x00007ffd20fa0000 - 0x00007ffd20fce000 	C:\WINDOWS\SYSTEM32\USERENV.dll
0x00007ffd21570000 - 0x00007ffd215ef000 	C:\WINDOWS\System32\bcryptprimitives.dll
0x00007ffd20ad0000 - 0x00007ffd20adc000 	C:\WINDOWS\SYSTEM32\CRYPTBASE.dll
0x00007ffd20580000 - 0x00007ffd205bb000 	C:\WINDOWS\SYSTEM32\IPHLPAPI.DLL
0x00007ffd22380000 - 0x00007ffd22389000 	C:\WINDOWS\System32\NSI.dll
0x00007ffd18970000 - 0x00007ffd18987000 	C:\WINDOWS\SYSTEM32\dhcpcsvc6.DLL
0x00007ffd189b0000 - 0x00007ffd189cd000 	C:\WINDOWS\SYSTEM32\dhcpcsvc.DLL
0x00007ffd205d0000 - 0x00007ffd2069a000 	C:\WINDOWS\SYSTEM32\DNSAPI.dll
0x00007ffcfa070000 - 0x00007ffcfa094000 	C:\Program Files\Android\Android Studio\jre\jre\bin\sunec.dll
0x00007ffd10590000 - 0x00007ffd1059a000 	C:\Windows\System32\rasadhlp.dll
0x00007ffd109b0000 - 0x00007ffd10a2f000 	C:\WINDOWS\System32\fwpuclnt.dll
0x00007ffd0e4c0000 - 0x00007ffd0e4cb000 	C:\Program Files\Android\Android Studio\jre\jre\bin\sunmscapi.dll
0x00007ffd21180000 - 0x00007ffd212dd000 	C:\WINDOWS\System32\CRYPT32.dll

VM Arguments:
jvm_args: -Xmx1536M -Dfile.encoding=windows-1252 -Duser.country=IN -Duser.language=en -Duser.variant 
java_command: org.gradle.launcher.daemon.bootstrap.GradleDaemon 5.6.2
java_class_path (initial): C:\Users\surya\.gradle\wrapper\dists\gradle-5.6.2-all\9st6wgf78h16so49nn74lgtbb\gradle-5.6.2\lib\gradle-launcher-5.6.2.jar
Launcher Type: SUN_STANDARD

Environment Variables:
JAVA_HOME=C:\Program Files\Android\Android Studio\jre
CLASSPATH=D:\flutter_projects\uiux\android\\gradle\wrapper\gradle-wrapper.jar
PATH=C:\Program Files (x86)\Common Files\Oracle\Java\javapath;C:\Python27;C:\Program Files\Java\jdk-14.0.1;C:\WINDOWS\system32;C:\WINDOWS;C:\WINDOWS\System32\Wbem;C:\WINDOWS\System32\WindowsPowerShell\v1.0\;C:\WINDOWS\System32\OpenSSH\;C:\Program Files\JAVA\jdk1.8.0_251\jre\bin;C:\Program Files\dotnet\;C:\Program Files\nodejs\;C:\Program Files (x86)\NVIDIA Corporation\PhysX\Common;%JDK_HOME%\bin;C:\sqlite3;C:\flutter\bin;C:\tools\dart-sdk\bin;C:\ProgramData\chocolatey\bin;C:\Program Files (x86)\Yarn\bin\;C:\WINDOWS\system32;C:\WINDOWS;C:\WINDOWS\System32\Wbem;C:\WINDOWS\System32\WindowsPowerShell\v1.0\;C:\WINDOWS\System32\OpenSSH\;C:\Program Files\JAVA\jdk1.8.0_251\jre\bin;C:\Users\surya\AppData\Local\Programs\Python\Python38-32\Scripts\;C:\Users\surya\AppData\Local\Programs\Python\Python38-32\;C:\Users\surya\AppData\Local\Microsoft\WindowsApps;C:\Users\surya\AppData\Local\Programs\Microsoft VS Code\bin;C:\Users\surya\AppData\Roaming\npm;C:\Python38\Scripts;C:\Python38;C:\flutter\bin;C:\Program Files\Java\jdk-14.0.1;C:\Program Files\Java\jdk-14.0.1\bin;C:\Users\surya\AppData\Local\GitHubDesktop\bin;C:\dart-sdk\bin;C:\tools\dart-sdk\bin;C:\Users\surya\AppData\Roaming\Pub\Cache\bin;C:\Users\surya\AppData\Local\Yarn\bin;C:\Users\surya\AppData\Local\Microsoft\WindowsApps;;C:\flutter\bin\mingit\cmd
USERNAME=surya
OS=Windows_NT
PROCESSOR_IDENTIFIER=Intel64 Family 6 Model 142 Stepping 10, GenuineIntel



---------------  S Y S T E M  ---------------

OS: Windows 10.0 , 64 bit Build 19041 (10.0.19041.292)

CPU:total 8 (initial active 8) (4 cores per cpu, 2 threads per core) family 6 model 142 stepping 10, cmov, cx8, fxsr, mmx, sse, sse2, sse3, ssse3, sse4.1, sse4.2, popcnt, avx, avx2, aes, clmul, erms, 3dnowpref, lzcnt, ht, tsc, tscinvbit, bmi1, bmi2, adx

Memory: 4k page, physical 8039312k(1179136k free), swap 9961360k(5376k free)

vm_info: OpenJDK 64-Bit Server VM (25.242-b01) for windows-amd64 JRE (1.8.0_242-release-1644-b01), built by "builder" with MS VC++ 10.0 (VS2010)

time: Thu Aug 13 22:36:18 2020
timezone: India Standard Time
elapsed time: 15 seconds (0d 0h 0m 15s)

