#
# There is insufficient memory for the Java Runtime Environment to continue.
# Native memory allocation (malloc) failed to allocate 262160 bytes for Chunk::new
# Possible reasons:
#   The system is out of physical RAM or swap space
#   The process is running with CompressedOops enabled, and the Java Heap may be blocking the growth of the native heap
# Possible solutions:
#   Reduce memory load on the system
#   Increase physical memory or swap space
#   Check if swap backing store is full
#   Decrease Java heap size (-Xmx/-Xms)
#   Decrease number of Java threads
#   Decrease Java thread stack sizes (-Xss)
#   Set larger code cache with -XX:ReservedCodeCacheSize=
#   JVM is running with Unscaled Compressed Oops mode in which the Java heap is
#     placed in the first 4GB address space. The Java Heap base address is the
#     maximum limit for the native heap growth. Please use -XX:HeapBaseMinAddress
#     to set the Java Heap base and to place the Java Heap above 4GB virtual address.
# This output file may be truncated or incomplete.
#
#  Out of Memory Error (allocation.cpp:389), pid=5344, tid=0x000000000000127c
#
# JRE version: OpenJDK Runtime Environment (8.0_242-b01) (build 1.8.0_242-release-1644-b01)
# Java VM: OpenJDK 64-Bit Server VM (25.242-b01 mixed mode windows-amd64 compressed oops)
# Failed to write core dump. Minidumps are not enabled by default on client versions of Windows
#

---------------  T H R E A D  ---------------

Current thread (0x0000000018838000):  JavaThread "C2 CompilerThread2" daemon [_thread_in_native, id=4732, stack(0x0000000019300000,0x0000000019400000)]

Stack: [0x0000000019300000,0x0000000019400000]
[error occurred during error reporting (printing stack bounds), id 0xc0000005]

Native frames: (J=compiled Java code, j=interpreted, Vv=VM code, C=native code)


Current CompileTask:
C2:1336554 23189 %     4       com.android.tools.r8.ir.regalloc.LinearScanRegisterAllocator::a @ 2036 (3743 bytes)


---------------  P R O C E S S  ---------------

Java Threads: ( => current thread )
  0x0000000029b0c000 JavaThread "ForkJoinPool.commonPool-worker-0" daemon [_thread_blocked, id=11132, stack(0x000000002d3b0000,0x000000002d4b0000)]
  0x0000000029b0d800 JavaThread "ForkJoinPool.commonPool-worker-7" daemon [_thread_blocked, id=9984, stack(0x000000002d2b0000,0x000000002d3b0000)]
  0x0000000029b0c800 JavaThread "ForkJoinPool.commonPool-worker-6" daemon [_thread_blocked, id=10980, stack(0x000000002d1b0000,0x000000002d2b0000)]
  0x0000000029b10800 JavaThread "ForkJoinPool.commonPool-worker-5" daemon [_thread_blocked, id=1684, stack(0x000000002d0b0000,0x000000002d1b0000)]
  0x000000001ca83800 JavaThread "ForkJoinPool.commonPool-worker-4" daemon [_thread_blocked, id=2768, stack(0x000000002cfb0000,0x000000002d0b0000)]
  0x0000000020018800 JavaThread "ForkJoinPool.commonPool-worker-2" daemon [_thread_blocked, id=13460, stack(0x000000002cdb0000,0x000000002ceb0000)]
  0x0000000020018000 JavaThread "WorkerExecutor Queue Thread 13" [_thread_blocked, id=8372, stack(0x000000002ccb0000,0x000000002cdb0000)]
  0x0000000020017000 JavaThread "WorkerExecutor Queue Thread 12" [_thread_blocked, id=6548, stack(0x000000002cbb0000,0x000000002ccb0000)]
  0x000000002000e000 JavaThread "RMI TCP Connection(1)-127.0.0.1" daemon [_thread_in_native, id=9208, stack(0x000000002cab0000,0x000000002cbb0000)]
  0x0000000029d17800 JavaThread "RMI Reaper" [_thread_blocked, id=4172, stack(0x000000002c9b0000,0x000000002cab0000)]
  0x0000000029d0e800 JavaThread "RMI TCP Accept-0" daemon [_thread_in_native, id=10952, stack(0x000000002c8b0000,0x000000002c9b0000)]
  0x0000000029d14000 JavaThread "GC Daemon" daemon [_thread_blocked, id=13464, stack(0x000000002c7b0000,0x000000002c8b0000)]
  0x0000000029d17000 JavaThread "RMI Scheduler(0)" daemon [_thread_blocked, id=9964, stack(0x000000002c2d0000,0x000000002c3d0000)]
  0x0000000029d14800 JavaThread "WorkerExecutor Queue Thread 10" [_thread_blocked, id=7084, stack(0x0000000029870000,0x0000000029970000)]
  0x0000000029d18800 JavaThread "WorkerExecutor Queue Thread 9" [_thread_blocked, id=7252, stack(0x0000000028670000,0x0000000028770000)]
  0x0000000029d12800 JavaThread "Cache worker for Java compile cache (D:\flutter_projects\uiux\android\.gradle\5.6.2\javaCompile)" [_thread_blocked, id=12720, stack(0x0000000028270000,0x0000000028370000)]
  0x0000000029d0f800 JavaThread "Cache worker for Java compile cache (C:\Users\surya\.gradle\caches\5.6.2\javaCompile)" [_thread_blocked, id=6824, stack(0x0000000027e40000,0x0000000027f40000)]
  0x0000000029d11800 JavaThread "stdout" [_thread_in_native, id=6304, stack(0x0000000029370000,0x0000000029470000)]
  0x0000000029d11000 JavaThread "stderr" [_thread_in_native, id=13336, stack(0x0000000029270000,0x0000000029370000)]
  0x0000000029d0e000 JavaThread "stdout" [_thread_in_native, id=13624, stack(0x0000000029170000,0x0000000029270000)]
  0x0000000029d10000 JavaThread "stderr" [_thread_in_native, id=13388, stack(0x0000000029070000,0x0000000029170000)]
  0x000000001aaa3000 JavaThread "stdout" [_thread_in_native, id=3820, stack(0x0000000028f70000,0x0000000029070000)]
  0x000000001aaa2000 JavaThread "stderr" [_thread_in_native, id=736, stack(0x0000000028e70000,0x0000000028f70000)]
  0x000000001aaa1800 JavaThread "stdout" [_thread_in_native, id=10012, stack(0x0000000028d70000,0x0000000028e70000)]
  0x000000001ca8f800 JavaThread "stderr" [_thread_in_native, id=12708, stack(0x0000000028c70000,0x0000000028d70000)]
  0x000000001ca8d000 JavaThread "stdout" [_thread_in_native, id=12348, stack(0x0000000028b70000,0x0000000028c70000)]
  0x000000001ca88800 JavaThread "stderr" [_thread_in_native, id=12816, stack(0x0000000028a70000,0x0000000028b70000)]
  0x000000001ca8c800 JavaThread "stdout" [_thread_in_native, id=12380, stack(0x0000000028970000,0x0000000028a70000)]
  0x000000001ca8b800 JavaThread "stderr" [_thread_in_native, id=12828, stack(0x0000000028870000,0x0000000028970000)]
  0x000000001ca8b000 JavaThread "WorkerExecutor Queue Thread 8" [_thread_blocked, id=11096, stack(0x0000000028770000,0x0000000028870000)]
  0x000000001ca89800 JavaThread "stdout" [_thread_in_native, id=13780, stack(0x0000000028570000,0x0000000028670000)]
  0x000000001ca88000 JavaThread "stderr" [_thread_in_native, id=10088, stack(0x0000000028470000,0x0000000028570000)]
  0x000000001ca8a000 JavaThread "WorkerExecutor Queue Thread 6" [_thread_blocked, id=1312, stack(0x0000000028370000,0x0000000028470000)]
  0x000000002001a000 JavaThread "pool-9-thread-1" [_thread_blocked, id=13972, stack(0x0000000028170000,0x0000000028270000)]
  0x0000000020019800 JavaThread "WorkerExecutor Queue Thread 4" [_thread_blocked, id=11308, stack(0x0000000028070000,0x0000000028170000)]
  0x0000000020016800 JavaThread "Cache worker for execution history cache (D:\flutter_projects\uiux\android\.gradle\5.6.2\executionHistory)" [_thread_blocked, id=10588, stack(0x0000000027f70000,0x0000000028070000)]
  0x000000002001c800 JavaThread "Execution worker for ':' Thread 7" [_thread_blocked, id=1460, stack(0x0000000027940000,0x0000000027a40000)]
  0x000000002001b800 JavaThread "Execution worker for ':' Thread 6" [_thread_blocked, id=13132, stack(0x0000000027840000,0x0000000027940000)]
  0x000000002000f000 JavaThread "Execution worker for ':' Thread 5" [_thread_blocked, id=12508, stack(0x0000000027740000,0x0000000027840000)]
  0x0000000020011000 JavaThread "Execution worker for ':' Thread 4" [_thread_blocked, id=10236, stack(0x0000000027040000,0x0000000027140000)]
  0x0000000020015800 JavaThread "Execution worker for ':' Thread 3" [_thread_blocked, id=13348, stack(0x0000000026f40000,0x0000000027040000)]
  0x0000000020015000 JavaThread "Execution worker for ':' Thread 2" [_thread_blocked, id=3972, stack(0x0000000026e40000,0x0000000026f40000)]
  0x000000002000d800 JavaThread "Execution worker for ':'" [_thread_blocked, id=496, stack(0x00000000269c0000,0x0000000026ac0000)]
  0x0000000020014000 JavaThread "Cache worker for file content cache (D:\flutter_projects\uiux\android\.gradle\5.6.2\fileContent)" [_thread_blocked, id=4136, stack(0x0000000026af0000,0x0000000026bf0000)]
  0x0000000020012800 JavaThread "Cache worker for Build Output Cleanup Cache (D:\flutter_projects\uiux\android\.gradle\buildOutputCleanup)" [_thread_blocked, id=7572, stack(0x0000000025fc0000,0x00000000260c0000)]
  0x0000000020010800 JavaThread "Build operations Thread 8" [_thread_blocked, id=5392, stack(0x0000000025ac0000,0x0000000025bc0000)]
  0x0000000020013800 JavaThread "Build operations Thread 7" [_thread_blocked, id=9936, stack(0x0000000023af0000,0x0000000023bf0000)]
  0x000000002000f800 JavaThread "Build operations Thread 6" [_thread_blocked, id=11620, stack(0x00000000233f0000,0x00000000234f0000)]
  0x0000000021c2f000 JavaThread "Build operations Thread 5" [_thread_blocked, id=13392, stack(0x00000000232f0000,0x00000000233f0000)]
  0x0000000021c30800 JavaThread "Build operations Thread 4" [_thread_blocked, id=6044, stack(0x00000000231f0000,0x00000000232f0000)]
  0x0000000021c2e000 JavaThread "Build operations Thread 3" [_thread_blocked, id=10668, stack(0x00000000230f0000,0x00000000231f0000)]
  0x0000000021c2f800 JavaThread "Build operations Thread 2" [_thread_blocked, id=6872, stack(0x0000000022ff0000,0x00000000230f0000)]
  0x0000000021c26800 JavaThread "Build operations" [_thread_blocked, id=2008, stack(0x0000000022ef0000,0x0000000022ff0000)]
  0x0000000021c2d800 JavaThread "Cache worker for cache directory md-rule (C:\Users\surya\.gradle\caches\5.6.2\md-rule)" [_thread_blocked, id=12008, stack(0x0000000022df0000,0x0000000022ef0000)]
  0x0000000021c2c800 JavaThread "Cache worker for cache directory md-supplier (C:\Users\surya\.gradle\caches\5.6.2\md-supplier)" [_thread_blocked, id=892, stack(0x0000000022cf0000,0x0000000022df0000)]
  0x0000000021c26000 JavaThread "Cache worker for file hash cache (D:\flutter_projects\uiux\android\.gradle\5.6.2\fileHashes)" [_thread_blocked, id=14064, stack(0x0000000022bf0000,0x0000000022cf0000)]
  0x0000000021c25000 JavaThread "Thread-147" [_thread_blocked, id=10192, stack(0x0000000022af0000,0x0000000022bf0000)]
  0x0000000021c2c000 JavaThread "Stdin handler" [_thread_blocked, id=3396, stack(0x0000000021490000,0x0000000021590000)]
  0x0000000021c2b000 JavaThread "Asynchronous log dispatcher for DefaultDaemonConnection: socket connection from /127.0.0.1:50985 to /127.0.0.1:52180" [_thread_blocked, id=14164, stack(0x0000000021390000,0x0000000021490000)]
  0x0000000021c23800 JavaThread "Daemon worker Thread 4" [_thread_blocked, id=14004, stack(0x000000001e8f0000,0x000000001e9f0000)]
  0x0000000021c27800 JavaThread "Cancel handler" [_thread_blocked, id=13860, stack(0x000000001be50000,0x000000001bf50000)]
  0x0000000021c29000 JavaThread "Handler for socket connection from /127.0.0.1:50985 to /127.0.0.1:52180" [_thread_in_native, id=3860, stack(0x000000001bb50000,0x000000001bc50000)]
  0x0000000021c29800 JavaThread "Daemon Thread 4" [_thread_blocked, id=8256, stack(0x000000001b850000,0x000000001b950000)]
  0x000000001ca92800 JavaThread "Cache worker for file content cache (C:\Users\surya\.gradle\caches\5.6.2\fileContent)" [_thread_blocked, id=10956, stack(0x00000000259c0000,0x0000000025ac0000)]
  0x000000001ca8e800 JavaThread "Memory manager" [_thread_blocked, id=12180, stack(0x0000000000fe0000,0x00000000010e0000)]
  0x000000001ca86800 JavaThread "Cache worker for execution history cache (C:\Users\surya\.gradle\caches\5.6.2\executionHistory)" [_thread_blocked, id=8296, stack(0x00000000227f0000,0x00000000228f0000)]
  0x000000001aa9c000 JavaThread "Cache worker for journal cache (C:\Users\surya\.gradle\caches\journal-1)" [_thread_blocked, id=7880, stack(0x000000001c450000,0x000000001c550000)]
  0x000000001aa9d000 JavaThread "File lock request listener" [_thread_in_native, id=10744, stack(0x000000001c350000,0x000000001c450000)]
  0x000000001aaa0000 JavaThread "Cache worker for file hash cache (C:\Users\surya\.gradle\caches\5.6.2\fileHashes)" [_thread_blocked, id=10024, stack(0x000000001c250000,0x000000001c350000)]
  0x00000000188ac000 JavaThread "Daemon periodic checks" [_thread_blocked, id=4268, stack(0x000000001b750000,0x000000001b850000)]
  0x00000000188ab000 JavaThread "Incoming local TCP Connector on port 50985" [_thread_in_native, id=14256, stack(0x000000001b510000,0x000000001b610000)]
  0x000000001a797800 JavaThread "Daemon health stats" [_thread_blocked, id=11108, stack(0x000000001aed0000,0x000000001afd0000)]
  0x00000000188c9800 JavaThread "Service Thread" daemon [_thread_blocked, id=2428, stack(0x0000000019500000,0x0000000019600000)]
  0x0000000018840000 JavaThread "C1 CompilerThread3" daemon [_thread_blocked, id=10696, stack(0x0000000019400000,0x0000000019500000)]
=>0x0000000018838000 JavaThread "C2 CompilerThread2" daemon [_thread_in_native, id=4732, stack(0x0000000019300000,0x0000000019400000)]
  0x0000000018837000 JavaThread "C2 CompilerThread1" daemon [_thread_in_native, id=13212, stack(0x0000000019200000,0x0000000019300000)]
  0x0000000018833800 JavaThread "C2 CompilerThread0" daemon [_thread_in_native, id=3132, stack(0x0000000019100000,0x0000000019200000)]
  0x0000000018831000 JavaThread "Attach Listener" daemon [_thread_blocked, id=12096, stack(0x0000000019000000,0x0000000019100000)]
  0x0000000018830000 JavaThread "Signal Dispatcher" daemon [_thread_blocked, id=12184, stack(0x0000000018f00000,0x0000000019000000)]
  0x0000000018820800 JavaThread "Finalizer" daemon [_thread_blocked, id=14188, stack(0x0000000018d00000,0x0000000018e00000)]
  0x0000000016a1c000 JavaThread "Reference Handler" daemon [_thread_blocked, id=9888, stack(0x0000000018c00000,0x0000000018d00000)]
  0x0000000002b62800 JavaThread "main" [_thread_blocked, id=11564, stack(0x0000000002a60000,0x0000000002b60000)]

Other Threads:
  0x0000000016a17000 VMThread [stack: 0x0000000018700000,0x0000000018800000] [id=11968]
  0x00000000188cb800 WatcherThread [stack: 0x0000000019600000,0x0000000019700000] [id=4368]

VM state:at safepoint (normal execution)

VM Mutex/Monitor currently owned by a thread:  ([mutex/lock_event])
[0x0000000002a5e710] Threads_lock - owner thread: 0x0000000016a17000
[0x0000000002a5e190] Heap_lock - owner thread: 0x0000000018840000
[0x0000000002b61a50] MethodData_lock - owner thread: 0x0000000018840000

OutOfMemory and StackOverflow Exception counts:
OutOfMemoryError java_heap_errors=1

heap address: 0x00000000a0000000, size: 1536 MB, Compressed Oops mode: 32-bit
Narrow klass base: 0x0000000000000000, Narrow klass shift: 3
Compressed class space size: 1073741824 Address: 0x0000000100000000

Heap:
 PSYoungGen      total 280576K, used 7241K [0x00000000e0000000, 0x00000000f4400000, 0x0000000100000000)
  eden space 232448K, 0% used [0x00000000e0000000,0x00000000e0000000,0x00000000ee300000)
  from space 48128K, 15% used [0x00000000f1500000,0x00000000f1c12410,0x00000000f4400000)
  to   space 49664K, 0% used [0x00000000ee300000,0x00000000ee300000,0x00000000f1380000)
 ParOldGen       total 203264K, used 162571K [0x00000000a0000000, 0x00000000ac680000, 0x00000000e0000000)
  object space 203264K, 79% used [0x00000000a0000000,0x00000000a9ec2c00,0x00000000ac680000)
 Metaspace       used 107046K, capacity 113006K, committed 113192K, reserved 1150976K
  class space    used 13786K, capacity 15015K, committed 15144K, reserved 1048576K

Card table byte_map: [0x0000000012020000,0x0000000012330000] byte_map_base: 0x0000000011b20000

Marking Bits: (ParMarkBitMap*) 0x0000000063d2f030
 Begin Bits: [0x0000000012d30000, 0x0000000014530000)
 End Bits:   [0x0000000014530000, 0x0000000015d30000)

Polling page: 0x0000000001130000

CodeCache: size=245760Kb used=71419Kb max_used=71419Kb free=174340Kb
 bounds [0x0000000002c60000, 0x0000000007280000, 0x0000000011c60000]
 total_blobs=21394 nmethods=20443 adapters=861
 compilation: enabled

Compilation events (10 events):
Event: 1336.495 Thread 0x0000000018840000 nmethod 25071 0x0000000007271d50 code [0x0000000007271ea0, 0x0000000007271fb0]
Event: 1336.496 Thread 0x0000000018840000 25072       2       com.android.tools.r8.dex.VirtualFile$g::a (19 bytes)
Event: 1336.496 Thread 0x0000000018840000 nmethod 25072 0x0000000007272010 code [0x0000000007272180, 0x0000000007272398]
Event: 1336.496 Thread 0x0000000018840000 25073       2       com.android.tools.r8.dex.VirtualFile$g$$Lambda$873/2140002971::get$Lambda (9 bytes)
Event: 1336.497 Thread 0x0000000018840000 nmethod 25073 0x00000000072724d0 code [0x0000000007272620, 0x00000000072727b0]
Event: 1336.497 Thread 0x0000000018840000 25074       2       com.android.tools.r8.dex.VirtualFile$g$$Lambda$873/2140002971::<init> (10 bytes)
Event: 1336.497 Thread 0x0000000018840000 nmethod 25074 0x0000000007272850 code [0x00000000072729a0, 0x0000000007272b10]
Event: 1336.497 Thread 0x0000000018840000 25075       2       com.android.tools.r8.graph.DexValue$DexValueBoolean::hashCode (17 bytes)
Event: 1336.498 Thread 0x0000000018840000 nmethod 25075 0x0000000007272b90 code [0x0000000007272ce0, 0x0000000007272e50]
Event: 1336.498 Thread 0x0000000018840000 25077 % !   3       com.android.tools.r8.dex.c::b @ 191 (2274 bytes)

GC Heap History (10 events):
Event: 1335.468 GC heap after
Heap after GC invocations=51 (full 5):
 PSYoungGen      total 244224K, used 8493K [0x00000000e0000000, 0x00000000f2100000, 0x0000000100000000)
  eden space 193536K, 0% used [0x00000000e0000000,0x00000000e0000000,0x00000000ebd00000)
  from space 50688K, 16% used [0x00000000eef80000,0x00000000ef7cb638,0x00000000f2100000)
  to   space 51200K, 0% used [0x00000000ebd00000,0x00000000ebd00000,0x00000000eef00000)
 ParOldGen       total 203264K, used 131422K [0x00000000a0000000, 0x00000000ac680000, 0x00000000e0000000)
  object space 203264K, 64% used [0x00000000a0000000,0x00000000a8057b78,0x00000000ac680000)
 Metaspace       used 106557K, capacity 112490K, committed 112680K, reserved 1146880K
  class space    used 13786K, capacity 15015K, committed 15144K, reserved 1048576K
}
Event: 1335.749 GC heap before
{Heap before GC invocations=52 (full 5):
 PSYoungGen      total 244224K, used 202029K [0x00000000e0000000, 0x00000000f2100000, 0x0000000100000000)
  eden space 193536K, 100% used [0x00000000e0000000,0x00000000ebd00000,0x00000000ebd00000)
  from space 50688K, 16% used [0x00000000eef80000,0x00000000ef7cb638,0x00000000f2100000)
  to   space 51200K, 0% used [0x00000000ebd00000,0x00000000ebd00000,0x00000000eef00000)
 ParOldGen       total 203264K, used 131422K [0x00000000a0000000, 0x00000000ac680000, 0x00000000e0000000)
  object space 203264K, 64% used [0x00000000a0000000,0x00000000a8057b78,0x00000000ac680000)
 Metaspace       used 106774K, capacity 112698K, committed 112936K, reserved 1146880K
  class space    used 13786K, capacity 15015K, committed 15144K, reserved 1048576K
Event: 1335.758 GC heap after
Heap after GC invocations=52 (full 5):
 PSYoungGen      total 244736K, used 6121K [0x00000000e0000000, 0x00000000f4700000, 0x0000000100000000)
  eden space 193536K, 0% used [0x00000000e0000000,0x00000000e0000000,0x00000000ebd00000)
  from space 51200K, 11% used [0x00000000ebd00000,0x00000000ec2fa4b8,0x00000000eef00000)
  to   space 51200K, 0% used [0x00000000f1500000,0x00000000f1500000,0x00000000f4700000)
 ParOldGen       total 203264K, used 138167K [0x00000000a0000000, 0x00000000ac680000, 0x00000000e0000000)
  object space 203264K, 67% used [0x00000000a0000000,0x00000000a86edff8,0x00000000ac680000)
 Metaspace       used 106774K, capacity 112698K, committed 112936K, reserved 1146880K
  class space    used 13786K, capacity 15015K, committed 15144K, reserved 1048576K
}
Event: 1336.061 GC heap before
{Heap before GC invocations=53 (full 5):
 PSYoungGen      total 244736K, used 199657K [0x00000000e0000000, 0x00000000f4700000, 0x0000000100000000)
  eden space 193536K, 100% used [0x00000000e0000000,0x00000000ebd00000,0x00000000ebd00000)
  from space 51200K, 11% used [0x00000000ebd00000,0x00000000ec2fa4b8,0x00000000eef00000)
  to   space 51200K, 0% used [0x00000000f1500000,0x00000000f1500000,0x00000000f4700000)
 ParOldGen       total 203264K, used 138167K [0x00000000a0000000, 0x00000000ac680000, 0x00000000e0000000)
  object space 203264K, 67% used [0x00000000a0000000,0x00000000a86edff8,0x00000000ac680000)
 Metaspace       used 106923K, capacity 112854K, committed 113192K, reserved 1146880K
  class space    used 13786K, capacity 15015K, committed 15144K, reserved 1048576K
Event: 1336.076 GC heap after
Heap after GC invocations=53 (full 5):
 PSYoungGen      total 280576K, used 9773K [0x00000000e0000000, 0x00000000f4400000, 0x0000000100000000)
  eden space 232448K, 0% used [0x00000000e0000000,0x00000000e0000000,0x00000000ee300000)
  from space 48128K, 20% used [0x00000000f1500000,0x00000000f1e8b728,0x00000000f4400000)
  to   space 49664K, 0% used [0x00000000ee300000,0x00000000ee300000,0x00000000f1380000)
 ParOldGen       total 203264K, used 143615K [0x00000000a0000000, 0x00000000ac680000, 0x00000000e0000000)
  object space 203264K, 70% used [0x00000000a0000000,0x00000000a8c3ff00,0x00000000ac680000)
 Metaspace       used 106923K, capacity 112854K, committed 113192K, reserved 1146880K
  class space    used 13786K, capacity 15015K, committed 15144K, reserved 1048576K
}
Event: 1336.306 GC heap before
{Heap before GC invocations=54 (full 5):
 PSYoungGen      total 280576K, used 242221K [0x00000000e0000000, 0x00000000f4400000, 0x0000000100000000)
  eden space 232448K, 100% used [0x00000000e0000000,0x00000000ee300000,0x00000000ee300000)
  from space 48128K, 20% used [0x00000000f1500000,0x00000000f1e8b728,0x00000000f4400000)
  to   space 49664K, 0% used [0x00000000ee300000,0x00000000ee300000,0x00000000f1380000)
 ParOldGen       total 203264K, used 143615K [0x00000000a0000000, 0x00000000ac680000, 0x00000000e0000000)
  object space 203264K, 70% used [0x00000000a0000000,0x00000000a8c3ff00,0x00000000ac680000)
 Metaspace       used 106970K, capacity 112866K, committed 113192K, reserved 1146880K
  class space    used 13786K, capacity 15015K, committed 15144K, reserved 1048576K
Event: 1336.320 GC heap after
Heap after GC invocations=54 (full 5):
 PSYoungGen      total 282112K, used 14069K [0x00000000e0000000, 0x00000000f4400000, 0x0000000100000000)
  eden space 232448K, 0% used [0x00000000e0000000,0x00000000e0000000,0x00000000ee300000)
  from space 49664K, 28% used [0x00000000ee300000,0x00000000ef0bd680,0x00000000f1380000)
  to   space 48128K, 0% used [0x00000000f1500000,0x00000000f1500000,0x00000000f4400000)
 ParOldGen       total 203264K, used 150826K [0x00000000a0000000, 0x00000000ac680000, 0x00000000e0000000)
  object space 203264K, 74% used [0x00000000a0000000,0x00000000a934a8d0,0x00000000ac680000)
 Metaspace       used 106970K, capacity 112866K, committed 113192K, reserved 1146880K
  class space    used 13786K, capacity 15015K, committed 15144K, reserved 1048576K
}
Event: 1336.499 GC heap before
{Heap before GC invocations=55 (full 5):
 PSYoungGen      total 282112K, used 225416K [0x00000000e0000000, 0x00000000f4400000, 0x0000000100000000)
  eden space 232448K, 90% used [0x00000000e0000000,0x00000000ece64ac0,0x00000000ee300000)
  from space 49664K, 28% used [0x00000000ee300000,0x00000000ef0bd680,0x00000000f1380000)
  to   space 48128K, 0% used [0x00000000f1500000,0x00000000f1500000,0x00000000f4400000)
 ParOldGen       total 203264K, used 150826K [0x00000000a0000000, 0x00000000ac680000, 0x00000000e0000000)
  object space 203264K, 74% used [0x00000000a0000000,0x00000000a934a8d0,0x00000000ac680000)
 Metaspace       used 107046K, capacity 113006K, committed 113192K, reserved 1150976K
  class space    used 13786K, capacity 15015K, committed 15144K, reserved 1048576K
Event: 1336.507 GC heap after
Heap after GC invocations=55 (full 5):
 PSYoungGen      total 280576K, used 7241K [0x00000000e0000000, 0x00000000f4400000, 0x0000000100000000)
  eden space 232448K, 0% used [0x00000000e0000000,0x00000000e0000000,0x00000000ee300000)
  from space 48128K, 15% used [0x00000000f1500000,0x00000000f1c12410,0x00000000f4400000)
  to   space 49664K, 0% used [0x00000000ee300000,0x00000000ee300000,0x00000000f1380000)
 ParOldGen       total 203264K, used 162571K [0x00000000a0000000, 0x00000000ac680000, 0x00000000e0000000)
  object space 203264K, 79% used [0x00000000a0000000,0x00000000a9ec2c00,0x00000000ac680000)
 Metaspace       used 107046K, capacity 113006K, committed 113192K, reserved 1150976K
  class space    used 13786K, capacity 15015K, committed 15144K, reserved 1048576K
}
Event: 1336.507 GC heap before
{Heap before GC invocations=56 (full 6):
 PSYoungGen      total 280576K, used 7241K [0x00000000e0000000, 0x00000000f4400000, 0x0000000100000000)
  eden space 232448K, 0% used [0x00000000e0000000,0x00000000e0000000,0x00000000ee300000)
  from space 48128K, 15% used [0x00000000f1500000,0x00000000f1c12410,0x00000000f4400000)
  to   space 49664K, 0% used [0x00000000ee300000,0x00000000ee300000,0x00000000f1380000)
 ParOldGen       total 203264K, used 162571K [0x00000000a0000000, 0x00000000ac680000, 0x00000000e0000000)
  object space 203264K, 79% used [0x00000000a0000000,0x00000000a9ec2c00,0x00000000ac680000)
 Metaspace       used 107046K, capacity 113006K, committed 113192K, reserved 1150976K
  class space    used 13786K, capacity 15015K, committed 15144K, reserved 1048576K

Deoptimization events (10 events):
Event: 1335.579 Thread 0x000000002000d800 Uncommon trap: reason=class_check action=maybe_recompile pc=0x0000000006bde2f8 method=com.android.tools.r8.ir.analysis.g.e.b(Lcom/android/tools/r8/ir/code/Instruction;)V @ 241
Event: 1335.704 Thread 0x0000000020011000 Uncommon trap: reason=unstable_if action=reinterpret pc=0x000000000700a8b4 method=com.android.tools.r8.ir.conversion.V.a(Lcom/android/tools/r8/t/a/a/B;Lcom/android/tools/r8/t/a/a/B;)Z @ 211
Event: 1335.920 Thread 0x000000002000f000 Uncommon trap: reason=bimorphic action=maybe_recompile pc=0x0000000005ffbe98 method=com.android.tools.r8.ir.code.ValueType.a(Lcom/android/tools/r8/ir/analysis/type/TypeLatticeElement;)Lcom/android/tools/r8/ir/code/ValueType; @ 23
Event: 1335.920 Thread 0x000000002000f000 Uncommon trap: reason=bimorphic action=maybe_recompile pc=0x0000000005fdf2b4 method=com.android.tools.r8.ir.code.ValueType.a(Lcom/android/tools/r8/ir/analysis/type/TypeLatticeElement;)Lcom/android/tools/r8/ir/code/ValueType; @ 23
Event: 1336.108 Thread 0x000000002000f000 Uncommon trap: reason=class_check action=maybe_recompile pc=0x0000000006c2ff8c method=com.android.tools.r8.ir.conversion.U.a(Lcom/android/tools/r8/ir/conversion/T;)Z @ 4
Event: 1336.108 Thread 0x000000002000f000 Uncommon trap: reason=class_check action=maybe_recompile pc=0x0000000006c2ff8c method=com.android.tools.r8.ir.conversion.U.a(Lcom/android/tools/r8/ir/conversion/T;)Z @ 4
Event: 1336.108 Thread 0x000000002000f000 Uncommon trap: reason=class_check action=maybe_recompile pc=0x0000000006c2ff8c method=com.android.tools.r8.ir.conversion.U.a(Lcom/android/tools/r8/ir/conversion/T;)Z @ 4
Event: 1336.344 Thread 0x000000002001b800 Uncommon trap: reason=class_check action=maybe_recompile pc=0x0000000005292510 method=org.gradle.internal.Try$Success.flatMap(Ljava/util/function/Function;)Lorg/gradle/internal/Try; @ 10
Event: 1336.352 Thread 0x000000002000d800 Uncommon trap: reason=unstable_if action=reinterpret pc=0x000000000602b6c4 method=com.android.tools.r8.graph.DexString.slowCompareTo(Lcom/android/tools/r8/graph/DexString;)I @ 141
Event: 1336.418 Thread 0x000000002001b800 Uncommon trap: reason=unstable_if action=reinterpret pc=0x0000000005eab73c method=com.google.common.collect.CompactHashMap.moveLastEntry(I)V @ 132

Classes redefined (0 events):
No events

Internal exceptions (10 events):
Event: 1336.006 Thread 0x000000002001b800 Exception <a 'sun/nio/fs/WindowsException'> (0x00000000e9590b58) thrown at [C:\src\AOSP-openjdk-git\hotspot\src\share\vm\prims\jni.cpp, line 710]
Event: 1336.020 Thread 0x000000002001c800 Exception <a 'sun/nio/fs/WindowsException'> (0x00000000e9a48288) thrown at [C:\src\AOSP-openjdk-git\hotspot\src\share\vm\prims\jni.cpp, line 710]
Event: 1336.055 Thread 0x0000000020015800 Exception <a 'sun/nio/fs/WindowsException'> (0x00000000eb5afc38) thrown at [C:\src\AOSP-openjdk-git\hotspot\src\share\vm\prims\jni.cpp, line 710]
Event: 1336.101 Thread 0x000000002001b800 Exception <a 'sun/nio/fs/WindowsException'> (0x00000000e1f23c80) thrown at [C:\src\AOSP-openjdk-git\hotspot\src\share\vm\prims\jni.cpp, line 710]
Event: 1336.116 Thread 0x0000000020011000 Exception <a 'sun/nio/fs/WindowsException'> (0x00000000e2c1b6e8) thrown at [C:\src\AOSP-openjdk-git\hotspot\src\share\vm\prims\jni.cpp, line 710]
Event: 1336.144 Thread 0x000000002001b800 Exception <a 'sun/nio/fs/WindowsException'> (0x00000000e4d9ac68) thrown at [C:\src\AOSP-openjdk-git\hotspot\src\share\vm\prims\jni.cpp, line 710]
Event: 1336.228 Thread 0x0000000021c23800 Exception <a 'sun/nio/fs/WindowsException'> (0x00000000e99a6630) thrown at [C:\src\AOSP-openjdk-git\hotspot\src\share\vm\prims\jni.cpp, line 710]
Event: 1336.327 Thread 0x000000002001c800 Exception <a 'sun/nio/fs/WindowsException'> (0x00000000e05e6f60) thrown at [C:\src\AOSP-openjdk-git\hotspot\src\share\vm\prims\jni.cpp, line 710]
Event: 1336.342 Thread 0x000000002001b800 Exception <a 'java/lang/OutOfMemoryError'> (0x00000000e07ebc38) thrown at [C:\src\AOSP-openjdk-git\hotspot\src\share\vm\prims\jni.cpp, line 737]
Event: 1336.389 Thread 0x000000002000d800 Exception <a 'sun/nio/fs/WindowsException'> (0x00000000e420b128) thrown at [C:\src\AOSP-openjdk-git\hotspot\src\share\vm\prims\jni.cpp, line 710]

Events (10 events):
Event: 1336.443 Thread 0x0000000020011000 DEOPT UNPACKING pc=0x0000000002ca75d0 sp=0x000000002713b138 mode 0
Event: 1336.451 Thread 0x000000002000f000 DEOPT PACKING pc=0x00000000050edbd1 sp=0x000000002783b2d0
Event: 1336.451 Thread 0x000000002000f000 DEOPT UNPACKING pc=0x0000000002ca75d0 sp=0x000000002783b0b8 mode 0
Event: 1336.467 Thread 0x000000002000f000 DEOPT PACKING pc=0x00000000050edbd1 sp=0x000000002783b3f0
Event: 1336.467 Thread 0x000000002000f000 DEOPT UNPACKING pc=0x0000000002ca75d0 sp=0x000000002783b1d8 mode 0
Event: 1336.481 Thread 0x0000000020011000 DEOPT PACKING pc=0x00000000050ededa sp=0x000000002713b350
Event: 1336.481 Thread 0x0000000020011000 DEOPT UNPACKING pc=0x0000000002ca75d0 sp=0x000000002713b140 mode 0
Event: 1336.492 Thread 0x000000002000f000 DEOPT PACKING pc=0x00000000050ededa sp=0x000000002783b2d0
Event: 1336.492 Thread 0x000000002000f000 DEOPT UNPACKING pc=0x0000000002ca75d0 sp=0x000000002783b0c0 mode 0
Event: 1336.499 Executing VM operation: CollectForMetadataAllocation


Dynamic libraries:
0x00007ff6d9850000 - 0x00007ff6d9881000 	C:\Program Files\Android\Android Studio\jre\bin\java.exe
0x00007ffb7ed10000 - 0x00007ffb7ef04000 	C:\WINDOWS\SYSTEM32\ntdll.dll
0x00007ffb7d090000 - 0x00007ffb7d14d000 	C:\WINDOWS\System32\KERNEL32.DLL
0x00007ffb7c9a0000 - 0x00007ffb7cc67000 	C:\WINDOWS\System32\KERNELBASE.dll
0x00007ffb7ce40000 - 0x00007ffb7ceea000 	C:\WINDOWS\System32\ADVAPI32.dll
0x00007ffb7d980000 - 0x00007ffb7da1e000 	C:\WINDOWS\System32\msvcrt.dll
0x00007ffb7e160000 - 0x00007ffb7e1fb000 	C:\WINDOWS\System32\sechost.dll
0x00007ffb7d3a0000 - 0x00007ffb7d4c3000 	C:\WINDOWS\System32\RPCRT4.dll
0x00007ffb7d530000 - 0x00007ffb7d6d0000 	C:\WINDOWS\System32\USER32.dll
0x00007ffb7c970000 - 0x00007ffb7c992000 	C:\WINDOWS\System32\win32u.dll
0x00007ffb7d500000 - 0x00007ffb7d52a000 	C:\WINDOWS\System32\GDI32.dll
0x00007ffb7cc70000 - 0x00007ffb7cd7a000 	C:\WINDOWS\System32\gdi32full.dll
0x00007ffb7c4c0000 - 0x00007ffb7c55d000 	C:\WINDOWS\System32\msvcp_win.dll
0x00007ffb7c7f0000 - 0x00007ffb7c8f0000 	C:\WINDOWS\System32\ucrtbase.dll
0x00007ffb68d70000 - 0x00007ffb6900a000 	C:\WINDOWS\WinSxS\amd64_microsoft.windows.common-controls_6595b64144ccf1df_6.0.19041.1_none_b555e41d4684ddec\COMCTL32.dll
0x00007ffb7d4d0000 - 0x00007ffb7d500000 	C:\WINDOWS\System32\IMM32.DLL
0x00000000633a0000 - 0x0000000063472000 	C:\Program Files\Android\Android Studio\jre\jre\bin\msvcr100.dll
0x0000000063560000 - 0x0000000063dab000 	C:\Program Files\Android\Android Studio\jre\jre\bin\server\jvm.dll
0x00007ffb7cda0000 - 0x00007ffb7cda8000 	C:\WINDOWS\System32\PSAPI.DLL
0x00007ffb75aa0000 - 0x00007ffb75aaa000 	C:\WINDOWS\SYSTEM32\VERSION.dll
0x00007ffb6c9b0000 - 0x00007ffb6c9d7000 	C:\WINDOWS\SYSTEM32\WINMM.dll
0x00007ffb77c80000 - 0x00007ffb77c89000 	C:\WINDOWS\SYSTEM32\WSOCK32.dll
0x00007ffb7d910000 - 0x00007ffb7d97b000 	C:\WINDOWS\System32\WS2_32.dll
0x00007ffb6c690000 - 0x00007ffb6c69f000 	C:\Program Files\Android\Android Studio\jre\jre\bin\verify.dll
0x00007ffb6c440000 - 0x00007ffb6c469000 	C:\Program Files\Android\Android Studio\jre\jre\bin\java.dll
0x00007ffb6ba80000 - 0x00007ffb6ba96000 	C:\Program Files\Android\Android Studio\jre\jre\bin\zip.dll
0x00007ffb7da20000 - 0x00007ffb7e155000 	C:\WINDOWS\System32\SHELL32.dll
0x00007ffb7a230000 - 0x00007ffb7a9bf000 	C:\WINDOWS\SYSTEM32\windows.storage.dll
0x00007ffb7e3f0000 - 0x00007ffb7e743000 	C:\WINDOWS\System32\combase.dll
0x00007ffb7bee0000 - 0x00007ffb7bf0b000 	C:\WINDOWS\SYSTEM32\Wldp.dll
0x00007ffb7e200000 - 0x00007ffb7e2ae000 	C:\WINDOWS\System32\SHCORE.dll
0x00007ffb7ec70000 - 0x00007ffb7ecc5000 	C:\WINDOWS\System32\shlwapi.dll
0x00007ffb7c3a0000 - 0x00007ffb7c3bf000 	C:\WINDOWS\SYSTEM32\profapi.dll
0x00007ffb6b420000 - 0x00007ffb6b43a000 	C:\Program Files\Android\Android Studio\jre\jre\bin\net.dll
0x00007ffb7bc60000 - 0x00007ffb7bcca000 	C:\WINDOWS\system32\mswsock.dll
0x00007ffb6b400000 - 0x00007ffb6b413000 	C:\Program Files\Android\Android Studio\jre\jre\bin\nio.dll
0x00007ffb6c4c0000 - 0x00007ffb6c4e6000 	C:\Users\surya\.gradle\native\30\windows-amd64\native-platform.dll
0x00007ffb6c5e0000 - 0x00007ffb6c5ed000 	C:\Program Files\Android\Android Studio\jre\jre\bin\management.dll
0x00007ffb7be30000 - 0x00007ffb7be48000 	C:\WINDOWS\SYSTEM32\CRYPTSP.dll
0x00007ffb7b580000 - 0x00007ffb7b5b4000 	C:\WINDOWS\system32\rsaenh.dll
0x00007ffb7c940000 - 0x00007ffb7c967000 	C:\WINDOWS\System32\bcrypt.dll
0x00007ffb7c360000 - 0x00007ffb7c38e000 	C:\WINDOWS\SYSTEM32\USERENV.dll
0x00007ffb7c610000 - 0x00007ffb7c68f000 	C:\WINDOWS\System32\bcryptprimitives.dll
0x00007ffb7be50000 - 0x00007ffb7be5c000 	C:\WINDOWS\SYSTEM32\CRYPTBASE.dll
0x00007ffb7b900000 - 0x00007ffb7b93b000 	C:\WINDOWS\SYSTEM32\IPHLPAPI.DLL
0x00007ffb7e3e0000 - 0x00007ffb7e3e9000 	C:\WINDOWS\System32\NSI.dll
0x00007ffb75030000 - 0x00007ffb75047000 	C:\WINDOWS\SYSTEM32\dhcpcsvc6.DLL
0x00007ffb75230000 - 0x00007ffb7524d000 	C:\WINDOWS\SYSTEM32\dhcpcsvc.DLL
0x00007ffb7b940000 - 0x00007ffb7ba0a000 	C:\WINDOWS\SYSTEM32\DNSAPI.dll
0x00007ffb69c80000 - 0x00007ffb69ca4000 	C:\Program Files\Android\Android Studio\jre\jre\bin\sunec.dll
0x00007ffb6e310000 - 0x00007ffb6e31a000 	C:\Windows\System32\rasadhlp.dll
0x00007ffb6f8c0000 - 0x00007ffb6f93f000 	C:\WINDOWS\System32\fwpuclnt.dll
0x00007ffb6c430000 - 0x00007ffb6c43b000 	C:\Program Files\Android\Android Studio\jre\jre\bin\sunmscapi.dll
0x00007ffb7c690000 - 0x00007ffb7c7ed000 	C:\WINDOWS\System32\CRYPT32.dll
0x00007ffb77cb0000 - 0x00007ffb77cce000 	C:\Users\surya\AppData\Local\Temp\native-platform8721580860170510086dir\native-platform.dll

VM Arguments:
jvm_args: -Xmx1536M -Dfile.encoding=windows-1252 -Duser.country=IN -Duser.language=en -Duser.variant 
java_command: org.gradle.launcher.daemon.bootstrap.GradleDaemon 5.6.2
java_class_path (initial): C:\Users\surya\.gradle\wrapper\dists\gradle-5.6.2-all\9st6wgf78h16so49nn74lgtbb\gradle-5.6.2\lib\gradle-launcher-5.6.2.jar
Launcher Type: SUN_STANDARD

Environment Variables:
JAVA_HOME=C:\Program Files\Android\Android Studio\jre
CLASSPATH=D:\flutter_projects\uiux\android\\gradle\wrapper\gradle-wrapper.jar
PATH=C:\Program Files (x86)\Common Files\Oracle\Java\javapath;C:\Python27;C:\Program Files\Java\jdk-14.0.1;C:\WINDOWS\system32;C:\WINDOWS;C:\WINDOWS\System32\Wbem;C:\WINDOWS\System32\WindowsPowerShell\v1.0\;C:\WINDOWS\System32\OpenSSH\;C:\Program Files\Git\cmd;C:\Program Files\JAVA\jdk1.8.0_251\jre\bin;C:\Program Files\dotnet\;C:\Program Files\nodejs\;C:\Program Files (x86)\NVIDIA Corporation\PhysX\Common;C:\Program Files (x86)\Intel\Intel(R) Management Engine Components\DAL;C:\Program Files\Intel\Intel(R) Management Engine Components\DAL;%JDK_HOME%\bin;C:\sqlite3;C:\flutter\bin;C:\tools\dart-sdk\bin;C:\ProgramData\chocolatey\bin;C:\Program Files (x86)\Yarn\bin\;C:\WINDOWS\system32;C:\WINDOWS;C:\WINDOWS\System32\Wbem;C:\WINDOWS\System32\WindowsPowerShell\v1.0\;C:\WINDOWS\System32\OpenSSH\;C:\Program Files\JAVA\jdk1.8.0_251\jre\bin;C:\Users\surya\AppData\Local\Programs\Python\Python38-32\Scripts\;C:\Users\surya\AppData\Local\Programs\Python\Python38-32\;C:\Users\surya\AppData\Local\Microsoft\WindowsApps;C:\Users\surya\AppData\Local\Programs\Microsoft VS Code\bin;C:\Users\surya\AppData\Roaming\npm;C:\Python38\Scripts;C:\Python38;C:\flutter\bin;C:\Program Files\Java\jdk-14.0.1;C:\Program Files\Java\jdk-14.0.1\bin;C:\Users\surya\AppData\Local\GitHubDesktop\bin;C:\dart-sdk\bin;C:\tools\dart-sdk\bin;C:\Users\surya\AppData\Roaming\Pub\Cache\bin;C:\Users\surya\AppData\Local\Yarn\bin;C:\Users\surya\AppData\Local\Microsoft\WindowsApps;;C:\flutter\bin\mingit\cmd
USERNAME=surya
OS=Windows_NT
PROCESSOR_IDENTIFIER=Intel64 Family 6 Model 142 Stepping 10, GenuineIntel



---------------  S Y S T E M  ---------------

OS: Windows 10.0 , 64 bit Build 19041 (10.0.19041.292)

CPU:total 8 (initial active 8) (4 cores per cpu, 2 threads per core) family 6 model 142 stepping 10, cmov, cx8, fxsr, mmx, sse, sse2, sse3, ssse3, sse4.1, sse4.2, popcnt, avx, avx2, aes, clmul, erms, 3dnowpref, lzcnt, ht, tsc, tscinvbit, bmi1, bmi2, adx

Memory: 4k page, physical 8039312k(600188k free), swap 9961360k(3056k free)

vm_info: OpenJDK 64-Bit Server VM (25.242-b01) for windows-amd64 JRE (1.8.0_242-release-1644-b01), built by "builder" with MS VC++ 10.0 (VS2010)

time: Mon Aug 10 14:37:47 2020
timezone: India Standard Time
elapsed time: 1336 seconds (0d 0h 22m 16s)

