#
# There is insufficient memory for the Java Runtime Environment to continue.
# Native memory allocation (malloc) failed to allocate 32756 bytes for ChunkPool::allocate
# Possible reasons:
#   The system is out of physical RAM or swap space
#   In 32 bit mode, the process size limit was hit
# Possible solutions:
#   Reduce memory load on the system
#   Increase physical memory or swap space
#   Check if swap backing store is full
#   Use 64 bit Java on a 64 bit OS
#   Decrease Java heap size (-Xmx/-Xms)
#   Decrease number of Java threads
#   Decrease Java thread stack sizes (-Xss)
#   Set larger code cache with -XX:ReservedCodeCacheSize=
# This output file may be truncated or incomplete.
#
#  Out of Memory Error (allocation.cpp:272), pid=13332, tid=0x00000604
#
# JRE version: Java(TM) SE Runtime Environment (8.0_251-b08) (build 1.8.0_251-b08)
# Java VM: Java HotSpot(TM) Client VM (25.251-b08 mixed mode windows-x86 )
# Failed to write core dump. Minidumps are not enabled by default on client versions of Windows
#

---------------  T H R E A D  ---------------

Current thread (0x0282ec00):  VMThread [stack: 0x04900000,0x04950000] [id=1540]

Stack: [0x04900000,0x04950000],  sp=0x0494ee64,  free space=315k
Native frames: (J=compiled Java code, j=interpreted, Vv=VM code, C=native code)
V  [jvm.dll+0x1ae77b]
V  [jvm.dll+0x1a6c68]
V  [jvm.dll+0x8de31]
V  [jvm.dll+0x8e00d]
V  [jvm.dll+0x8e4a7]
V  [jvm.dll+0xa60f4]
V  [jvm.dll+0x18098c]
V  [jvm.dll+0x180b63]
V  [jvm.dll+0x1807a7]
V  [jvm.dll+0x14fb48]
V  [jvm.dll+0x14fc62]
V  [jvm.dll+0x184661]
V  [jvm.dll+0x184a77]
V  [jvm.dll+0x184c72]
V  [jvm.dll+0x1c6ea6]
C  [msvcr100.dll+0x5c556]
C  [msvcr100.dll+0x5c600]
C  [KERNEL32.DLL+0x1f989]
C  [ntdll.dll+0x67084]
C  [ntdll.dll+0x67054]

VM_Operation (0x049df51c): BulkRevokeBias, mode: safepoint, requested by thread 0x65397000


---------------  P R O C E S S  ---------------

Java Threads: ( => current thread )
  0x67705000 JavaThread "Execution worker for ':' Thread 7" [_thread_blocked, id=5252, stack(0x6c930000,0x6c980000)]
  0x67703800 JavaThread "Execution worker for ':' Thread 6" [_thread_blocked, id=4264, stack(0x6c8a0000,0x6c8f0000)]
  0x67700400 JavaThread "Execution worker for ':' Thread 5" [_thread_blocked, id=14184, stack(0x6c810000,0x6c860000)]
  0x67700000 JavaThread "Execution worker for ':' Thread 4" [_thread_blocked, id=10472, stack(0x6c780000,0x6c7d0000)]
  0x67702400 JavaThread "Execution worker for ':' Thread 3" [_thread_blocked, id=9980, stack(0x6c6f0000,0x6c740000)]
  0x67704c00 JavaThread "Execution worker for ':' Thread 2" [_thread_blocked, id=1868, stack(0x6c660000,0x6c6b0000)]
  0x67707000 JavaThread "Execution worker for ':'" [_thread_blocked, id=11012, stack(0x00d30000,0x00d80000)]
  0x67706800 JavaThread "Cache worker for file content cache (D:\flutter_projects\uiux\android\.gradle\5.6.2\fileContent)" [_thread_blocked, id=2308, stack(0x6c2d0000,0x6c320000)]
  0x67706400 JavaThread "Cache worker for file content cache (C:\Users\surya\.gradle\caches\5.6.2\fileContent)" [_thread_blocked, id=3664, stack(0x6c240000,0x6c290000)]
  0x67704400 JavaThread "Memory manager" [_thread_blocked, id=10908, stack(0x6b5c0000,0x6b610000)]
  0x67705c00 JavaThread "Cache worker for Build Output Cleanup Cache (D:\flutter_projects\uiux\android\.gradle\buildOutputCleanup)" [_thread_blocked, id=4728, stack(0x6b430000,0x6b480000)]
  0x67702c00 JavaThread "Build operations Thread 8" [_thread_blocked, id=10512, stack(0x69c40000,0x69c90000)]
  0x67705800 JavaThread "Build operations Thread 7" [_thread_blocked, id=13228, stack(0x69bb0000,0x69c00000)]
  0x67701800 JavaThread "Build operations Thread 6" [_thread_blocked, id=12836, stack(0x69b20000,0x69b70000)]
  0x67703c00 JavaThread "Build operations Thread 5" [_thread_blocked, id=9128, stack(0x69a90000,0x69ae0000)]
  0x67701000 JavaThread "Build operations Thread 4" [_thread_blocked, id=7244, stack(0x69a00000,0x69a50000)]
  0x67700c00 JavaThread "Build operations Thread 3" [_thread_blocked, id=3824, stack(0x69970000,0x699c0000)]
  0x67703000 JavaThread "Build operations Thread 2" [_thread_blocked, id=2688, stack(0x698e0000,0x69930000)]
  0x676ff800 JavaThread "Build operations" [_thread_blocked, id=11860, stack(0x69850000,0x698a0000)]
  0x66db2800 JavaThread "Cache worker for execution history cache (C:\Users\surya\.gradle\caches\5.6.2\executionHistory)" [_thread_blocked, id=10608, stack(0x694c0000,0x69510000)]
  0x66db5400 JavaThread "Cache worker for cache directory md-rule (C:\Users\surya\.gradle\caches\5.6.2\md-rule)" [_thread_blocked, id=10376, stack(0x69430000,0x69480000)]
  0x66db5000 JavaThread "Cache worker for cache directory md-supplier (C:\Users\surya\.gradle\caches\5.6.2\md-supplier)" [_thread_blocked, id=5308, stack(0x693a0000,0x693f0000)]
  0x66db3400 JavaThread "Cache worker for file hash cache (D:\flutter_projects\uiux\android\.gradle\5.6.2\fileHashes)" [_thread_blocked, id=9792, stack(0x688f0000,0x68940000)]
  0x66db2400 JavaThread "Cache worker for journal cache (C:\Users\surya\.gradle\caches\journal-1)" [_thread_blocked, id=5984, stack(0x68660000,0x686b0000)]
  0x66db3c00 JavaThread "File lock request listener" [_thread_in_native, id=7632, stack(0x685d0000,0x68620000)]
  0x66db3000 JavaThread "Cache worker for file hash cache (C:\Users\surya\.gradle\caches\5.6.2\fileHashes)" [_thread_blocked, id=14212, stack(0x68540000,0x68590000)]
  0x66db1c00 JavaThread "Thread-9" [_thread_blocked, id=14020, stack(0x682b0000,0x68300000)]
  0x66d9e800 JavaThread "Stdin handler" [_thread_blocked, id=1840, stack(0x68220000,0x68270000)]
  0x66d92000 JavaThread "Asynchronous log dispatcher for DefaultDaemonConnection: socket connection from /127.0.0.1:52820 to /127.0.0.1:52821" [_thread_blocked, id=10672, stack(0x68190000,0x681e0000)]
  0x66d91c00 JavaThread "Daemon worker" [_thread_in_native, id=11412, stack(0x68100000,0x68150000)]
  0x66d8e000 JavaThread "Cancel handler" [_thread_blocked, id=1320, stack(0x68070000,0x680c0000)]
  0x66d85400 JavaThread "Handler for socket connection from /127.0.0.1:52820 to /127.0.0.1:52821" [_thread_in_native, id=10432, stack(0x67fe0000,0x68030000)]
  0x66d18000 JavaThread "Daemon" [_thread_blocked, id=9976, stack(0x67f50000,0x67fa0000)]
  0x66d17800 JavaThread "Daemon periodic checks" [_thread_blocked, id=5436, stack(0x67ec0000,0x67f10000)]
  0x66d13000 JavaThread "Incoming local TCP Connector on port 52820" [_thread_in_native, id=4220, stack(0x67cf0000,0x67d40000)]
  0x66c22c00 JavaThread "Daemon health stats" [_thread_blocked, id=13692, stack(0x67820000,0x67870000)]
  0x653d5c00 JavaThread "Service Thread" daemon [_thread_blocked, id=11188, stack(0x65900000,0x65950000)]
  0x653bec00 JavaThread "C1 CompilerThread0" daemon [_thread_blocked, id=11600, stack(0x65870000,0x658c0000)]
  0x653bb400 JavaThread "Attach Listener" daemon [_thread_blocked, id=14024, stack(0x657e0000,0x65830000)]
  0x653ba400 JavaThread "Signal Dispatcher" daemon [_thread_blocked, id=2748, stack(0x65750000,0x657a0000)]
  0x6539d000 JavaThread "Finalizer" daemon [_thread_blocked, id=8460, stack(0x655c0000,0x65610000)]
  0x65397000 JavaThread "Reference Handler" daemon [_thread_blocked, id=4388, stack(0x04990000,0x049e0000)]
  0x028bd800 JavaThread "main" [_thread_blocked, id=2152, stack(0x00eb0000,0x00f00000)]

Other Threads:
=>0x0282ec00 VMThread [stack: 0x04900000,0x04950000] [id=1540]
  0x653e1c00 WatcherThread [stack: 0x65990000,0x659e0000] [id=1600]

VM state:at safepoint (normal execution)

VM Mutex/Monitor currently owned by a thread:  ([mutex/lock_event])
[0x028bc888] Threads_lock - owner thread: 0x0282ec00

Heap:
 def new generation   total 27392K, used 3294K [0x04a00000, 0x067b0000, 0x24a00000)
  eden space 24384K,   1% used [0x04a00000, 0x04a47a10, 0x061d0000)
  from space 3008K,  99% used [0x064c0000, 0x067aff68, 0x067b0000)
  to   space 3008K,   0% used [0x061d0000, 0x061d0000, 0x064c0000)
 tenured generation   total 60556K, used 44477K [0x24a00000, 0x28523000, 0x64a00000)
   the space 60556K,  73% used [0x24a00000, 0x2756f538, 0x2756f600, 0x28523000)
 Metaspace       used 43421K, capacity 44787K, committed 44800K, reserved 45440K

Card table byte_map: [0x64a00000,0x64d10000] byte_map_base: 0x649db000

Polling page: 0x00b50000

CodeCache: size=32768Kb used=6205Kb max_used=6260Kb free=26562Kb
 bounds [0x028c0000, 0x02ee8000, 0x048c0000]
 total_blobs=3538 nmethods=3068 adapters=400
 compilation: enabled

Compilation events (10 events):
Event: 30.861 Thread 0x653bec00 nmethod 3548 0x02a2a5c8 code [0x02a2a6c0, 0x02a2a75c]
Event: 30.861 Thread 0x653bec00 3549             org.objectweb.asm.Type::getArgumentTypes (131 bytes)
Event: 30.861 Thread 0x653bec00 nmethod 3549 0x02a27d08 code [0x02a27e40, 0x02a281d8]
Event: 30.862 Thread 0x653bec00 3550             org.objectweb.asm.ByteVector::putShort (52 bytes)
Event: 30.862 Thread 0x653bec00 nmethod 3550 0x02a279c8 code [0x02a27ad0, 0x02a27bdc]
Event: 30.863 Thread 0x653bec00 3551             org.objectweb.asm.Type::getReturnType (49 bytes)
Event: 30.863 Thread 0x653bec00 nmethod 3551 0x02a2d388 code [0x02a2d4a0, 0x02a2d688]
Event: 30.863 Thread 0x653bec00 3552             org.objectweb.asm.ClassWriter::get (49 bytes)
Event: 30.863 Thread 0x653bec00 nmethod 3552 0x02a2d008 code [0x02a2d110, 0x02a2d23c]
Event: 30.864 Thread 0x653bec00 3553             org.objectweb.asm.ClassReader::readCode (3575 bytes)

GC Heap History (10 events):
Event: 25.393 GC heap before
{Heap before GC invocations=107 (full 5):
 def new generation   total 27392K, used 24384K [0x04a00000, 0x067b0000, 0x24a00000)
  eden space 24384K, 100% used [0x04a00000, 0x061d0000, 0x061d0000)
  from space 3008K,   0% used [0x061d0000, 0x061d0000, 0x064c0000)
  to   space 3008K,   0% used [0x064c0000, 0x064c0000, 0x067b0000)
 tenured generation   total 60556K, used 36331K [0x24a00000, 0x28523000, 0x64a00000)
   the space 60556K,  59% used [0x24a00000, 0x26d7afd8, 0x26d7b000, 0x28523000)
 Metaspace       used 41433K, capacity 42482K, committed 42496K, reserved 43392K
Event: 25.415 GC heap after
Heap after GC invocations=108 (full 5):
 def new generation   total 27392K, used 1908K [0x04a00000, 0x067b0000, 0x24a00000)
  eden space 24384K,   0% used [0x04a00000, 0x04a00000, 0x061d0000)
  from space 3008K,  63% used [0x064c0000, 0x0669d1d8, 0x067b0000)
  to   space 3008K,   0% used [0x061d0000, 0x061d0000, 0x064c0000)
 tenured generation   total 60556K, used 36334K [0x24a00000, 0x28523000, 0x64a00000)
   the space 60556K,  60% used [0x24a00000, 0x26d7b970, 0x26d7ba00, 0x28523000)
 Metaspace       used 41433K, capacity 42482K, committed 42496K, reserved 43392K
}
Event: 28.514 GC heap before
{Heap before GC invocations=108 (full 5):
 def new generation   total 27392K, used 26292K [0x04a00000, 0x067b0000, 0x24a00000)
  eden space 24384K, 100% used [0x04a00000, 0x061d0000, 0x061d0000)
  from space 3008K,  63% used [0x064c0000, 0x0669d1d8, 0x067b0000)
  to   space 3008K,   0% used [0x061d0000, 0x061d0000, 0x064c0000)
 tenured generation   total 60556K, used 36334K [0x24a00000, 0x28523000, 0x64a00000)
   the space 60556K,  60% used [0x24a00000, 0x26d7b970, 0x26d7ba00, 0x28523000)
 Metaspace       used 42095K, capacity 43172K, committed 43264K, reserved 43392K
Event: 28.522 GC heap after
Heap after GC invocations=109 (full 5):
 def new generation   total 27392K, used 1928K [0x04a00000, 0x067b0000, 0x24a00000)
  eden space 24384K,   0% used [0x04a00000, 0x04a00000, 0x061d0000)
  from space 3008K,  64% used [0x061d0000, 0x063b22b0, 0x064c0000)
  to   space 3008K,   0% used [0x064c0000, 0x064c0000, 0x067b0000)
 tenured generation   total 60556K, used 36989K [0x24a00000, 0x28523000, 0x64a00000)
   the space 60556K,  61% used [0x24a00000, 0x26e1f5b8, 0x26e1f600, 0x28523000)
 Metaspace       used 42095K, capacity 43172K, committed 43264K, reserved 43392K
}
Event: 30.171 GC heap before
{Heap before GC invocations=109 (full 5):
 def new generation   total 27392K, used 26312K [0x04a00000, 0x067b0000, 0x24a00000)
  eden space 24384K, 100% used [0x04a00000, 0x061d0000, 0x061d0000)
  from space 3008K,  64% used [0x061d0000, 0x063b22b0, 0x064c0000)
  to   space 3008K,   0% used [0x064c0000, 0x064c0000, 0x067b0000)
 tenured generation   total 60556K, used 36989K [0x24a00000, 0x28523000, 0x64a00000)
   the space 60556K,  61% used [0x24a00000, 0x26e1f5b8, 0x26e1f600, 0x28523000)
 Metaspace       used 42595K, capacity 43719K, committed 43776K, reserved 44416K
Event: 30.185 GC heap after
Heap after GC invocations=110 (full 5):
 def new generation   total 27392K, used 3007K [0x04a00000, 0x067b0000, 0x24a00000)
  eden space 24384K,   0% used [0x04a00000, 0x04a00000, 0x061d0000)
  from space 3008K,  99% used [0x064c0000, 0x067afff8, 0x067b0000)
  to   space 3008K,   0% used [0x061d0000, 0x061d0000, 0x064c0000)
 tenured generation   total 60556K, used 38249K [0x24a00000, 0x28523000, 0x64a00000)
   the space 60556K,  63% used [0x24a00000, 0x26f5a640, 0x26f5a800, 0x28523000)
 Metaspace       used 42595K, capacity 43719K, committed 43776K, reserved 44416K
}
Event: 30.722 GC heap before
{Heap before GC invocations=110 (full 5):
 def new generation   total 27392K, used 27391K [0x04a00000, 0x067b0000, 0x24a00000)
  eden space 24384K, 100% used [0x04a00000, 0x061d0000, 0x061d0000)
  from space 3008K,  99% used [0x064c0000, 0x067afff8, 0x067b0000)
  to   space 3008K,   0% used [0x061d0000, 0x061d0000, 0x064c0000)
 tenured generation   total 60556K, used 38249K [0x24a00000, 0x28523000, 0x64a00000)
   the space 60556K,  63% used [0x24a00000, 0x26f5a640, 0x26f5a800, 0x28523000)
 Metaspace       used 43083K, capacity 44419K, committed 44544K, reserved 45440K
Event: 30.737 GC heap after
Heap after GC invocations=111 (full 5):
 def new generation   total 27392K, used 3008K [0x04a00000, 0x067b0000, 0x24a00000)
  eden space 24384K,   0% used [0x04a00000, 0x04a00000, 0x061d0000)
  from space 3008K, 100% used [0x061d0000, 0x064c0000, 0x064c0000)
  to   space 3008K,   0% used [0x064c0000, 0x064c0000, 0x067b0000)
 tenured generation   total 60556K, used 41558K [0x24a00000, 0x28523000, 0x64a00000)
   the space 60556K,  68% used [0x24a00000, 0x27295b98, 0x27295c00, 0x28523000)
 Metaspace       used 43083K, capacity 44419K, committed 44544K, reserved 45440K
}
Event: 30.865 GC heap before
{Heap before GC invocations=111 (full 5):
 def new generation   total 27392K, used 27392K [0x04a00000, 0x067b0000, 0x24a00000)
  eden space 24384K, 100% used [0x04a00000, 0x061d0000, 0x061d0000)
  from space 3008K, 100% used [0x061d0000, 0x064c0000, 0x064c0000)
  to   space 3008K,   0% used [0x064c0000, 0x064c0000, 0x067b0000)
 tenured generation   total 60556K, used 41558K [0x24a00000, 0x28523000, 0x64a00000)
   the space 60556K,  68% used [0x24a00000, 0x27295b98, 0x27295c00, 0x28523000)
 Metaspace       used 43420K, capacity 44787K, committed 44800K, reserved 45440K
Event: 30.874 GC heap after
Heap after GC invocations=112 (full 5):
 def new generation   total 27392K, used 3007K [0x04a00000, 0x067b0000, 0x24a00000)
  eden space 24384K,   0% used [0x04a00000, 0x04a00000, 0x061d0000)
  from space 3008K,  99% used [0x064c0000, 0x067aff68, 0x067b0000)
  to   space 3008K,   0% used [0x061d0000, 0x061d0000, 0x064c0000)
 tenured generation   total 60556K, used 44477K [0x24a00000, 0x28523000, 0x64a00000)
   the space 60556K,  73% used [0x24a00000, 0x2756f538, 0x2756f600, 0x28523000)
 Metaspace       used 43420K, capacity 44787K, committed 44800K, reserved 45440K
}

Deoptimization events (0 events):
No events

Classes redefined (0 events):
No events

Internal exceptions (10 events):
Event: 30.185 Thread 0x66d91c00 Exception <a 'java/lang/ArrayIndexOutOfBoundsException'> (0x04a07290) thrown at [C:\jenkins\workspace\8-2-build-windows-i586-cygwin\jdk8u251\737\hotspot\src\share\vm\runtime\sharedRuntime.cpp, line 605]
Event: 30.185 Thread 0x66d91c00 Exception <a 'java/lang/ArrayIndexOutOfBoundsException'> (0x04a08ae0) thrown at [C:\jenkins\workspace\8-2-build-windows-i586-cygwin\jdk8u251\737\hotspot\src\share\vm\runtime\sharedRuntime.cpp, line 605]
Event: 30.185 Thread 0x66d91c00 Exception <a 'java/lang/ArrayIndexOutOfBoundsException'> (0x04a0a1b0) thrown at [C:\jenkins\workspace\8-2-build-windows-i586-cygwin\jdk8u251\737\hotspot\src\share\vm\runtime\sharedRuntime.cpp, line 605]
Event: 30.187 Thread 0x66d91c00 Exception <a 'java/lang/ArrayIndexOutOfBoundsException'> (0x04a320d0) thrown at [C:\jenkins\workspace\8-2-build-windows-i586-cygwin\jdk8u251\737\hotspot\src\share\vm\runtime\sharedRuntime.cpp, line 605]
Event: 30.321 Thread 0x67703800 Exception <a 'java/lang/ArrayIndexOutOfBoundsException'> (0x04f2c208) thrown at [C:\jenkins\workspace\8-2-build-windows-i586-cygwin\jdk8u251\737\hotspot\src\share\vm\runtime\sharedRuntime.cpp, line 605]
Event: 30.321 Thread 0x67703800 Exception <a 'java/lang/ArrayIndexOutOfBoundsException'> (0x04f2dab8) thrown at [C:\jenkins\workspace\8-2-build-windows-i586-cygwin\jdk8u251\737\hotspot\src\share\vm\runtime\sharedRuntime.cpp, line 605]
Event: 30.321 Thread 0x67703800 Exception <a 'java/lang/ArrayIndexOutOfBoundsException'> (0x04f375b0) thrown at [C:\jenkins\workspace\8-2-build-windows-i586-cygwin\jdk8u251\737\hotspot\src\share\vm\runtime\sharedRuntime.cpp, line 605]
Event: 30.345 Thread 0x67700400 Exception <a 'java/lang/ArrayIndexOutOfBoundsException'> (0x04dc62c0) thrown at [C:\jenkins\workspace\8-2-build-windows-i586-cygwin\jdk8u251\737\hotspot\src\share\vm\runtime\sharedRuntime.cpp, line 605]
Event: 30.349 Thread 0x67700400 Exception <a 'java/lang/ArrayIndexOutOfBoundsException'> (0x04f4ef98) thrown at [C:\jenkins\workspace\8-2-build-windows-i586-cygwin\jdk8u251\737\hotspot\src\share\vm\runtime\sharedRuntime.cpp, line 605]
Event: 30.609 Thread 0x67702400 Exception <a 'java/lang/ArrayIndexOutOfBoundsException'> (0x053bce08) thrown at [C:\jenkins\workspace\8-2-build-windows-i586-cygwin\jdk8u251\737\hotspot\src\share\vm\runtime\sharedRuntime.cpp, line 605]

Events (10 events):
Event: 30.857 loading class org/gradle/internal/execution/history/impl/FingerprintMapSerializer$1 done
Event: 30.858 loading class org/objectweb/asm/Label
Event: 30.858 loading class org/objectweb/asm/Label done
Event: 30.858 loading class org/objectweb/asm/Handler
Event: 30.858 loading class org/objectweb/asm/Handler done
Event: 30.859 loading class org/objectweb/asm/Opcodes
Event: 30.859 loading class org/objectweb/asm/Opcodes done
Event: 30.865 Executing VM operation: GenCollectForAllocation
Event: 30.874 Executing VM operation: GenCollectForAllocation done
Event: 30.874 Executing VM operation: BulkRevokeBias


Dynamic libraries:
0x00e30000 - 0x00e63000 	C:\Program Files\JAVA\jdk1.8.0_251\bin\java.exe
0x77640000 - 0x777e2000 	C:\WINDOWS\SYSTEM32\ntdll.dll
0x75de0000 - 0x75ed0000 	C:\WINDOWS\System32\KERNEL32.DLL
0x77220000 - 0x77433000 	C:\WINDOWS\System32\KERNELBASE.dll
0x6d080000 - 0x6d11f000 	C:\WINDOWS\SYSTEM32\apphelp.dll
0x76080000 - 0x760f9000 	C:\WINDOWS\System32\ADVAPI32.dll
0x76ca0000 - 0x76d5f000 	C:\WINDOWS\System32\msvcrt.dll
0x75d60000 - 0x75dd5000 	C:\WINDOWS\System32\sechost.dll
0x75ca0000 - 0x75d5a000 	C:\WINDOWS\System32\RPCRT4.dll
0x759e0000 - 0x75b73000 	C:\WINDOWS\System32\USER32.dll
0x761f0000 - 0x76208000 	C:\WINDOWS\System32\win32u.dll
0x75570000 - 0x75593000 	C:\WINDOWS\System32\GDI32.dll
0x77540000 - 0x7761a000 	C:\WINDOWS\System32\gdi32full.dll
0x76d60000 - 0x76ddb000 	C:\WINDOWS\System32\msvcp_win.dll
0x75b80000 - 0x75ca0000 	C:\WINDOWS\System32\ucrtbase.dll
0x6f630000 - 0x6f840000 	C:\WINDOWS\WinSxS\x86_microsoft.windows.common-controls_6595b64144ccf1df_6.0.19041.1_none_fd031af45b0106f2\COMCTL32.dll
0x76de0000 - 0x76e05000 	C:\WINDOWS\System32\IMM32.DLL
0x6d3b0000 - 0x6d46f000 	C:\Program Files\JAVA\jdk1.8.0_251\jre\bin\msvcr100.dll
0x6b660000 - 0x6ba39000 	C:\Program Files\JAVA\jdk1.8.0_251\jre\bin\client\jvm.dll
0x761e0000 - 0x761e6000 	C:\WINDOWS\System32\PSAPI.DLL
0x709a0000 - 0x709a8000 	C:\WINDOWS\SYSTEM32\WSOCK32.dll
0x74740000 - 0x74768000 	C:\WINDOWS\SYSTEM32\WINMM.dll
0x75440000 - 0x75448000 	C:\WINDOWS\SYSTEM32\VERSION.dll
0x76e10000 - 0x76e73000 	C:\WINDOWS\System32\WS2_32.dll
0x6d3a0000 - 0x6d3ac000 	C:\Program Files\JAVA\jdk1.8.0_251\jre\bin\verify.dll
0x6d370000 - 0x6d391000 	C:\Program Files\JAVA\jdk1.8.0_251\jre\bin\java.dll
0x6d350000 - 0x6d364000 	C:\Program Files\JAVA\jdk1.8.0_251\jre\bin\zip.dll
0x76270000 - 0x76819000 	C:\WINDOWS\System32\SHELL32.dll
0x74130000 - 0x74737000 	C:\WINDOWS\SYSTEM32\windows.storage.dll
0x768a0000 - 0x76b20000 	C:\WINDOWS\System32\combase.dll
0x74100000 - 0x74123000 	C:\WINDOWS\SYSTEM32\Wldp.dll
0x76bc0000 - 0x76c47000 	C:\WINDOWS\System32\SHCORE.dll
0x76c50000 - 0x76c95000 	C:\WINDOWS\System32\shlwapi.dll
0x72c20000 - 0x72c38000 	C:\WINDOWS\SYSTEM32\profapi.dll
0x6d330000 - 0x6d346000 	C:\Program Files\JAVA\jdk1.8.0_251\jre\bin\net.dll
0x72a10000 - 0x72a62000 	C:\WINDOWS\system32\mswsock.dll
0x6d320000 - 0x6d32f000 	C:\Program Files\JAVA\jdk1.8.0_251\jre\bin\nio.dll
0x6d2f0000 - 0x6d311000 	C:\Users\surya\.gradle\native\30\windows-i386\native-platform.dll
0x6d2e0000 - 0x6d2ea000 	C:\Program Files\JAVA\jdk1.8.0_251\jre\bin\management.dll
0x71d70000 - 0x71d83000 	C:\WINDOWS\SYSTEM32\CRYPTSP.dll
0x71d40000 - 0x71d6f000 	C:\WINDOWS\system32\rsaenh.dll
0x76ba0000 - 0x76bb9000 	C:\WINDOWS\System32\bcrypt.dll
0x75450000 - 0x75475000 	C:\WINDOWS\SYSTEM32\USERENV.dll
0x76f30000 - 0x76f8c000 	C:\WINDOWS\System32\bcryptprimitives.dll
0x71d30000 - 0x71d3a000 	C:\WINDOWS\SYSTEM32\CRYPTBASE.dll
0x75480000 - 0x754b2000 	C:\WINDOWS\SYSTEM32\IPHLPAPI.DLL
0x77210000 - 0x77217000 	C:\WINDOWS\System32\NSI.dll
0x71300000 - 0x71314000 	C:\WINDOWS\SYSTEM32\dhcpcsvc6.DLL
0x711c0000 - 0x711d6000 	C:\WINDOWS\SYSTEM32\dhcpcsvc.DLL
0x72980000 - 0x72a10000 	C:\WINDOWS\SYSTEM32\DNSAPI.dll
0x6d2c0000 - 0x6d2e0000 	C:\Program Files\JAVA\jdk1.8.0_251\jre\bin\sunec.dll
0x72970000 - 0x72978000 	C:\Windows\System32\rasadhlp.dll
0x72910000 - 0x72968000 	C:\WINDOWS\System32\fwpuclnt.dll
0x6d2b0000 - 0x6d2ba000 	C:\Program Files\JAVA\jdk1.8.0_251\jre\bin\sunmscapi.dll
0x77110000 - 0x7720f000 	C:\WINDOWS\System32\CRYPT32.dll
0x701d0000 - 0x701f1000 	C:\WINDOWS\SYSTEM32\ncrypt.dll
0x70200000 - 0x70228000 	C:\WINDOWS\SYSTEM32\NTASN1.dll

VM Arguments:
jvm_args: -Xmx1536M -Dfile.encoding=windows-1252 -Duser.country=IN -Duser.language=en -Duser.variant 
java_command: org.gradle.launcher.daemon.bootstrap.GradleDaemon 5.6.2
java_class_path (initial): C:\Users\surya\.gradle\wrapper\dists\gradle-5.6.2-all\9st6wgf78h16so49nn74lgtbb\gradle-5.6.2\lib\gradle-launcher-5.6.2.jar
Launcher Type: SUN_STANDARD

Environment Variables:
JAVA_HOME=C:\Program Files\JAVA\jdk1.8.0_251
CLASSPATH=D:\flutter_projects\uiux\android\\gradle\wrapper\gradle-wrapper.jar
PATH=C:\Program Files (x86)\Common Files\Oracle\Java\javapath;C:\Python27;C:\Program Files\Java\jdk-14.0.1;C:\WINDOWS\system32;C:\WINDOWS;C:\WINDOWS\System32\Wbem;C:\WINDOWS\System32\WindowsPowerShell\v1.0\;C:\WINDOWS\System32\OpenSSH\;C:\Program Files\Git\cmd;C:\Program Files\dotnet\;C:\Program Files\nodejs\;C:\Program Files (x86)\NVIDIA Corporation\PhysX\Common;C:\Program Files (x86)\Intel\Intel(R) Management Engine Components\DAL;C:\Program Files\Intel\Intel(R) Management Engine Components\DAL;%JDK_HOME%\bin;C:\sqlite3;C:\flutter\bin;C:\tools\dart-sdk\bin;C:\ProgramData\chocolatey\bin;C:\Program Files (x86)\Yarn\bin\;C:\WINDOWS\system32;C:\WINDOWS;C:\WINDOWS\System32\Wbem;C:\WINDOWS\System32\WindowsPowerShell\v1.0\;C:\WINDOWS\System32\OpenSSH\;C:\Users\surya\AppData\Local\Programs\Python\Python38-32\Scripts\;C:\Users\surya\AppData\Local\Programs\Python\Python38-32\;C:\Users\surya\AppData\Local\Microsoft\WindowsApps;C:\Users\surya\AppData\Local\Programs\Microsoft VS Code\bin;C:\Users\surya\AppData\Roaming\npm;C:\Python38\Scripts;C:\Python38;C:\flutter\bin;C:\Program Files\Java\jdk-14.0.1;C:\Program Files\Java\jdk-14.0.1\bin;C:\Users\surya\AppData\Local\GitHubDesktop\bin;C:\dart-sdk\bin;C:\tools\dart-sdk\bin;C:\Users\surya\AppData\Roaming\Pub\Cache\bin;C:\Users\surya\AppData\Local\Yarn\bin;%USERPROFILE%\AppData\Local\Microsoft\WindowsApps;;C:\flutter\bin\mingit\cmd
USERNAME=surya
OS=Windows_NT
PROCESSOR_IDENTIFIER=Intel64 Family 6 Model 142 Stepping 10, GenuineIntel



---------------  S Y S T E M  ---------------

OS: Windows 10.0 , 64 bit Build 19041 (10.0.19041.292)

CPU:total 8 (initial active 8) (4 cores per cpu, 2 threads per core) family 6 model 142 stepping 10, cmov, cx8, fxsr, mmx, sse, sse2, sse3, ssse3, sse4.1, sse4.2, popcnt, avx, avx2, aes, clmul, erms, 3dnowpref, lzcnt, ht, tsc, tscinvbit, bmi1, bmi2, adx

Memory: 4k page, physical 8039312k(1003932k free), swap 9961360k(1024k free)

vm_info: Java HotSpot(TM) Client VM (25.251-b08) for windows-x86 JRE (1.8.0_251-b08), built on Mar 12 2020 06:33:01 by "" with MS VC++ 10.0 (VS2010)

time: Sun Aug 09 01:31:01 2020
timezone: India Standard Time
elapsed time: 31 seconds (0d 0h 0m 31s)

