#
# There is insufficient memory for the Java Runtime Environment to continue.
# Native memory allocation (malloc) failed to allocate 1048576 bytes for AllocateHeap
# Possible reasons:
#   The system is out of physical RAM or swap space
#   The process is running with CompressedOops enabled, and the Java Heap may be blocking the growth of the native heap
# Possible solutions:
#   Reduce memory load on the system
#   Increase physical memory or swap space
#   Check if swap backing store is full
#   Decrease Java heap size (-Xmx/-Xms)
#   Decrease number of Java threads
#   Decrease Java thread stack sizes (-Xss)
#   Set larger code cache with -XX:ReservedCodeCacheSize=
#   JVM is running with Unscaled Compressed Oops mode in which the Java heap is
#     placed in the first 4GB address space. The Java Heap base address is the
#     maximum limit for the native heap growth. Please use -XX:HeapBaseMinAddress
#     to set the Java Heap base and to place the Java Heap above 4GB virtual address.
# This output file may be truncated or incomplete.
#
#  Out of Memory Error (memory/allocation.inline.hpp:61), pid=10820, tid=0x0000000000003774
#
# JRE version:  (8.0_242-b01) (build )
# Java VM: OpenJDK 64-Bit Server VM (25.242-b01 mixed mode windows-amd64 compressed oops)
# Failed to write core dump. Minidumps are not enabled by default on client versions of Windows
#

---------------  T H R E A D  ---------------

Current thread (0x00000000029ae000):  JavaThread "Unknown thread" [_thread_in_vm, id=14196, stack(0x0000000002890000,0x0000000002990000)]

Stack: [0x0000000002890000,0x0000000002990000]
[error occurred during error reporting (printing stack bounds), id 0xc0000005]

Native frames: (J=compiled Java code, j=interpreted, Vv=VM code, C=native code)


---------------  P R O C E S S  ---------------

Java Threads: ( => current thread )

Other Threads:

=>0x00000000029ae000 (exited) JavaThread "Unknown thread" [_thread_in_vm, id=14196, stack(0x0000000002890000,0x0000000002990000)]

VM state:not at safepoint (normal execution)

VM Mutex/Monitor currently owned by a thread: None

heap address: 0x0000000085400000, size: 1964 MB, Compressed Oops mode: 32-bit
Narrow klass base: 0x0000000000000000, Narrow klass shift: 3
Compressed class space size: 1073741824 Address: 0x0000000100000000

Heap:
 PSYoungGen      total 36864K, used 634K [0x00000000d7180000, 0x00000000d9a80000, 0x0000000100000000)
  eden space 31744K, 2% used [0x00000000d7180000,0x00000000d721eb90,0x00000000d9080000)
  from space 5120K, 0% used [0x00000000d9580000,0x00000000d9580000,0x00000000d9a80000)
  to   space 5120K, 0% used [0x00000000d9080000,0x00000000d9080000,0x00000000d9580000)
 ParOldGen       total 84992K, used 0K [0x0000000085400000, 0x000000008a700000, 0x00000000d7180000)
  object space 84992K, 0% used [0x0000000085400000,0x0000000085400000,0x000000008a700000)
 Metaspace       used 779K, capacity 4480K, committed 4480K, reserved 1056768K
  class space    used 74K, capacity 384K, committed 384K, reserved 1048576K

Card table byte_map: [0x0000000011ea0000,0x0000000012280000] byte_map_base: 0x0000000011a76000

Marking Bits: (ParMarkBitMap*) 0x000000005dd5f030
 Begin Bits: [0x0000000012d10000, 0x0000000014bc0000)
 End Bits:   [0x0000000014bc0000, 0x0000000016a70000)

Polling page: 0x0000000000b40000

CodeCache: size=245760Kb used=328Kb max_used=328Kb free=245431Kb
 bounds [0x0000000002ae0000, 0x0000000002d50000, 0x0000000011ae0000]
 total_blobs=57 nmethods=0 adapters=38
 compilation: enabled

Compilation events (0 events):
No events

GC Heap History (0 events):
No events

Deoptimization events (0 events):
No events

Classes redefined (0 events):
No events

Internal exceptions (0 events):
No events

Events (10 events):
Event: 0.019 loading class java/lang/Short
Event: 0.019 loading class java/lang/Short done
Event: 0.019 loading class java/lang/Integer
Event: 0.019 loading class java/lang/Integer done
Event: 0.019 loading class java/lang/Long
Event: 0.019 loading class java/lang/Long done
Event: 0.019 loading class java/lang/NullPointerException
Event: 0.019 loading class java/lang/NullPointerException done
Event: 0.019 loading class java/lang/ArithmeticException
Event: 0.019 loading class java/lang/ArithmeticException done


Dynamic libraries:
0x00007ff7e50a0000 - 0x00007ff7e50d1000 	C:\Program Files\Android\Android Studio\jre\bin\java.EXE
0x00007ffe20850000 - 0x00007ffe20a44000 	C:\WINDOWS\SYSTEM32\ntdll.dll
0x00007ffe20060000 - 0x00007ffe2011d000 	C:\WINDOWS\System32\KERNEL32.DLL
0x00007ffe1e0d0000 - 0x00007ffe1e397000 	C:\WINDOWS\System32\KERNELBASE.dll
0x00007ffe1e8c0000 - 0x00007ffe1e96a000 	C:\WINDOWS\System32\ADVAPI32.dll
0x00007ffe1ebd0000 - 0x00007ffe1ec6e000 	C:\WINDOWS\System32\msvcrt.dll
0x00007ffe20690000 - 0x00007ffe2072b000 	C:\WINDOWS\System32\sechost.dll
0x00007ffe1f730000 - 0x00007ffe1f853000 	C:\WINDOWS\System32\RPCRT4.dll
0x00007ffe1f530000 - 0x00007ffe1f6d0000 	C:\WINDOWS\System32\USER32.dll
0x00007ffe1e3a0000 - 0x00007ffe1e3c2000 	C:\WINDOWS\System32\win32u.dll
0x00007ffe20190000 - 0x00007ffe201ba000 	C:\WINDOWS\System32\GDI32.dll
0x00007ffe1e5d0000 - 0x00007ffe1e6da000 	C:\WINDOWS\System32\gdi32full.dll
0x00007ffe1e3d0000 - 0x00007ffe1e46d000 	C:\WINDOWS\System32\msvcp_win.dll
0x00007ffe1e470000 - 0x00007ffe1e570000 	C:\WINDOWS\System32\ucrtbase.dll
0x00007ffe0ad40000 - 0x00007ffe0afda000 	C:\WINDOWS\WinSxS\amd64_microsoft.windows.common-controls_6595b64144ccf1df_6.0.19041.1_none_b555e41d4684ddec\COMCTL32.dll
0x00007ffe204b0000 - 0x00007ffe204e0000 	C:\WINDOWS\System32\IMM32.DLL
0x000000005d3d0000 - 0x000000005d4a2000 	C:\Program Files\Android\Android Studio\jre\jre\bin\msvcr100.dll
0x000000005d590000 - 0x000000005dddb000 	C:\Program Files\Android\Android Studio\jre\jre\bin\server\jvm.dll
0x00007ffe1f860000 - 0x00007ffe1f868000 	C:\WINDOWS\System32\PSAPI.DLL
0x00007ffe0d650000 - 0x00007ffe0d659000 	C:\WINDOWS\SYSTEM32\WSOCK32.dll
0x00007ffe0eff0000 - 0x00007ffe0f017000 	C:\WINDOWS\SYSTEM32\WINMM.dll
0x00007ffe15a40000 - 0x00007ffe15a4a000 	C:\WINDOWS\SYSTEM32\VERSION.dll
0x00007ffe20120000 - 0x00007ffe2018b000 	C:\WINDOWS\System32\WS2_32.dll
0x00007ffe0d640000 - 0x00007ffe0d64f000 	C:\Program Files\Android\Android Studio\jre\jre\bin\verify.dll
0x00007ffdfe710000 - 0x00007ffdfe739000 	C:\Program Files\Android\Android Studio\jre\jre\bin\java.dll
0x00007ffdef650000 - 0x00007ffdef666000 	C:\Program Files\Android\Android Studio\jre\jre\bin\zip.dll

VM Arguments:
java_command: <unknown>
java_class_path (initial): .
Launcher Type: SUN_STANDARD

Environment Variables:
JAVA_HOME=C:\Program Files\JAVA\jdk1.8.0_251
PATH=C:\Program Files (x86)\Common Files\Oracle\Java\javapath;C:\Python27;C:\Program Files\Java\jdk-14.0.1;C:\WINDOWS\system32;C:\WINDOWS;C:\WINDOWS\System32\Wbem;C:\WINDOWS\System32\WindowsPowerShell\v1.0\;C:\WINDOWS\System32\OpenSSH\;C:\Program Files\Git\cmd;C:\Program Files\dotnet\;C:\Program Files\nodejs\;C:\Program Files (x86)\NVIDIA Corporation\PhysX\Common;C:\Program Files (x86)\Intel\Intel(R) Management Engine Components\DAL;C:\Program Files\Intel\Intel(R) Management Engine Components\DAL;%JDK_HOME%\bin;C:\sqlite3;C:\flutter\bin;C:\tools\dart-sdk\bin;C:\ProgramData\chocolatey\bin;C:\Program Files (x86)\Yarn\bin\;C:\WINDOWS\system32;C:\WINDOWS;C:\WINDOWS\System32\Wbem;C:\WINDOWS\System32\WindowsPowerShell\v1.0\;C:\WINDOWS\System32\OpenSSH\;C:\Users\surya\AppData\Local\Programs\Python\Python38-32\Scripts\;C:\Users\surya\AppData\Local\Programs\Python\Python38-32\;C:\Users\surya\AppData\Local\Microsoft\WindowsApps;C:\Users\surya\AppData\Local\Programs\Microsoft VS Code\bin;C:\Users\surya\AppData\Roaming\npm;C:\Python38\Scripts;C:\Python38;C:\flutter\bin;C:\Program Files\Java\jdk-14.0.1;C:\Program Files\Java\jdk-14.0.1\bin;C:\Users\surya\AppData\Local\GitHubDesktop\bin;C:\dart-sdk\bin;C:\tools\dart-sdk\bin;C:\Users\surya\AppData\Roaming\Pub\Cache\bin;C:\Users\surya\AppData\Local\Yarn\bin;%USERPROFILE%\AppData\Local\Microsoft\WindowsApps;;C:\flutter\bin\mingit\cmd
USERNAME=surya
OS=Windows_NT
PROCESSOR_IDENTIFIER=Intel64 Family 6 Model 142 Stepping 10, GenuineIntel



---------------  S Y S T E M  ---------------

OS: Windows 10.0 , 64 bit Build 19041 (10.0.19041.292)

CPU:total 8 (initial active 8) (4 cores per cpu, 2 threads per core) family 6 model 142 stepping 10, cmov, cx8, fxsr, mmx, sse, sse2, sse3, ssse3, sse4.1, sse4.2, popcnt, avx, avx2, aes, clmul, erms, 3dnowpref, lzcnt, ht, tsc, tscinvbit, bmi1, bmi2, adx

Memory: 4k page, physical 8039312k(1228116k free), swap 9961356k(24268k free)

vm_info: OpenJDK 64-Bit Server VM (25.242-b01) for windows-amd64 JRE (1.8.0_242-release-1644-b01), built by "builder" with MS VC++ 10.0 (VS2010)

time: Sun Aug 09 01:30:23 2020
timezone: India Standard Time
elapsed time: 0 seconds (0d 0h 0m 0s)

